#
# A fatal error has been detected by the Java Runtime Environment:
#
#  Internal Error (os_windows_x86.cpp:144), pid=26844, tid=24036
#  guarantee(result == EXCEPTION_CONTINUE_EXECUTION) failed: Unexpected result from topLevelExceptionFilter
#
# JRE version: OpenJDK Runtime Environment Temurin-21.0.7+6 (21.0.7+6) (build 21.0.7+6-LTS)
# Java VM: OpenJDK 64-Bit Server VM Temurin-21.0.7+6 (21.0.7+6-LTS, mixed mode, sharing, tiered, compressed oops, compressed class ptrs, g1 gc, windows-amd64)
# No core dump will be written. Minidumps are not enabled by default on client versions of Windows
#
# If you would like to submit a bug report, please visit:
#   https://github.com/adoptium/adoptium-support/issues
# The crash happened outside the Java Virtual Machine in native code.
# See problematic frame for where to report the bug.
#

---------------  S U M M A R Y ------------

Command Line: 

Host: 11th Gen Intel(R) Core(TM) i7-1165G7 @ 2.80GHz, 8 cores, 15G,  Windows 10 , 64 bit Build 19041 (10.0.19041.6807)
Time: Sat Mar 28 15:36:49 2026 Eastern Daylight Time elapsed time: 1066.072897 seconds (0d 0h 17m 46s)

---------------  T H R E A D  ---------------

Current thread (0x0000026737bfcb60):  JavaThread "Python Reference Queue" daemon [_thread_in_native, id=24036, stack(0x00000091cc7d0000,0x00000091cc9c0000) (1984K)]

Stack: [0x00000091cc7d0000,0x00000091cc9c0000]
Native frames: (J=compiled Java code, j=interpreted, Vv=VM code, C=native code)
C  0x00007fffcf39e119
C  0x00007fffcf5784a1
C  0x00007fffcf57a9ce
C  0x00007fffcf57b067
C  0x00007fffcef4f827
C  0x00007fffcf39db03
C  [ntdll.dll+0xa2a1f]
C  [ntdll.dll+0x52554]
C  [ntdll.dll+0xa152e]
C  [tcl86t.dll+0xe8b9d]
C  [tcl86t.dll+0xe8bd2]
C  [tcl86t.dll+0x12de4]
C  [tcl86t.dll+0x154f3]
C  [_tkinter.pyd+0x4963]
C  [python311.dll+0x15f286]  subtype_dealloc+0x3b6  (typeobject.c:1433)
C  [python311.dll+0x15f286]  subtype_dealloc+0x3b6  (typeobject.c:1433)
C  [python311.dll+0x110972]  dict_dealloc+0x212  (dictobject.c:2378)
C  [python311.dll+0x125f9f]  func_clear+0x2f  (funcobject.c:688)
C  [python311.dll+0x126102]  func_dealloc+0x42  (funcobject.c:715)
C  [python311.dll+0x10d16b]  dictkeys_decref+0x6b  (dictobject.c:324)
C  [python311.dll+0x11002b]  PyDict_Clear+0xeb  (dictobject.c:2108)
C  [python311.dll+0x16376f]  type_clear+0x1f  (typeobject.c:4368)
C  [python311.dll+0x76413]  delete_garbage+0x133  (gcmodule.c:1014)
C  [python311.dll+0x76b54]  gc_collect_main+0x584  (gcmodule.c:1291)
C  [python311.dll+0x77155]  gc_collect_with_callback+0x45  (gcmodule.c:1401)
C  [python311.dll+0x78124]  PyGC_Collect+0x94  (gcmodule.c:2087)
C  0x00007ff884f39d87
C  0x000002674645cf4b

The last pc belongs to native method entry point (kind = native) (printed below).
Java frames: (J=compiled Java code, j=interpreted, Vv=VM code)
j  org.jpype.ref.JPypeReferenceNative.wake()V+0
j  org.jpype.ref.JPypeReferenceQueue$Worker.run()V+42
j  java.lang.Thread.runWith(Ljava/lang/Object;Ljava/lang/Runnable;)V+5 java.base@21.0.7
j  java.lang.Thread.run()V+19 java.base@21.0.7
v  ~StubRoutines::call_stub 0x00000267464510e7
native method entry point (kind = native)  [0x000002674645cb20, 0x000002674645d748]  3112 bytes
[MachCode]
  0x000002674645cb20: 488b 4b08 | 0fb7 492e | 584c 8d74 | ccf8 6800 | 0000 0068 | 0000 0000 | 5055 488b | ec41 5568 
  0x000002674645cb40: 0000 0000 | 4c8b 6b08 | 4d8d 6d38 | 5348 8b53 | 0848 8b52 | 0848 8b52 | 1848 8b52 | 7048 8b12 
  0x000002674645cb60: 5248 8b53 | 1048 85d2 | 0f84 0700 | 0000 4881 | c208 0100 | 0052 488b | 5308 488b | 5208 488b 
  0x000002674645cb80: 5210 5249 | 8bc6 482b | c548 c1e8 | 0350 6800 | 0000 0068 | 0000 0000 | 4889 2424 | 41c6 8771 
  0x000002674645cba0: 0400 0001 | 488b 4310 | 4885 c074 | 208b 88cc | 0000 0083 | c102 8988 | cc00 0000 | 2388 e000 
  0x000002674645cbc0: 0000 0f84 | cb0a 0000 | e9cf 0000 | 0048 8b43 | 1848 85c0 | 0f85 b000 | 0000 e805 | 0000 00e9 
  0x000002674645cbe0: 9900 0000 | 488b d348 | 8d44 2408 | 4c89 6dc0 | 498b cfc5 | f877 4989 | afa8 0300 | 0049 8987 
  0x000002674645cc00: 9803 0000 | 4883 ec20 | 40f6 c40f | 0f84 1900 | 0000 4883 | ec08 48b8 | 9051 0acf | ff7f 0000 
  0x000002674645cc20: ffd0 4883 | c408 e90c | 0000 0048 | b890 510a | cfff 7f00 | 00ff d048 | 83c4 2049 | c787 9803 
  0x000002674645cc40: 0000 0000 | 0000 49c7 | 87a8 0300 | 0000 0000 | 0049 c787 | a003 0000 | 0000 0000 | c5f8 7749 
  0x000002674645cc60: 837f 0800 | 0f84 0500 | 0000 e991 | 42ff ff4c | 8b6d c04c | 8b75 c84e | 8d74 f500 | c348 8b43 
  0x000002674645cc80: 1848 85c0 | 0f84 1200 | 0000 8b48 | 0883 c102 | 8948 0823 | 481c 0f84 | f709 0000 | 493b a7e0 
  0x000002674645cca0: 0400 000f | 8748 0000 | 0089 8424 | 00f0 ffff | 8984 2400 | e0ff ff89 | 8424 00d0 | ffff 8984 
  0x000002674645ccc0: 2400 c0ff | ff89 8424 | 00b0 ffff | 8984 2400 | a0ff ff89 | 8424 0090 | ffff 8984 | 2400 80ff 
  0x000002674645cce0: ff49 3ba7 | d804 0000 | 7607 4989 | a7e0 0400 | 0041 c687 | 7104 0000 | 0049 ba3d | 5b96 cfff 
  0x000002674645cd00: 7f00 0041 | 803a 000f | 843e 0000 | 0048 8b55 | e849 8bcf | 4883 ec20 | 40f6 c40f | 0f84 1900 
  0x000002674645cd20: 0000 4883 | ec08 48b8 | 504b 40cf | ff7f 0000 | ffd0 4883 | c408 e90c | 0000 0048 | b850 4b40 
  0x000002674645cd40: cfff 7f00 | 00ff d048 | 83c4 2048 | 8b5d e84c | 8b5b 0845 | 0fb7 5b2e | 41c1 e303 | 492b e348 
  0x000002674645cd60: 83ec 2048 | 83e4 f04c | 8b5b 604d | 85db 0f85 | ab00 0000 | e805 0000 | 00e9 9900 | 0000 488b 
  0x000002674645cd80: d348 8d44 | 2408 4c89 | 6dc0 498b | cfc5 f877 | 4989 afa8 | 0300 0049 | 8987 9803 | 0000 4883 
  0x000002674645cda0: ec20 40f6 | c40f 0f84 | 1900 0000 | 4883 ec08 | 48b8 a078 | 0acf ff7f | 0000 ffd0 | 4883 c408 
  0x000002674645cdc0: e90c 0000 | 0048 b8a0 | 780a cfff | 7f00 00ff | d048 83c4 | 2049 c787 | 9803 0000 | 0000 0000 
  0x000002674645cde0: 49c7 87a8 | 0300 0000 | 0000 0049 | c787 a003 | 0000 0000 | 0000 c5f8 | 7749 837f | 0800 0f84 
  0x000002674645ce00: 0500 0000 | e9f7 40ff | ff4c 8b6d | c04c 8b75 | c84e 8d74 | f500 c348 | 8b5d e84c | 8b5b 6041 
  0x000002674645ce20: ffd3 488b | 5de8 4889 | 4518 448b | 5b28 41f6 | c308 0f84 | 1b00 0000 | 4c8b 5b08 | 4d8b 5b08 
  0x000002674645ce40: 4d8b 5b18 | 4d8b 5b70 | 4d8b 1b4c | 895d 1048 | 8d55 1048 | 8b43 5849 | baa0 a040 | cfff 7f00 
  0x000002674645ce60: 0049 3bc2 | 0f85 ab00 | 0000 e805 | 0000 00e9 | 9900 0000 | 488b d348 | 8d44 2408 | 4c89 6dc0 
  0x000002674645ce80: 498b cfc5 | f877 4989 | afa8 0300 | 0049 8987 | 9803 0000 | 4883 ec20 | 40f6 c40f | 0f84 1900 
  0x000002674645cea0: 0000 4883 | ec08 48b8 | a078 0acf | ff7f 0000 | ffd0 4883 | c408 e90c | 0000 0048 | b8a0 780a 
  0x000002674645cec0: cfff 7f00 | 00ff d048 | 83c4 2049 | c787 9803 | 0000 0000 | 0000 49c7 | 87a8 0300 | 0000 0000 
  0x000002674645cee0: 0049 c787 | a003 0000 | 0000 0000 | c5f8 7749 | 837f 0800 | 0f84 0500 | 0000 e901 | 40ff ff4c 
  0x000002674645cf00: 8b6d c04c | 8b75 c84e | 8d74 f500 | c348 8b5d | e848 8b43 | 5849 8d8f | b803 0000 | c5f8 7749 
  0x000002674645cf20: 89af a803 | 0000 49ba | 1ccf 4546 | 6702 0000 | 4d89 97a0 | 0300 0049 | 89a7 9803 | 0000 41c7 
  0x000002674645cf40: 8744 0400 | 0004 0000 | 00ff d0c5 | f877 4883 | ec10 c5fb | 1104 2448 | 83ec 1048 | 8904 2448 
  0x000002674645cf60: c744 2408 | 0000 0000 | 41c7 8744 | 0400 0005 | 0000 00f0 | 8344 24c0 | 0049 3baf | 4804 0000 
  0x000002674645cf80: 0f87 0e00 | 0000 4183 | bf40 0400 | 0000 0f84 | 2000 0000 | 498b cf4c | 8be4 4883 | ec20 4883 
  0x000002674645cfa0: e4f0 48b8 | 00d1 0bcf | ff7f 0000 | ffd0 498b | e44d 33e4 | 41c7 8744 | 0400 0008 | 0000 0049 
  0x000002674645cfc0: c787 9803 | 0000 0000 | 0000 49c7 | 87a8 0300 | 0000 0000 | 0049 c787 | a003 0000 | 0000 0000 
  0x000002674645cfe0: c5f8 774d | 8b9f 2804 | 0000 41c7 | 8300 0100 | 0000 0000 | 0049 bbda | a345 4667 | 0200 004c 
  0x000002674645d000: 3b5d 180f | 8524 0300 | 0048 8b04 | 2448 83c4 | 1048 85c0 | 0f84 fe02 | 0000 a803 | 0f85 0800 
  0x000002674645d020: 0000 488b | 00e9 ee02 | 0000 a801 | 0f85 0900 | 0000 488b | 40fe e9dd | 0200 0048 | 8b40 ff41 
  0x000002674645d040: 807f 4000 | 0f84 ce02 | 0000 4883 | f800 0f84 | c402 0000 | 4d8b 5f28 | 4983 fb00 | 0f84 1400 
  0x000002674645d060: 0000 4983 | eb08 4d89 | 5f28 4d03 | 5f38 4989 | 03e9 a202 | 0000 4881 | ec50 0100 | 0048 8904 
  0x000002674645d080: 2448 894c | 2408 4889 | 5424 1048 | 8974 2418 | 4889 7c24 | 204c 8944 | 2428 4c89 | 4c24 304c 
  0x000002674645d0a0: 8954 2438 | 4c89 5c24 | 40c5 fb11 | 4424 50c5 | fb11 4c24 | 58c5 fb11 | 5424 60c5 | fb11 5c24 
  0x000002674645d0c0: 68c5 fb11 | 6424 70c5 | fb11 6c24 | 78c5 fb11 | b424 8000 | 0000 c5fb | 11bc 2488 | 0000 00c5 
  0x000002674645d0e0: 7b11 8424 | 9000 0000 | c57b 118c | 2498 0000 | 00c5 7b11 | 9424 a000 | 0000 c57b | 119c 24a8 
  0x000002674645d100: 0000 00c5 | 7b11 a424 | b000 0000 | c57b 11ac | 24b8 0000 | 00c5 7b11 | b424 c000 | 0000 c57b 
  0x000002674645d120: 11bc 24c8 | 0000 0062 | e1ff 0811 | 4424 1a62 | e1ff 0811 | 4c24 1b62 | e1ff 0811 | 5424 1c62 
  0x000002674645d140: e1ff 0811 | 5c24 1d62 | e1ff 0811 | 6424 1e62 | e1ff 0811 | 6c24 1f62 | e1ff 0811 | 7424 2062 
  0x000002674645d160: e1ff 0811 | 7c24 2162 | 61ff 0811 | 4424 2262 | 61ff 0811 | 4c24 2362 | 61ff 0811 | 5424 2462 
  0x000002674645d180: 61ff 0811 | 5c24 2562 | 61ff 0811 | 6424 2662 | 61ff 0811 | 6c24 2762 | 61ff 0811 | 7424 2862 
  0x000002674645d1a0: 61ff 0811 | 7c24 2949 | 8bd7 488b | c848 83ec | 2040 f6c4 | 0f0f 8419 | 0000 0048 | 83ec 0848 
  0x000002674645d1c0: b8c0 14ff | ceff 7f00 | 00ff d048 | 83c4 08e9 | 0c00 0000 | 48b8 c014 | ffce ff7f | 0000 ffd0 
  0x000002674645d1e0: 4883 c420 | 6261 ff08 | 107c 2429 | 6261 ff08 | 1074 2428 | 6261 ff08 | 106c 2427 | 6261 ff08 
  0x000002674645d200: 1064 2426 | 6261 ff08 | 105c 2425 | 6261 ff08 | 1054 2424 | 6261 ff08 | 104c 2423 | 6261 ff08 
  0x000002674645d220: 1044 2422 | 62e1 ff08 | 107c 2421 | 62e1 ff08 | 1074 2420 | 62e1 ff08 | 106c 241f | 62e1 ff08 
  0x000002674645d240: 1064 241e | 62e1 ff08 | 105c 241d | 62e1 ff08 | 1054 241c | 62e1 ff08 | 104c 241b | 62e1 ff08 
  0x000002674645d260: 1044 241a | c57b 10bc | 24c8 0000 | 00c5 7b10 | b424 c000 | 0000 c57b | 10ac 24b8 | 0000 00c5 
  0x000002674645d280: 7b10 a424 | b000 0000 | c57b 109c | 24a8 0000 | 00c5 7b10 | 9424 a000 | 0000 c57b | 108c 2498 
  0x000002674645d2a0: 0000 00c5 | 7b10 8424 | 9000 0000 | c5fb 10bc | 2488 0000 | 00c5 fb10 | b424 8000 | 0000 c5fb 
  0x000002674645d2c0: 106c 2478 | c5fb 1064 | 2470 c5fb | 105c 2468 | c5fb 1054 | 2460 c5fb | 104c 2458 | c5fb 1044 
  0x000002674645d2e0: 2450 4c8b | 5c24 404c | 8b54 2438 | 4c8b 4c24 | 304c 8b44 | 2428 488b | 7c24 2048 | 8b74 2418 
  0x000002674645d300: 488b 5424 | 1048 8b4c | 2408 488b | 0424 4881 | c450 0100 | 00c5 f877 | 4889 4510 | 4883 ec10 
  0x000002674645d320: 4889 0424 | 48c7 4424 | 0800 0000 | 0041 83bf | c004 0000 | 020f 85bf | 0000 0048 | 81ec 8000 
  0x000002674645d340: 0000 4889 | 4424 7848 | 894c 2470 | 4889 5424 | 6848 895c | 2460 4889 | 6c24 5048 | 8974 2448 
  0x000002674645d360: 4889 7c24 | 404c 8944 | 2438 4c89 | 4c24 304c | 8954 2428 | 4c89 5c24 | 204c 8964 | 2418 4c89 
  0x000002674645d380: 6c24 104c | 8974 2408 | 4c89 3c24 | 4c8b e448 | 83ec 2048 | 83e4 f048 | b830 8340 | cfff 7f00 
  0x000002674645d3a0: 00ff d049 | 8be4 4c8b | 3c24 4c8b | 7424 084c | 8b6c 2410 | 4c8b 6424 | 184c 8b5c | 2420 4c8b 
  0x000002674645d3c0: 5424 284c | 8b4c 2430 | 4c8b 4424 | 3848 8b7c | 2440 488b | 7424 4848 | 8b6c 2450 | 488b 5c24 
  0x000002674645d3e0: 6048 8b54 | 2468 488b | 4c24 7048 | 8b44 2478 | 4881 c480 | 0000 004d | 33e4 488b | 5de8 4c8b 
  0x000002674645d400: 6b08 4d8d | 6d38 4983 | 7f08 000f | 84bb 0000 | 00e8 0500 | 0000 e996 | 0000 0048 | 8d44 2408 
  0x000002674645d420: 4c89 6dc0 | 498b cfc5 | f877 4989 | afa8 0300 | 0049 8987 | 9803 0000 | 4883 ec20 | 40f6 c40f 
  0x000002674645d440: 0f84 1900 | 0000 4883 | ec08 48b8 | 4096 0acf | ff7f 0000 | ffd0 4883 | c408 e90c | 0000 0048 
  0x000002674645d460: b840 960a | cfff 7f00 | 00ff d048 | 83c4 2049 | c787 9803 | 0000 0000 | 0000 49c7 | 87a8 0300 
  0x000002674645d480: 0000 0000 | 0049 c787 | a003 0000 | 0000 0000 | c5f8 7749 | 837f 0800 | 0f84 0500 | 0000 e95d 
  0x000002674645d4a0: 3aff ff4c | 8b6d c04c | 8b75 c84e | 8d74 f500 | c348 b990 | 7f6c cfff | 7f00 0048 | 83e4 f048 
  0x000002674645d4c0: b8e0 442f | cfff 7f00 | 00ff d0f4 | 448b 5b28 | 41f6 c320 | 0f84 4401 | 0000 488d | 55a8 4c8b 
  0x000002674645d4e0: 5a08 4d85 | db0f 85bb | 0000 00e8 | 0500 0000 | e996 0000 | 0048 8d44 | 2408 4c89 | 6dc0 498b 
  0x000002674645d500: cfc5 f877 | 4989 afa8 | 0300 0049 | 8987 9803 | 0000 4883 | ec20 40f6 | c40f 0f84 | 1900 0000 
  0x000002674645d520: 4883 ec08 | 48b8 7095 | 0acf ff7f | 0000 ffd0 | 4883 c408 | e90c 0000 | 0048 b870 | 950a cfff 
  0x000002674645d540: 7f00 00ff | d048 83c4 | 2049 c787 | 9803 0000 | 0000 0000 | 49c7 87a8 | 0300 0000 | 0000 0049 
  0x000002674645d560: c787 a003 | 0000 0000 | 0000 c5f8 | 7749 837f | 0800 0f84 | 0500 0000 | e983 39ff | ff4c 8b6d 
  0x000002674645d580: c04c 8b75 | c84e 8d74 | f500 c348 | b990 7f6c | cfff 7f00 | 0048 83e4 | f048 b8e0 | 442f cfff 
  0x000002674645d5a0: 7f00 00ff | d0f4 4c89 | 6dc0 488d | 024c 8b4a | 0848 c742 | 0800 0000 | 004c 8b00 | 4d85 c00f 
  0x000002674645d5c0: 840b 0000 | 00f0 4d0f | b101 0f85 | 0c00 0000 | 49ff 8f48 | 0500 00e9 | 3e00 0000 | 4c89 4a08 
  0x000002674645d5e0: 488b ca48 | 83ec 2040 | f6c4 0f0f | 8419 0000 | 0048 83ec | 0848 b890 | 680a cfff | 7f00 00ff 
  0x000002674645d600: d048 83c4 | 08e9 0c00 | 0000 48b8 | 9068 0acf | ff7f 0000 | ffd0 4883 | c420 4c8b | 6dc0 49ba 
  0x000002674645d620: 3d5b 96cf | ff7f 0000 | 4180 3a00 | 0f84 3e00 | 0000 488b | 55e8 498b | cf48 83ec | 2040 f6c4 
  0x000002674645d640: 0f0f 8419 | 0000 0048 | 83ec 0848 | b850 4b40 | cfff 7f00 | 00ff d048 | 83c4 08e9 | 0c00 0000 
  0x000002674645d660: 48b8 504b | 40cf ff7f | 0000 ffd0 | 4883 c420 | 488b 0424 | 4883 c410 | c5fb 1004 | 2448 83c4 
  0x000002674645d680: 104c 8b5d | 1841 ffd3 | 4c8b 5df8 | c95f 498b | e3ff e7ba | 0000 0000 | e805 0000 | 00e9 9600 
  0x000002674645d6a0: 0000 488d | 4424 084c | 896d c049 | 8bcf c5f8 | 7749 89af | a803 0000 | 4989 8798 | 0300 0048 
  0x000002674645d6c0: 83ec 2040 | f6c4 0f0f | 8419 0000 | 0048 83ec | 0848 b850 | 5c0a cfff | 7f00 00ff | d048 83c4 
  0x000002674645d6e0: 08e9 0c00 | 0000 48b8 | 505c 0acf | ff7f 0000 | ffd0 4883 | c420 49c7 | 8798 0300 | 0000 0000 
  0x000002674645d700: 0049 c787 | a803 0000 | 0000 0000 | 49c7 87a0 | 0300 0000 | 0000 00c5 | f877 4983 | 7f08 000f 
  0x000002674645d720: 8405 0000 | 00e9 d637 | ffff 4c8b | 6dc0 4c8b | 75c8 4e8d | 74f5 00c3 | 488b 5de8 | e95b f5ff 
  0x000002674645d740: ff0f 1f80 | 0000 0000 
[/MachCode]

---------------  P R O C E S S  ---------------

Threads class SMR info:
_java_thread_list=0x000002679cafb280, length=23, elements={
0x0000026737bf9d70, 0x0000026737bf9050, 0x0000026737bfd1f0, 0x0000026737bfc4d0,
0x0000026737bfb120, 0x0000026737bfa400, 0x0000026737bfaa90, 0x0000026737536e30,
0x0000026737539710, 0x0000026737bfdf10, 0x0000026737bfb7b0, 0x0000026737bfcb60,
0x0000026737bff2c0, 0x0000026737bff950, 0x0000026737bfffe0, 0x0000026737c00670,
0x000002679e4c8cc0, 0x000002679e4c5ed0, 0x000002679e4c9350, 0x000002679e4c5840,
0x000002679e4c99e0, 0x000002679e4c7fa0, 0x000002679e4cc140
}

Java Threads: ( => current thread )
  0x0000026737bf9d70 JavaThread "main"                              [_thread_blocked, id=12400, stack(0x00000091c6c00000,0x00000091c6df0000) (1984K)]
  0x0000026737bf9050 JavaThread "Reference Handler"          daemon [_thread_blocked, id=34288, stack(0x00000091cb280000,0x00000091cb470000) (1984K)]
  0x0000026737bfd1f0 JavaThread "Finalizer"                  daemon [_thread_blocked, id=28384, stack(0x00000091cb470000,0x00000091cb660000) (1984K)]
  0x0000026737bfc4d0 JavaThread "Signal Dispatcher"          daemon [_thread_blocked, id=33688, stack(0x00000091cb660000,0x00000091cb850000) (1984K)]
  0x0000026737bfb120 JavaThread "Attach Listener"            daemon [_thread_blocked, id=19064, stack(0x00000091cb850000,0x00000091cba40000) (1984K)]
  0x0000026737bfa400 JavaThread "Service Thread"             daemon [_thread_blocked, id=25692, stack(0x00000091cba40000,0x00000091cbc30000) (1984K)]
  0x0000026737bfaa90 JavaThread "Monitor Deflation Thread"   daemon [_thread_blocked, id=16252, stack(0x00000091cbc30000,0x00000091cbe20000) (1984K)]
  0x0000026737536e30 JavaThread "C2 CompilerThread0"         daemon [_thread_blocked, id=19372, stack(0x00000091cbe20000,0x00000091cc010000) (1984K)]
  0x0000026737539710 JavaThread "C1 CompilerThread0"         daemon [_thread_blocked, id=11256, stack(0x00000091cc010000,0x00000091cc200000) (1984K)]
  0x0000026737bfdf10 JavaThread "Notification Thread"        daemon [_thread_blocked, id=31052, stack(0x00000091cc200000,0x00000091cc3f0000) (1984K)]
  0x0000026737bfb7b0 JavaThread "Common-Cleaner"             daemon [_thread_blocked, id=18452, stack(0x00000091cc3f0000,0x00000091cc5e0000) (1984K)]
=>0x0000026737bfcb60 JavaThread "Python Reference Queue"     daemon [_thread_in_native, id=24036, stack(0x00000091cc7d0000,0x00000091cc9c0000) (1984K)]
  0x0000026737bff2c0 JavaThread "WebSocketClient@565372776-30" daemon [_thread_in_native, id=29048, stack(0x00000091cd940000,0x00000091cdb30000) (1984K)]
  0x0000026737bff950 JavaThread "WebSocketClient@565372776-31" daemon [_thread_blocked, id=5188, stack(0x00000091cdb30000,0x00000091cdd20000) (1984K)]
  0x0000026737bfffe0 JavaThread "WebSocketClient@565372776-32" daemon [_thread_in_native, id=34500, stack(0x00000091cdd20000,0x00000091cdf10000) (1984K)]
  0x0000026737c00670 JavaThread "WebSocketClient@565372776-33" daemon [_thread_in_native, id=31588, stack(0x00000091cdf10000,0x00000091ce100000) (1984K)]
  0x000002679e4c8cc0 JavaThread "WebSocketClient@565372776-34" daemon [_thread_blocked, id=36148, stack(0x00000091ce100000,0x00000091ce2f0000) (1984K)]
  0x000002679e4c5ed0 JavaThread "WebSocketClient@565372776-35" daemon [_thread_blocked, id=36132, stack(0x00000091ce2f0000,0x00000091ce4e0000) (1984K)]
  0x000002679e4c9350 JavaThread "WebSocketClient@565372776-36" daemon [_thread_blocked, id=33544, stack(0x00000091ce4e0000,0x00000091ce6d0000) (1984K)]
  0x000002679e4c5840 JavaThread "WebSocketClient@565372776-37" daemon [_thread_in_native, id=30676, stack(0x00000091ce6d0000,0x00000091ce8c0000) (1984K)]
  0x000002679e4c99e0 JavaThread "HttpClient@1e66f1f5-scheduler-1"        [_thread_blocked, id=30192, stack(0x00000091ce8c0000,0x00000091ceab0000) (1984K)]
  0x000002679e4c7fa0 JavaThread "pool-1-thread-1"                   [_thread_blocked, id=15800, stack(0x00000091cc5e0000,0x00000091cc7d0000) (1984K)]
  0x000002679e4cc140 JavaThread "pool-1-thread-2"                   [_thread_blocked, id=26840, stack(0x00000091cd180000,0x00000091cd370000) (1984K)]
Total: 23

Other Threads:
  0x00000267375ba030 VMThread "VM Thread"                           [id=31888, stack(0x00000091cb090000,0x00000091cb280000) (1984K)]
  0x0000026737c08d10 WatcherThread "VM Periodic Task Thread"        [id=19904, stack(0x00000091caea0000,0x00000091cb090000) (1984K)]
  0x00000267375b6290 WorkerThread "GC Thread#0"                     [id=31924, stack(0x00000091ca4f0000,0x00000091ca6e0000) (1984K)]
  0x00000267375b6d70 WorkerThread "GC Thread#1"                     [id=29380, stack(0x00000091cc9c0000,0x00000091ccbb0000) (1984K)]
  0x00000267375b7f90 WorkerThread "GC Thread#2"                     [id=24808, stack(0x00000091ccbb0000,0x00000091ccda0000) (1984K)]
  0x00000267375b8e10 WorkerThread "GC Thread#3"                     [id=3708, stack(0x00000091ccda0000,0x00000091ccf90000) (1984K)]
  0x00000267375ba770 WorkerThread "GC Thread#4"                     [id=37196, stack(0x00000091ccf90000,0x00000091cd180000) (1984K)]
  0x00000267375b5b50 WorkerThread "GC Thread#5"                     [id=25248, stack(0x00000091cd370000,0x00000091cd560000) (1984K)]
  0x00000267375b74b0 WorkerThread "GC Thread#6"                     [id=14492, stack(0x00000091cd560000,0x00000091cd750000) (1984K)]
  0x00000267375bb250 WorkerThread "GC Thread#7"                     [id=31600, stack(0x00000091cd750000,0x00000091cd940000) (1984K)]
  0x000002673744a800 ConcurrentGCThread "G1 Main Marker"            [id=34244, stack(0x00000091ca6e0000,0x00000091ca8d0000) (1984K)]
  0x00000267375b5410 WorkerThread "G1 Conc#0"                       [id=37092, stack(0x00000091ca8d0000,0x00000091caac0000) (1984K)]
  0x00000267374f4f40 ConcurrentGCThread "G1 Refine#0"               [id=36872, stack(0x00000091caac0000,0x00000091cacb0000) (1984K)]
  0x000002673782afc0 ConcurrentGCThread "G1 Service"                [id=24008, stack(0x00000091cacb0000,0x00000091caea0000) (1984K)]
Total: 14

Threads with active compile tasks:
Total: 0

VM state: not at safepoint (normal execution)

VM Mutex/Monitor currently owned by a thread: None

Heap address: 0x0000000704400000, size: 4028 MB, Compressed Oops mode: Zero based, Oop shift amount: 3

CDS archive(s) mapped at: [0x0000026756000000-0x0000026756ba0000-0x0000026756ba0000), size 12189696, SharedBaseAddress: 0x0000026756000000, ArchiveRelocationMode: 1.
Compressed class space mapped at: 0x0000026757000000-0x0000026797000000, reserved size: 1073741824
Narrow klass base: 0x0000026756000000, Narrow klass shift: 0, Narrow klass range: 0x100000000

GC Precious Log:
 CardTable entry size: 512
 Card Set container configuration: InlinePtr #cards 4 size 8 Array Of Cards #cards 16 size 48 Howl #buckets 8 coarsen threshold 3686 Howl Bitmap #cards 512 size 80 coarsen threshold 460 Card regions per heap region 1 cards per card region 4096
 CPUs: 8 total, 8 available
 Memory: 16110M
 Large Page Support: Disabled
 NUMA Support: Disabled
 Compressed Oops: Enabled (Zero based)
 Heap Region Size: 2M
 Heap Min Capacity: 8M
 Heap Initial Capacity: 252M
 Heap Max Capacity: 4028M
 Pre-touch: Disabled
 Parallel Workers: 8
 Concurrent Workers: 2
 Concurrent Refinement Workers: 8
 Periodic GC: Disabled

Heap:
 garbage-first heap   total 110592K, used 73870K [0x0000000704400000, 0x0000000800000000)
  region size 2048K, 24 young (49152K), 1 survivors (2048K)
 Metaspace       used 17994K, committed 18304K, reserved 1114112K
  class space    used 1862K, committed 2048K, reserved 1048576K

Heap Regions: E=young(eden), S=young(survivor), O=old, HS=humongous(starts), HC=humongous(continues), CS=collection set, F=free, TAMS=top-at-mark-start, PB=parsable bottom
|   0|0x0000000704400000, 0x00000007045fc128, 0x0000000704600000| 99%| O|  |TAMS 0x0000000704400000| PB 0x0000000704400000| Untracked 
|   1|0x0000000704600000, 0x00000007047ffff8, 0x0000000704800000| 99%| O|  |TAMS 0x0000000704600000| PB 0x0000000704600000| Untracked 
|   2|0x0000000704800000, 0x00000007049fffe0, 0x0000000704a00000| 99%| O|  |TAMS 0x0000000704800000| PB 0x0000000704800000| Untracked 
|   3|0x0000000704a00000, 0x0000000704bfffc0, 0x0000000704c00000| 99%| O|  |TAMS 0x0000000704a00000| PB 0x0000000704a00000| Untracked 
|   4|0x0000000704c00000, 0x0000000704dfffe0, 0x0000000704e00000| 99%| O|  |TAMS 0x0000000704c00000| PB 0x0000000704c00000| Untracked 
|   5|0x0000000704e00000, 0x0000000704ffffe8, 0x0000000705000000| 99%| O|  |TAMS 0x0000000704e00000| PB 0x0000000704e00000| Untracked 
|   6|0x0000000705000000, 0x00000007051fcea0, 0x0000000705200000| 99%| O|  |TAMS 0x0000000705000000| PB 0x0000000705000000| Untracked 
|   7|0x0000000705200000, 0x00000007053ffdd8, 0x0000000705400000| 99%| O|  |TAMS 0x0000000705200000| PB 0x0000000705200000| Untracked 
|   8|0x0000000705400000, 0x00000007055fffc8, 0x0000000705600000| 99%| O|  |TAMS 0x0000000705400000| PB 0x0000000705400000| Untracked 
|   9|0x0000000705600000, 0x00000007057fc098, 0x0000000705800000| 99%| O|  |TAMS 0x0000000705600000| PB 0x0000000705600000| Untracked 
|  10|0x0000000705800000, 0x00000007059fffe8, 0x0000000705a00000| 99%| O|  |TAMS 0x0000000705800000| PB 0x0000000705800000| Untracked 
|  11|0x0000000705a00000, 0x0000000705bfff00, 0x0000000705c00000| 99%| O|  |TAMS 0x0000000705a00000| PB 0x0000000705a00000| Untracked 
|  12|0x0000000705c00000, 0x0000000705de1110, 0x0000000705e00000| 93%| O|  |TAMS 0x0000000705c00000| PB 0x0000000705c00000| Untracked 
|  13|0x0000000705e00000, 0x0000000705e48c58, 0x0000000706000000| 14%| O|  |TAMS 0x0000000705e00000| PB 0x0000000705e00000| Untracked 
|  14|0x0000000706000000, 0x00000007060d1dd8, 0x0000000706200000| 40%| O|  |TAMS 0x0000000706000000| PB 0x0000000706000000| Untracked 
|  15|0x0000000706200000, 0x0000000706324a60, 0x0000000706400000| 57%| O|  |TAMS 0x0000000706200000| PB 0x0000000706200000| Untracked 
|  16|0x0000000706400000, 0x0000000706400000, 0x0000000706600000|  0%| F|  |TAMS 0x0000000706400000| PB 0x0000000706400000| Untracked 
|  17|0x0000000706600000, 0x0000000706600000, 0x0000000706800000|  0%| F|  |TAMS 0x0000000706600000| PB 0x0000000706600000| Untracked 
|  18|0x0000000706800000, 0x0000000706800000, 0x0000000706a00000|  0%| F|  |TAMS 0x0000000706800000| PB 0x0000000706800000| Untracked 
|  19|0x0000000706a00000, 0x0000000706a00000, 0x0000000706c00000|  0%| F|  |TAMS 0x0000000706a00000| PB 0x0000000706a00000| Untracked 
|  20|0x0000000706c00000, 0x0000000706c00000, 0x0000000706e00000|  0%| F|  |TAMS 0x0000000706c00000| PB 0x0000000706c00000| Untracked 
|  21|0x0000000706e00000, 0x0000000706e0e8f0, 0x0000000707000000|  2%| S|CS|TAMS 0x0000000706e00000| PB 0x0000000706e00000| Complete 
|  22|0x0000000707000000, 0x0000000707000000, 0x0000000707200000|  0%| F|  |TAMS 0x0000000707000000| PB 0x0000000707000000| Untracked 
|  23|0x0000000707200000, 0x0000000707200000, 0x0000000707400000|  0%| F|  |TAMS 0x0000000707200000| PB 0x0000000707200000| Untracked 
|  24|0x0000000707400000, 0x0000000707400000, 0x0000000707600000|  0%| F|  |TAMS 0x0000000707400000| PB 0x0000000707400000| Untracked 
|  25|0x0000000707600000, 0x0000000707600000, 0x0000000707800000|  0%| F|  |TAMS 0x0000000707600000| PB 0x0000000707600000| Untracked 
|  26|0x0000000707800000, 0x0000000707800000, 0x0000000707a00000|  0%| F|  |TAMS 0x0000000707800000| PB 0x0000000707800000| Untracked 
|  27|0x0000000707a00000, 0x0000000707a00000, 0x0000000707c00000|  0%| F|  |TAMS 0x0000000707a00000| PB 0x0000000707a00000| Untracked 
|  28|0x0000000707c00000, 0x0000000707c00000, 0x0000000707e00000|  0%| F|  |TAMS 0x0000000707c00000| PB 0x0000000707c00000| Untracked 
|  29|0x0000000707e00000, 0x0000000707e00000, 0x0000000708000000|  0%| F|  |TAMS 0x0000000707e00000| PB 0x0000000707e00000| Untracked 
|  30|0x0000000708000000, 0x0000000708000000, 0x0000000708200000|  0%| F|  |TAMS 0x0000000708000000| PB 0x0000000708000000| Untracked 
|  31|0x0000000708200000, 0x0000000708387560, 0x0000000708400000| 76%| E|  |TAMS 0x0000000708200000| PB 0x0000000708200000| Complete 
|  32|0x0000000708400000, 0x0000000708600000, 0x0000000708600000|100%| E|CS|TAMS 0x0000000708400000| PB 0x0000000708400000| Complete 
|  33|0x0000000708600000, 0x0000000708800000, 0x0000000708800000|100%| E|CS|TAMS 0x0000000708600000| PB 0x0000000708600000| Complete 
|  34|0x0000000708800000, 0x0000000708a00000, 0x0000000708a00000|100%| E|CS|TAMS 0x0000000708800000| PB 0x0000000708800000| Complete 
|  35|0x0000000708a00000, 0x0000000708c00000, 0x0000000708c00000|100%| E|CS|TAMS 0x0000000708a00000| PB 0x0000000708a00000| Complete 
|  36|0x0000000708c00000, 0x0000000708e00000, 0x0000000708e00000|100%| E|CS|TAMS 0x0000000708c00000| PB 0x0000000708c00000| Complete 
|  37|0x0000000708e00000, 0x0000000709000000, 0x0000000709000000|100%| E|CS|TAMS 0x0000000708e00000| PB 0x0000000708e00000| Complete 
|  38|0x0000000709000000, 0x0000000709200000, 0x0000000709200000|100%| E|CS|TAMS 0x0000000709000000| PB 0x0000000709000000| Complete 
|  39|0x0000000709200000, 0x0000000709400000, 0x0000000709400000|100%| E|CS|TAMS 0x0000000709200000| PB 0x0000000709200000| Complete 
|  40|0x0000000709400000, 0x0000000709600000, 0x0000000709600000|100%| E|CS|TAMS 0x0000000709400000| PB 0x0000000709400000| Complete 
|  41|0x0000000709600000, 0x0000000709800000, 0x0000000709800000|100%| E|CS|TAMS 0x0000000709600000| PB 0x0000000709600000| Complete 
|  42|0x0000000709800000, 0x0000000709a00000, 0x0000000709a00000|100%| E|CS|TAMS 0x0000000709800000| PB 0x0000000709800000| Complete 
|  43|0x0000000709a00000, 0x0000000709c00000, 0x0000000709c00000|100%| E|CS|TAMS 0x0000000709a00000| PB 0x0000000709a00000| Complete 
|  44|0x0000000709c00000, 0x0000000709e00000, 0x0000000709e00000|100%| E|CS|TAMS 0x0000000709c00000| PB 0x0000000709c00000| Complete 
|  45|0x0000000709e00000, 0x000000070a000000, 0x000000070a000000|100%| E|CS|TAMS 0x0000000709e00000| PB 0x0000000709e00000| Complete 
|  46|0x000000070a000000, 0x000000070a200000, 0x000000070a200000|100%| E|CS|TAMS 0x000000070a000000| PB 0x000000070a000000| Complete 
|  47|0x000000070a200000, 0x000000070a400000, 0x000000070a400000|100%| E|CS|TAMS 0x000000070a200000| PB 0x000000070a200000| Complete 
|  48|0x000000070a400000, 0x000000070a600000, 0x000000070a600000|100%| E|CS|TAMS 0x000000070a400000| PB 0x000000070a400000| Complete 
|  49|0x000000070a600000, 0x000000070a800000, 0x000000070a800000|100%| E|CS|TAMS 0x000000070a600000| PB 0x000000070a600000| Complete 
|  50|0x000000070a800000, 0x000000070aa00000, 0x000000070aa00000|100%| E|CS|TAMS 0x000000070a800000| PB 0x000000070a800000| Complete 
|  51|0x000000070aa00000, 0x000000070ac00000, 0x000000070ac00000|100%| E|CS|TAMS 0x000000070aa00000| PB 0x000000070aa00000| Complete 
|  52|0x000000070ac00000, 0x000000070ae00000, 0x000000070ae00000|100%| E|CS|TAMS 0x000000070ac00000| PB 0x000000070ac00000| Complete 
|  53|0x000000070ae00000, 0x000000070b000000, 0x000000070b000000|100%| E|CS|TAMS 0x000000070ae00000| PB 0x000000070ae00000| Complete 

Card table byte_map: [0x000002674e700000,0x000002674eee0000] _byte_map_base: 0x000002674aede000

Marking Bits: (CMBitMap*) 0x0000026737bfbe50
 Bits: [0x000002674eee0000, 0x0000026752dd0000)

Polling page: 0x0000026739850000

Metaspace:

Usage:
  Non-class:     15.75 MB used.
      Class:      1.82 MB used.
       Both:     17.57 MB used.

Virtual space:
  Non-class space:       64.00 MB reserved,      15.88 MB ( 25%) committed,  1 nodes.
      Class space:        1.00 GB reserved,       2.00 MB ( <1%) committed,  1 nodes.
             Both:        1.06 GB reserved,      17.88 MB (  2%) committed. 

Chunk freelists:
   Non-Class:  15.65 MB
       Class:  13.87 MB
        Both:  29.52 MB

MaxMetaspaceSize: unlimited
CompressedClassSpaceSize: 1.00 GB
Initial GC threshold: 21.00 MB
Current GC threshold: 29.62 MB
CDS: on
 - commit_granule_bytes: 65536.
 - commit_granule_words: 8192.
 - virtual_space_node_default_size: 8388608.
 - enlarge_chunks_in_place: 1.
 - use_allocation_guard: 0.


Internal statistics:

num_allocs_failed_limit: 0.
num_arena_births: 258.
num_arena_deaths: 0.
num_vsnodes_births: 2.
num_vsnodes_deaths: 0.
num_space_committed: 286.
num_space_uncommitted: 0.
num_chunks_returned_to_freelist: 0.
num_chunks_taken_from_freelist: 666.
num_chunk_merges: 0.
num_chunk_splits: 436.
num_chunks_enlarged: 312.
num_inconsistent_stats: 0.

CodeHeap 'non-profiled nmethods': size=120000Kb used=3423Kb max_used=3423Kb free=116577Kb
 bounds [0x00000267469f0000, 0x0000026746d50000, 0x000002674df20000]
CodeHeap 'profiled nmethods': size=120000Kb used=5649Kb max_used=7158Kb free=114350Kb
 bounds [0x000002673ef20000, 0x000002673f640000, 0x0000026746450000]
CodeHeap 'non-nmethods': size=5760Kb used=1648Kb max_used=1705Kb free=4111Kb
 bounds [0x0000026746450000, 0x00000267466c0000, 0x00000267469f0000]
 total_blobs=3649 nmethods=3085 adapters=468
 compilation: enabled
              stopped_count=0, restarted_count=0
 full_count=0

Compilation events (20 events):
Event: 1056.042 Thread 0x0000026737536e30 4214       4       com.comsol.clientapi.impl.ModelEntityClient::<init> (10 bytes)
Event: 1056.045 Thread 0x0000026737536e30 nmethod 4214 0x0000026746d45810 code [0x0000026746d459a0, 0x0000026746d45c10]
Event: 1056.216 Thread 0x0000026737539710 4215       3       com.comsol.clientapi.impl.PropFeatureClient::getDouble (37 bytes)
Event: 1056.217 Thread 0x0000026737539710 nmethod 4215 0x000002673f211c90 code [0x000002673f211ea0, 0x000002673f212768]
Event: 1056.316 Thread 0x0000026737539710 4216       3       java.util.regex.Pattern$BitClass::is (22 bytes)
Event: 1056.316 Thread 0x0000026737539710 nmethod 4216 0x000002673f034f90 code [0x000002673f035140, 0x000002673f035300]
Event: 1056.329 Thread 0x0000026737536e30 4217       4       org.eclipse.jetty.websocket.common.WebSocketRemoteEndpoint::lockMsg (451 bytes)
Event: 1056.331 Thread 0x0000026737536e30 nmethod 4217 0x0000026746d45c90 code [0x0000026746d45e40, 0x0000026746d46018]
Event: 1056.333 Thread 0x0000026737536e30 4218   !   4       com.comsol.client.interfaces.ClientWebSocketCommandManager::a (94 bytes)
Event: 1056.348 Thread 0x0000026737536e30 nmethod 4218 0x0000026746d46190 code [0x0000026746d46400, 0x0000026746d47160]
Event: 1058.143 Thread 0x0000026737539710 4219       1       java.lang.StackTraceElement::getClassName (5 bytes)
Event: 1058.143 Thread 0x0000026737539710 nmethod 4219 0x0000026746a94b90 code [0x0000026746a94d20, 0x0000026746a94df0]
Event: 1058.144 Thread 0x0000026737539710 4220       1       java.lang.StackTraceElement::getMethodName (5 bytes)
Event: 1058.144 Thread 0x0000026737539710 nmethod 4220 0x0000026746a9ad90 code [0x0000026746a9af20, 0x0000026746a9aff0]
Event: 1058.144 Thread 0x0000026737539710 4221       1       java.lang.StackTraceElement::getFileName (5 bytes)
Event: 1058.144 Thread 0x0000026737539710 nmethod 4221 0x0000026746a9c690 code [0x0000026746a9c820, 0x0000026746a9c8f0]
Event: 1058.144 Thread 0x0000026737539710 4222       1       java.lang.StackTraceElement::getLineNumber (5 bytes)
Event: 1058.144 Thread 0x0000026737539710 nmethod 4222 0x0000026746d47910 code [0x0000026746d47aa0, 0x0000026746d47b68]
Event: 1064.134 Thread 0x0000026737539710 4223       3       org.eclipse.jetty.util.BufferUtil::writeTo (95 bytes)
Event: 1064.135 Thread 0x0000026737539710 nmethod 4223 0x000002673ef9c390 code [0x000002673ef9c660, 0x000002673ef9d658]

GC Heap History (20 events):
Event: 1.597 GC heap before
{Heap before GC invocations=12 (full 5):
 garbage-first heap   total 28672K, used 18597K [0x0000000704400000, 0x0000000800000000)
  region size 2048K, 4 young (8192K), 1 survivors (2048K)
 Metaspace       used 15206K, committed 15424K, reserved 1114112K
  class space    used 1665K, committed 1792K, reserved 1048576K
}
Event: 1.599 GC heap after
{Heap after GC invocations=13 (full 5):
 garbage-first heap   total 143360K, used 13633K [0x0000000704400000, 0x0000000800000000)
  region size 2048K, 1 young (2048K), 1 survivors (2048K)
 Metaspace       used 15206K, committed 15424K, reserved 1114112K
  class space    used 1665K, committed 1792K, reserved 1048576K
}
Event: 127.454 GC heap before
{Heap before GC invocations=13 (full 5):
 garbage-first heap   total 143360K, used 50497K [0x0000000704400000, 0x0000000800000000)
  region size 2048K, 21 young (43008K), 1 survivors (2048K)
 Metaspace       used 17522K, committed 17792K, reserved 1114112K
  class space    used 1832K, committed 1984K, reserved 1048576K
}
Event: 127.480 GC heap after
{Heap after GC invocations=14 (full 6):
 garbage-first heap   total 110592K, used 28839K [0x0000000704400000, 0x0000000800000000)
  region size 2048K, 0 young (0K), 0 survivors (0K)
 Metaspace       used 17522K, committed 17792K, reserved 1114112K
  class space    used 1832K, committed 1984K, reserved 1048576K
}
Event: 128.689 GC heap before
{Heap before GC invocations=14 (full 6):
 garbage-first heap   total 110592K, used 75943K [0x0000000704400000, 0x0000000800000000)
  region size 2048K, 24 young (49152K), 0 survivors (0K)
 Metaspace       used 17859K, committed 18176K, reserved 1114112K
  class space    used 1835K, committed 1984K, reserved 1048576K
}
Event: 128.690 GC heap after
{Heap after GC invocations=15 (full 6):
 garbage-first heap   total 110592K, used 29042K [0x0000000704400000, 0x0000000800000000)
  region size 2048K, 1 young (2048K), 1 survivors (2048K)
 Metaspace       used 17859K, committed 18176K, reserved 1114112K
  class space    used 1835K, committed 1984K, reserved 1048576K
}
Event: 129.842 GC heap before
{Heap before GC invocations=15 (full 6):
 garbage-first heap   total 110592K, used 92530K [0x0000000704400000, 0x0000000800000000)
  region size 2048K, 32 young (65536K), 1 survivors (2048K)
 Metaspace       used 17868K, committed 18176K, reserved 1114112K
  class space    used 1836K, committed 1984K, reserved 1048576K
}
Event: 129.843 GC heap after
{Heap after GC invocations=16 (full 6):
 garbage-first heap   total 110592K, used 28893K [0x0000000704400000, 0x0000000800000000)
  region size 2048K, 1 young (2048K), 1 survivors (2048K)
 Metaspace       used 17868K, committed 18176K, reserved 1114112K
  class space    used 1836K, committed 1984K, reserved 1048576K
}
Event: 129.894 GC heap before
{Heap before GC invocations=16 (full 6):
 garbage-first heap   total 110592K, used 28893K [0x0000000704400000, 0x0000000800000000)
  region size 2048K, 2 young (4096K), 1 survivors (2048K)
 Metaspace       used 17868K, committed 18176K, reserved 1114112K
  class space    used 1836K, committed 1984K, reserved 1048576K
}
Event: 129.910 GC heap after
{Heap after GC invocations=17 (full 7):
 garbage-first heap   total 110592K, used 28638K [0x0000000704400000, 0x0000000800000000)
  region size 2048K, 0 young (0K), 0 survivors (0K)
 Metaspace       used 17868K, committed 18176K, reserved 1114112K
  class space    used 1836K, committed 1984K, reserved 1048576K
}
Event: 131.001 GC heap before
{Heap before GC invocations=17 (full 7):
 garbage-first heap   total 110592K, used 94174K [0x0000000704400000, 0x0000000800000000)
  region size 2048K, 32 young (65536K), 0 survivors (0K)
 Metaspace       used 17875K, committed 18176K, reserved 1114112K
  class space    used 1837K, committed 1984K, reserved 1048576K
}
Event: 131.002 GC heap after
{Heap after GC invocations=18 (full 7):
 garbage-first heap   total 110592K, used 28668K [0x0000000704400000, 0x0000000800000000)
  region size 2048K, 1 young (2048K), 1 survivors (2048K)
 Metaspace       used 17875K, committed 18176K, reserved 1114112K
  class space    used 1837K, committed 1984K, reserved 1048576K
}
Event: 551.709 GC heap before
{Heap before GC invocations=18 (full 7):
 garbage-first heap   total 110592K, used 83964K [0x0000000704400000, 0x0000000800000000)
  region size 2048K, 29 young (59392K), 1 survivors (2048K)
 Metaspace       used 17950K, committed 18240K, reserved 1114112K
  class space    used 1858K, committed 1984K, reserved 1048576K
}
Event: 551.725 GC heap after
{Heap after GC invocations=19 (full 8):
 garbage-first heap   total 110592K, used 28756K [0x0000000704400000, 0x0000000800000000)
  region size 2048K, 0 young (0K), 0 survivors (0K)
 Metaspace       used 17950K, committed 18240K, reserved 1114112K
  class space    used 1858K, committed 1984K, reserved 1048576K
}
Event: 1051.124 GC heap before
{Heap before GC invocations=19 (full 8):
 garbage-first heap   total 110592K, used 94292K [0x0000000704400000, 0x0000000800000000)
  region size 2048K, 32 young (65536K), 0 survivors (0K)
 Metaspace       used 17953K, committed 18240K, reserved 1114112K
  class space    used 1859K, committed 1984K, reserved 1048576K
}
Event: 1051.126 GC heap after
{Heap after GC invocations=20 (full 8):
 garbage-first heap   total 110592K, used 28856K [0x0000000704400000, 0x0000000800000000)
  region size 2048K, 1 young (2048K), 1 survivors (2048K)
 Metaspace       used 17953K, committed 18240K, reserved 1114112K
  class space    used 1859K, committed 1984K, reserved 1048576K
}
Event: 1052.465 GC heap before
{Heap before GC invocations=20 (full 8):
 garbage-first heap   total 110592K, used 92344K [0x0000000704400000, 0x0000000800000000)
  region size 2048K, 32 young (65536K), 1 survivors (2048K)
 Metaspace       used 17972K, committed 18240K, reserved 1114112K
  class space    used 1860K, committed 1984K, reserved 1048576K
}
Event: 1052.466 GC heap after
{Heap after GC invocations=21 (full 8):
 garbage-first heap   total 110592K, used 28830K [0x0000000704400000, 0x0000000800000000)
  region size 2048K, 1 young (2048K), 1 survivors (2048K)
 Metaspace       used 17972K, committed 18240K, reserved 1114112K
  class space    used 1860K, committed 1984K, reserved 1048576K
}
Event: 1053.500 GC heap before
{Heap before GC invocations=21 (full 8):
 garbage-first heap   total 110592K, used 92318K [0x0000000704400000, 0x0000000800000000)
  region size 2048K, 32 young (65536K), 1 survivors (2048K)
 Metaspace       used 17982K, committed 18240K, reserved 1114112K
  class space    used 1860K, committed 1984K, reserved 1048576K
}
Event: 1053.500 GC heap after
{Heap after GC invocations=22 (full 8):
 garbage-first heap   total 110592K, used 28814K [0x0000000704400000, 0x0000000800000000)
  region size 2048K, 1 young (2048K), 1 survivors (2048K)
 Metaspace       used 17982K, committed 18240K, reserved 1114112K
  class space    used 1860K, committed 1984K, reserved 1048576K
}

Dll operation events (11 events):
Event: 0.013 Loaded shared library C:\Program Files\COMSOL\COMSOL64\Multiphysics\java\win64\jre\bin\java.dll
Event: 0.074 Loaded shared library C:\Program Files\COMSOL\COMSOL64\Multiphysics\java\win64\jre\bin\zip.dll
Event: 0.079 Loaded shared library C:\Program Files\COMSOL\COMSOL64\Multiphysics\java\win64\jre\bin\net.dll
Event: 0.081 Loaded shared library C:\Program Files\COMSOL\COMSOL64\Multiphysics\java\win64\jre\bin\nio.dll
Event: 0.086 Loaded shared library C:\Program Files\COMSOL\COMSOL64\Multiphysics\java\win64\jre\bin\zip.dll
Event: 0.146 Loaded shared library C:\Users\pjoshi11\Anaconda3\envs\py311\Lib\site-packages\_jpype.cp311-win_amd64.pyd
Event: 0.167 Loaded shared library C:\Program Files\COMSOL\COMSOL64\Multiphysics\java\win64\jre\bin\jimage.dll
Event: 1.021 Loaded shared library C:\Program Files\COMSOL\COMSOL64\Multiphysics\java\win64\jre\bin\management.dll
Event: 1.025 Loaded shared library C:\Program Files\COMSOL\COMSOL64\Multiphysics\java\win64\jre\bin\management_ext.dll
Event: 1.145 Loaded shared library C:\Program Files\COMSOL\COMSOL64\Multiphysics\java\win64\jre\bin\sunmscapi.dll
Event: 1.173 Loaded shared library C:\Program Files\COMSOL\COMSOL64\Multiphysics\java\win64\jre\bin\extnet.dll

Deoptimization events (20 events):
Event: 1056.313 Thread 0x000002679e4c5840 Uncommon trap: trap_request=0xffffff66 fr.pc=0x0000026746d25190 relative=0x0000000000000a30
Event: 1056.313 Thread 0x000002679e4c5840 Uncommon trap: reason=speculate_class_check action=maybe_recompile pc=0x0000026746d25190 method=org.eclipse.jetty.io.ByteBufferPool$Bucket.acquire()Ljava/nio/ByteBuffer; @ 9 c2
Event: 1056.313 Thread 0x000002679e4c5840 DEOPT PACKING pc=0x0000026746d25190 sp=0x00000091ce8beb00
Event: 1056.313 Thread 0x000002679e4c5840 DEOPT UNPACKING pc=0x00000267464a7da2 sp=0x00000091ce8bea48 mode 2
Event: 1056.314 Thread 0x000002679e4c5840 Uncommon trap: trap_request=0xffffff45 fr.pc=0x0000026746a6806c relative=0x000000000000004c
Event: 1056.314 Thread 0x000002679e4c5840 Uncommon trap: reason=unstable_if action=reinterpret pc=0x0000026746a6806c method=org.eclipse.jetty.util.BufferUtil.writeTo(Ljava/nio/ByteBuffer;Ljava/io/OutputStream;)V @ 4 c2
Event: 1056.314 Thread 0x000002679e4c5840 DEOPT PACKING pc=0x0000026746a6806c sp=0x00000091ce8bead0
Event: 1056.314 Thread 0x000002679e4c5840 DEOPT UNPACKING pc=0x00000267464a7da2 sp=0x00000091ce8bead0 mode 2
Event: 1056.316 Thread 0x000002679e4c5840 Uncommon trap: trap_request=0xffffffde fr.pc=0x0000026746a7180c relative=0x00000000000008ac
Event: 1056.316 Thread 0x000002679e4c5840 Uncommon trap: reason=class_check action=maybe_recompile pc=0x0000026746a7180c method=org.eclipse.jetty.io.MappedByteBufferPool.release(Ljava/nio/ByteBuffer;)V @ 59 c2
Event: 1056.316 Thread 0x000002679e4c5840 DEOPT PACKING pc=0x0000026746a7180c sp=0x00000091ce8bebb0
Event: 1056.316 Thread 0x000002679e4c5840 DEOPT UNPACKING pc=0x00000267464a7da2 sp=0x00000091ce8beb18 mode 2
Event: 1058.141 Thread 0x0000026737bff950 Uncommon trap: trap_request=0xffffff66 fr.pc=0x0000026746d25190 relative=0x0000000000000a30
Event: 1058.141 Thread 0x0000026737bff950 Uncommon trap: reason=speculate_class_check action=maybe_recompile pc=0x0000026746d25190 method=org.eclipse.jetty.io.ByteBufferPool$Bucket.acquire()Ljava/nio/ByteBuffer; @ 9 c2
Event: 1058.141 Thread 0x0000026737bff950 DEOPT PACKING pc=0x0000026746d25190 sp=0x00000091cdd1eaf0
Event: 1058.141 Thread 0x0000026737bff950 DEOPT UNPACKING pc=0x00000267464a7da2 sp=0x00000091cdd1ea38 mode 2
Event: 1058.143 Thread 0x0000026737bff950 Uncommon trap: trap_request=0xffffffde fr.pc=0x0000026746a7180c relative=0x00000000000008ac
Event: 1058.143 Thread 0x0000026737bff950 Uncommon trap: reason=class_check action=maybe_recompile pc=0x0000026746a7180c method=org.eclipse.jetty.io.MappedByteBufferPool.release(Ljava/nio/ByteBuffer;)V @ 59 c2
Event: 1058.143 Thread 0x0000026737bff950 DEOPT PACKING pc=0x0000026746a7180c sp=0x00000091cdd1eba0
Event: 1058.143 Thread 0x0000026737bff950 DEOPT UNPACKING pc=0x00000267464a7da2 sp=0x00000091cdd1eb08 mode 2

Classes loaded (20 events):
Event: 1.590 Loading class sun/util/PropertyResourceBundleCharset
Event: 1.590 Loading class sun/util/PropertyResourceBundleCharset done
Event: 1.590 Loading class sun/util/PropertyResourceBundleCharset$PropertiesFileDecoder
Event: 1.590 Loading class sun/util/PropertyResourceBundleCharset$PropertiesFileDecoder done
Event: 1.595 Loading class sun/nio/cs/ISO_8859_1$Decoder
Event: 1.595 Loading class sun/nio/cs/ISO_8859_1$Decoder done
Event: 1.794 Loading class jdk/internal/reflect/MethodHandleIntegerFieldAccessorImpl
Event: 1.795 Loading class jdk/internal/reflect/MethodHandleIntegerFieldAccessorImpl done
Event: 8.071 Loading class sun/invoke/util/ValueConversions$1
Event: 8.071 Loading class sun/invoke/util/ValueConversions$1 done
Event: 8.071 Loading class java/lang/invoke/BoundMethodHandle$Species_LI
Event: 8.071 Loading class java/lang/invoke/BoundMethodHandle$Species_LI done
Event: 127.538 Loading class java/lang/foreign/MemorySegment
Event: 127.539 Loading class java/lang/foreign/MemorySegment done
Event: 132.260 Loading class java/util/PrimitiveIterator$OfInt
Event: 132.260 Loading class java/util/PrimitiveIterator
Event: 132.260 Loading class java/util/PrimitiveIterator done
Event: 132.260 Loading class java/util/PrimitiveIterator$OfInt done
Event: 1050.671 Loading class com/sun/org/apache/xerces/internal/impl/validation/EntityState
Event: 1050.672 Loading class com/sun/org/apache/xerces/internal/impl/validation/EntityState done

Classes unloaded (0 events):
No events

Classes redefined (0 events):
No events

Internal exceptions (20 events):
Event: 1.344 Thread 0x000002679e4c5ed0 Exception <a 'java/lang/NoSuchMethodError'{0x0000000705f69900}: 'void java.lang.invoke.DirectMethodHandle$Holder.invokeInterface(java.lang.Object, java.lang.Object, java.lang.Object)'> (0x0000000705f69900) 
thrown [s\src\hotspot\share\interpreter\linkResolver.cpp, line 773]
Event: 1.346 Thread 0x000002679e4c5ed0 Implicit null exception at 0x0000026746a7c86f to 0x0000026746a7d997
Event: 1.351 Thread 0x000002679e4c5ed0 Exception <a 'java/lang/NoSuchMethodError'{0x0000000705ff4c50}: 'java.lang.Object java.lang.invoke.DirectMethodHandle$Holder.newInvokeSpecial(java.lang.Object, java.lang.Object, int)'> (0x0000000705ff4c50) 
thrown [s\src\hotspot\share\interpreter\linkResolver.cpp, line 773]
Event: 1.352 Thread 0x000002679e4c5ed0 Exception <a 'java/lang/NoSuchMethodError'{0x0000000705ffc958}: 'void java.lang.invoke.DirectMethodHandle$Holder.invokeVirtual(java.lang.Object, java.lang.Object, int)'> (0x0000000705ffc958) 
thrown [s\src\hotspot\share\interpreter\linkResolver.cpp, line 773]
Event: 1.404 Thread 0x000002679e4c5840 Exception <a 'java/lang/NoSuchMethodError'{0x0000000705c1fff8}: 'void java.lang.invoke.DirectMethodHandle$Holder.invokeVirtual(java.lang.Object, java.lang.Object, long)'> (0x0000000705c1fff8) 
thrown [s\src\hotspot\share\interpreter\linkResolver.cpp, line 773]
Event: 1.409 Thread 0x000002679e4c5840 Exception <a 'java/lang/NoSuchMethodError'{0x0000000705c8fc50}: 'void java.lang.invoke.DirectMethodHandle$Holder.invokeStatic(java.lang.Object, java.lang.Object, java.lang.Object)'> (0x0000000705c8fc50) 
thrown [s\src\hotspot\share\interpreter\linkResolver.cpp, line 773]
Event: 1.420 Thread 0x000002679e4c5840 Implicit null exception at 0x0000026746a2c724 to 0x0000026746a2ce00
Event: 1.494 Thread 0x000002679e4c9350 Exception <a 'java/lang/NoSuchMethodError'{0x0000000705a22ca0}: 'void java.lang.invoke.Invokers$Holder.invokeExact_MT(java.lang.Object, java.lang.Object, java.lang.Object, java.lang.Object)'> (0x0000000705a22ca0) 
thrown [s\src\hotspot\share\interpreter\linkResolver.cpp, line 773]
Event: 1.494 Thread 0x000002679e4c9350 Exception <a 'java/lang/NoSuchMethodError'{0x0000000705a2c408}: 'void java.lang.invoke.DelegatingMethodHandle$Holder.reinvoke_L(java.lang.Object, java.lang.Object, int)'> (0x0000000705a2c408) 
thrown [s\src\hotspot\share\interpreter\linkResolver.cpp, line 773]
Event: 1.495 Thread 0x000002679e4c9350 Exception <a 'java/lang/NoSuchMethodError'{0x0000000705a32e58}: 'void java.lang.invoke.Invokers$Holder.invokeExact_MT(java.lang.Object, java.lang.Object, int, java.lang.Object)'> (0x0000000705a32e58) 
thrown [s\src\hotspot\share\interpreter\linkResolver.cpp, line 773]
Event: 8.071 Thread 0x0000026737bf9d70 Exception <a 'java/lang/NoSuchMethodError'{0x000000070b9bffa0}: 'int java.lang.invoke.DirectMethodHandle$Holder.invokeSpecial(java.lang.Object, java.lang.Object, java.lang.Object, int)'> (0x000000070b9bffa0) 
thrown [s\src\hotspot\share\interpreter\linkResolver.cpp, line 773]
Event: 8.072 Thread 0x0000026737bf9d70 Exception <a 'java/lang/NoSuchMethodError'{0x000000070b9d1f00}: 'java.lang.Object java.lang.invoke.DirectMethodHandle$Holder.invokeStatic(java.lang.Object, java.lang.Object, java.lang.Object, java.lang.Object, int)'> (0x000000070b9d1f00) 
thrown [s\src\hotspot\share\interpreter\linkResolver.cpp, line 773]
Event: 8.072 Thread 0x0000026737bf9d70 Exception <a 'java/lang/NoSuchMethodError'{0x000000070b9dc6b8}: 'java.lang.Object java.lang.invoke.DelegatingMethodHandle$Holder.reinvoke_L(java.lang.Object, int, int, java.lang.Object, java.lang.Object)'> (0x000000070b9dc6b8) 
thrown [s\src\hotspot\share\interpreter\linkResolver.cpp, line 773]
Event: 128.557 Thread 0x000002679e4c9350 Implicit null exception at 0x0000026746bc25af to 0x0000026746bc2e14
Event: 129.565 Thread 0x0000026737bf9d70 Implicit null exception at 0x0000026746c3e1e8 to 0x0000026746c3e62c
Event: 132.259 Thread 0x000002679e4c8cc0 Implicit null exception at 0x0000026746bee033 to 0x0000026746bf6258
Event: 132.262 Thread 0x000002679e4c8cc0 Implicit null exception at 0x0000026746bef7cd to 0x0000026746bf66c0
Event: 250.593 Thread 0x000002679e4c5ed0 Implicit null exception at 0x0000026746a3967c to 0x0000026746a397ac
Event: 805.914 Thread 0x000002679e4ca070 Implicit null exception at 0x0000026746c2306f to 0x0000026746c24ee8
Event: 1050.391 Thread 0x000002679e4c5840 Implicit null exception at 0x0000026746a32987 to 0x0000026746a32aa4

ZGC Phase Switch (0 events):
No events

VM Operations (20 events):
Event: 961.644 Executing VM operation: RendezvousGCThreads
Event: 961.644 Executing VM operation: RendezvousGCThreads done
Event: 1048.603 Executing VM operation: Cleanup
Event: 1048.604 Executing VM operation: Cleanup done
Event: 1049.614 Executing VM operation: Cleanup
Event: 1049.614 Executing VM operation: Cleanup done
Event: 1050.624 Executing VM operation: Cleanup
Event: 1050.624 Executing VM operation: Cleanup done
Event: 1051.124 Executing VM operation: G1CollectForAllocation (G1 Evacuation Pause)
Event: 1051.126 Executing VM operation: G1CollectForAllocation (G1 Evacuation Pause) done
Event: 1052.130 Executing VM operation: Cleanup
Event: 1052.130 Executing VM operation: Cleanup done
Event: 1052.465 Executing VM operation: G1CollectForAllocation (G1 Evacuation Pause)
Event: 1052.466 Executing VM operation: G1CollectForAllocation (G1 Evacuation Pause) done
Event: 1053.469 Executing VM operation: Cleanup
Event: 1053.469 Executing VM operation: Cleanup done
Event: 1053.500 Executing VM operation: G1CollectForAllocation (G1 Evacuation Pause)
Event: 1053.500 Executing VM operation: G1CollectForAllocation (G1 Evacuation Pause) done
Event: 1056.526 Executing VM operation: Cleanup
Event: 1056.526 Executing VM operation: Cleanup done

Memory protections (0 events):
No events

Nmethod flushes (20 events):
Event: 551.718 Thread 0x00000267375ba030 flushing  nmethod 0x000002673f497390
Event: 551.718 Thread 0x00000267375ba030 flushing  nmethod 0x000002673f499f90
Event: 551.718 Thread 0x00000267375ba030 flushing  nmethod 0x000002673f49ba10
Event: 551.718 Thread 0x00000267375ba030 flushing  nmethod 0x000002673f4a3590
Event: 551.718 Thread 0x00000267375ba030 flushing  nmethod 0x000002673f4a3a90
Event: 551.718 Thread 0x00000267375ba030 flushing  nmethod 0x000002673f4c8290
Event: 551.718 Thread 0x00000267375ba030 flushing  nmethod 0x000002673f4cab10
Event: 551.718 Thread 0x00000267375ba030 flushing  nmethod 0x000002673f4cc610
Event: 551.718 Thread 0x00000267375ba030 flushing  nmethod 0x000002673f4d0310
Event: 551.718 Thread 0x00000267375ba030 flushing  nmethod 0x000002673f4d2690
Event: 551.718 Thread 0x00000267375ba030 flushing  nmethod 0x000002673f503610
Event: 551.718 Thread 0x00000267375ba030 flushing  nmethod 0x000002673f506710
Event: 551.718 Thread 0x00000267375ba030 flushing  nmethod 0x000002673f50ee10
Event: 551.718 Thread 0x00000267375ba030 flushing  nmethod 0x000002673f530890
Event: 551.718 Thread 0x00000267375ba030 flushing  nmethod 0x000002673f534010
Event: 551.718 Thread 0x00000267375ba030 flushing  nmethod 0x000002673f584590
Event: 551.718 Thread 0x00000267375ba030 flushing  nmethod 0x000002673f589a10
Event: 551.718 Thread 0x00000267375ba030 flushing  nmethod 0x000002673f5e2590
Event: 551.718 Thread 0x00000267375ba030 flushing  nmethod 0x000002673f5e4410
Event: 551.718 Thread 0x00000267375ba030 flushing  nmethod 0x000002673f5e4710

Events (20 events):
Event: 2.654 Thread 0x000002679e4c8cc0 Thread added: 0x000002679e4c7fa0
Event: 2.659 Thread 0x000002679e4c7fa0 Thread added: 0x000002679e4ca070
Event: 62.673 Thread 0x000002679e4ca070 Thread exited: 0x000002679e4ca070
Event: 94.255 Thread 0x000002679e4c9350 Thread added: 0x000002679e4cc140
Event: 94.256 Thread 0x000002679e4cc140 Thread added: 0x000002679e4ca070
Event: 127.198 Thread 0x0000026737539710 Thread added: 0x0000026737538970
Event: 129.959 Thread 0x0000026737538970 Thread exited: 0x0000026737538970
Event: 130.019 Thread 0x0000026737536e30 Thread added: 0x0000026737537500
Event: 130.664 Thread 0x0000026737537500 Thread exited: 0x0000026737537500
Event: 130.698 Thread 0x0000026737536e30 Thread added: 0x000002673753ab80
Event: 130.992 Thread 0x000002673753ab80 Thread exited: 0x000002673753ab80
Event: 154.269 Thread 0x000002679e4ca070 Thread exited: 0x000002679e4ca070
Event: 805.913 Thread 0x000002679e4c7fa0 Thread added: 0x000002679e4ca070
Event: 865.918 Thread 0x000002679e4ca070 Thread exited: 0x000002679e4ca070
Event: 1050.526 Thread 0x0000026737536e30 Thread added: 0x0000026737534550
Event: 1051.627 Thread 0x0000026737534550 Thread exited: 0x0000026737534550
Event: 1051.872 Thread 0x0000026737536e30 Thread added: 0x0000026737537500
Event: 1051.873 Thread 0x0000026737536e30 Thread added: 0x000002673753b250
Event: 1052.346 Thread 0x000002673753b250 Thread exited: 0x000002673753b250
Event: 1055.639 Thread 0x0000026737537500 Thread exited: 0x0000026737537500


Dynamic libraries:
0x00007ff7bc1a0000 - 0x00007ff7bc1bb000 	C:\Users\pjoshi11\Anaconda3\envs\py311\python.exe
0x00007ff8c1190000 - 0x00007ff8c1388000 	C:\WINDOWS\SYSTEM32\ntdll.dll
0x00007ff8c1050000 - 0x00007ff8c1112000 	C:\WINDOWS\System32\KERNEL32.DLL
0x00007ff8bea80000 - 0x00007ff8bed77000 	C:\WINDOWS\System32\KERNELBASE.dll
0x00007ff8bee20000 - 0x00007ff8bef20000 	C:\WINDOWS\System32\ucrtbase.dll
0x00007ff89a440000 - 0x00007ff89a45e000 	C:\Users\pjoshi11\Anaconda3\envs\py311\VCRUNTIME140.dll
0x00007ff857270000 - 0x00007ff85787b000 	C:\Users\pjoshi11\Anaconda3\envs\py311\python311.dll
0x00007ff8c0140000 - 0x00007ff8c01ab000 	C:\WINDOWS\System32\WS2_32.dll
0x00007ff8b3130000 - 0x00007ff8b313a000 	C:\WINDOWS\SYSTEM32\VERSION.dll
0x00007ff8c01b0000 - 0x00007ff8c02d6000 	C:\WINDOWS\System32\RPCRT4.dll
0x00007ff8c0310000 - 0x00007ff8c03ae000 	C:\WINDOWS\System32\msvcrt.dll
0x00007ff8be810000 - 0x00007ff8be837000 	C:\WINDOWS\System32\bcrypt.dll
0x00007ff8bf480000 - 0x00007ff8bf531000 	C:\WINDOWS\System32\ADVAPI32.dll
0x00007ff8c0090000 - 0x00007ff8c012f000 	C:\WINDOWS\System32\sechost.dll
0x00007ff899ec0000 - 0x00007ff899eda000 	C:\Users\pjoshi11\Anaconda3\envs\py311\zlib.dll
0x000002671fa20000 - 0x000002671fa36000 	C:\WINDOWS\System32\umppc20505.dll
0x00007ff8be840000 - 0x00007ff8be8c2000 	C:\WINDOWS\System32\bcryptprimitives.dll
0x000002671fa00000 - 0x000002671fa0f000 	C:\Users\pjoshi11\Anaconda3\envs\py311\python3.DLL
0x00007ff895b50000 - 0x00007ff895b5a000 	C:\Users\pjoshi11\Anaconda3\envs\py311\DLLs\_bz2.pyd
0x00007ff8909a0000 - 0x00007ff8909b5000 	C:\Users\pjoshi11\Anaconda3\envs\py311\Library\bin\LIBBZ2.dll
0x00007ff8930b0000 - 0x00007ff8930bd000 	C:\Users\pjoshi11\Anaconda3\envs\py311\DLLs\_lzma.pyd
0x00007ff8846d0000 - 0x00007ff884702000 	C:\Users\pjoshi11\Anaconda3\envs\py311\Library\bin\liblzma.dll
0x00007ff899e20000 - 0x00007ff899e36000 	C:\Users\pjoshi11\Anaconda3\envs\py311\DLLs\_socket.pyd
0x00007ff8bdc30000 - 0x00007ff8bdc6b000 	C:\WINDOWS\SYSTEM32\IPHLPAPI.DLL
0x00007ff89b770000 - 0x00007ff89b779000 	C:\Users\pjoshi11\Anaconda3\envs\py311\DLLs\select.pyd
0x00007ff886b70000 - 0x00007ff886b79000 	C:\Users\pjoshi11\Anaconda3\envs\py311\DLLs\_queue.pyd
0x00007ff884350000 - 0x00007ff884392000 	C:\Users\pjoshi11\Anaconda3\envs\py311\DLLs\_decimal.pyd
0x00007ff899e40000 - 0x00007ff899e60000 	C:\Users\pjoshi11\Anaconda3\envs\py311\DLLs\_ctypes.pyd
0x00007ff8bfca0000 - 0x00007ff8bfdcb000 	C:\WINDOWS\System32\ole32.dll
0x00007ff8c0cf0000 - 0x00007ff8c1043000 	C:\WINDOWS\System32\combase.dll
0x00007ff8c0000000 - 0x00007ff8c002b000 	C:\WINDOWS\System32\GDI32.dll
0x00007ff8bf0f0000 - 0x00007ff8bf112000 	C:\WINDOWS\System32\win32u.dll
0x00007ff8bef20000 - 0x00007ff8bf039000 	C:\WINDOWS\System32\gdi32full.dll
0x00007ff8bed80000 - 0x00007ff8bee1d000 	C:\WINDOWS\System32\msvcp_win.dll
0x00007ff8bf1a0000 - 0x00007ff8bf33d000 	C:\WINDOWS\System32\USER32.dll
0x00007ff8bf540000 - 0x00007ff8bf60d000 	C:\WINDOWS\System32\OLEAUT32.dll
0x00007ff89c530000 - 0x00007ff89c53c000 	C:\Users\pjoshi11\Anaconda3\envs\py311\Library\bin\ffi.dll
0x00007ff8c02e0000 - 0x00007ff8c030f000 	C:\WINDOWS\System32\IMM32.DLL
0x00007ff8c0410000 - 0x00007ff8c0b82000 	C:\WINDOWS\System32\shell32.DLL
0x00007ff886b60000 - 0x00007ff886b70000 	C:\Users\pjoshi11\Anaconda3\envs\py311\DLLs\_hashlib.pyd
0x00007ff856d50000 - 0x00007ff857263000 	C:\Users\pjoshi11\Anaconda3\envs\py311\Library\bin\libcrypto-3-x64.dll
0x00007ff8be920000 - 0x00007ff8bea7d000 	C:\WINDOWS\System32\CRYPT32.dll
0x00007ff884330000 - 0x00007ff88434c000 	C:\Users\pjoshi11\Anaconda3\envs\py311\DLLs\_sqlite3.pyd
0x00007ff860160000 - 0x00007ff8602ce000 	C:\Users\pjoshi11\Anaconda3\envs\py311\Library\bin\sqlite3.dll
0x00007ff884300000 - 0x00007ff88432e000 	C:\Users\pjoshi11\Anaconda3\envs\py311\DLLs\_ssl.pyd
0x00007ff884230000 - 0x00007ff8842f3000 	C:\Users\pjoshi11\Anaconda3\envs\py311\Library\bin\libssl-3-x64.dll
0x00007ff884210000 - 0x00007ff884221000 	C:\Users\pjoshi11\Anaconda3\envs\py311\DLLs\_asyncio.pyd
0x00007ff886b50000 - 0x00007ff886b5e000 	C:\Users\pjoshi11\Anaconda3\envs\py311\DLLs\_overlapped.pyd
0x00007ff8bdfa0000 - 0x00007ff8be00a000 	C:\WINDOWS\system32\mswsock.dll
0x00007ff859b60000 - 0x00007ff859c78000 	C:\Users\pjoshi11\Anaconda3\envs\py311\DLLs\unicodedata.pyd
0x00007ff8913d0000 - 0x00007ff8913d7000 	C:\Users\pjoshi11\Anaconda3\envs\py311\DLLs\_uuid.pyd
0x00007ff89a390000 - 0x00007ff89a3a0000 	C:\Users\pjoshi11\Anaconda3\envs\py311\Lib\site-packages\zmq\backend\cython\_device.cp311-win_amd64.pyd
0x00007ff8845a0000 - 0x00007ff884614000 	C:\Users\pjoshi11\Anaconda3\envs\py311\Library\bin\libzmq-mt-4_3_5.dll
0x00007ff8843a0000 - 0x00007ff88442d000 	C:\Users\pjoshi11\Anaconda3\envs\py311\MSVCP140.dll
0x00007ff89a0f0000 - 0x00007ff89a0fc000 	C:\Users\pjoshi11\Anaconda3\envs\py311\VCRUNTIME140_1.dll
0x00007ff899e00000 - 0x00007ff899e13000 	C:\Users\pjoshi11\Anaconda3\envs\py311\Lib\site-packages\zmq\backend\cython\context.cp311-win_amd64.pyd
0x00007ff8930c0000 - 0x00007ff8930e4000 	C:\Users\pjoshi11\Anaconda3\envs\py311\Lib\site-packages\zmq\backend\cython\socket.cp311-win_amd64.pyd
0x00007ff895d40000 - 0x00007ff895d58000 	C:\Users\pjoshi11\Anaconda3\envs\py311\Lib\site-packages\zmq\backend\cython\message.cp311-win_amd64.pyd
0x00007ff893730000 - 0x00007ff893743000 	C:\Users\pjoshi11\Anaconda3\envs\py311\Lib\site-packages\zmq\backend\cython\_poll.cp311-win_amd64.pyd
0x00007ff899fb0000 - 0x00007ff899fc0000 	C:\Users\pjoshi11\Anaconda3\envs\py311\Lib\site-packages\zmq\backend\cython\_proxy_steerable.cp311-win_amd64.pyd
0x00007ff899df0000 - 0x00007ff899dfc000 	C:\Users\pjoshi11\Anaconda3\envs\py311\Lib\site-packages\zmq\backend\cython\_version.cp311-win_amd64.pyd
0x00007ff895f20000 - 0x00007ff895f2d000 	C:\Users\pjoshi11\Anaconda3\envs\py311\Lib\site-packages\zmq\backend\cython\error.cp311-win_amd64.pyd
0x00007ff895c90000 - 0x00007ff895c9f000 	C:\Users\pjoshi11\Anaconda3\envs\py311\Lib\site-packages\zmq\backend\cython\utils.cp311-win_amd64.pyd
0x00007ff854a60000 - 0x00007ff854f3d000 	C:\Users\pjoshi11\Anaconda3\envs\py311\Lib\site-packages\PyQt5\QtWidgets.pyd
0x00007ff854510000 - 0x00007ff854a5a000 	C:\Users\pjoshi11\Anaconda3\envs\py311\Library\bin\Qt5Widgets_conda.dll
0x00007ff855300000 - 0x00007ff855969000 	C:\Users\pjoshi11\Anaconda3\envs\py311\Library\bin\Qt5Gui_conda.dll
0x00007ff856360000 - 0x00007ff85689d000 	C:\Users\pjoshi11\Anaconda3\envs\py311\Library\bin\Qt5Core_conda.dll
0x00007ff8bba00000 - 0x00007ff8bba9e000 	C:\WINDOWS\SYSTEM32\UxTheme.dll
0x00007ff8bbb40000 - 0x00007ff8bbb6f000 	C:\WINDOWS\SYSTEM32\dwmapi.dll
0x00007ff884130000 - 0x00007ff884139000 	C:\Users\pjoshi11\Anaconda3\envs\py311\MSVCP140_1.dll
0x00007ff8b7720000 - 0x00007ff8b7984000 	C:\WINDOWS\SYSTEM32\d3d11.dll
0x00007ff8bce90000 - 0x00007ff8bcf86000 	C:\WINDOWS\SYSTEM32\dxgi.dll
0x00007ff883450000 - 0x00007ff883484000 	C:\Users\pjoshi11\Anaconda3\envs\py311\Library\bin\libpng16.dll
0x00007ff8a6d00000 - 0x00007ff8a6d1d000 	C:\WINDOWS\SYSTEM32\MPR.dll
0x00007ff8be700000 - 0x00007ff8be72e000 	C:\WINDOWS\SYSTEM32\USERENV.dll
0x00007ff855c20000 - 0x00007ff855feb000 	C:\Users\pjoshi11\Anaconda3\envs\py311\Library\bin\icuin73.dll
0x00007ff855970000 - 0x00007ff855c1a000 	C:\Users\pjoshi11\Anaconda3\envs\py311\Library\bin\icuuc73.dll
0x00007ff874260000 - 0x00007ff874300000 	C:\Users\pjoshi11\Anaconda3\envs\py311\Library\bin\zstd.dll
0x00007ff8a5410000 - 0x00007ff8a5429000 	C:\WINDOWS\SYSTEM32\NETAPI32.dll
0x00007ff8af420000 - 0x00007ff8af447000 	C:\WINDOWS\SYSTEM32\WINMM.dll
0x0000026723c80000 - 0x0000026725b07000 	C:\Users\pjoshi11\Anaconda3\envs\py311\Library\bin\icudt73.dll
0x00007ff8bdd40000 - 0x00007ff8bdd4c000 	C:\WINDOWS\SYSTEM32\NETUTILS.DLL
0x00007ff8bd3d0000 - 0x00007ff8bd3f8000 	C:\WINDOWS\SYSTEM32\SRVCLI.DLL
0x00007ff8be190000 - 0x00007ff8be19c000 	C:\WINDOWS\SYSTEM32\CRYPTBASE.DLL
0x00007ff8834f0000 - 0x00007ff883512000 	C:\Users\pjoshi11\Anaconda3\envs\py311\Lib\site-packages\PyQt5\sip.cp311-win_amd64.pyd
0x00007ff8568a0000 - 0x00007ff856b03000 	C:\Users\pjoshi11\Anaconda3\envs\py311\Lib\site-packages\PyQt5\QtCore.pyd
0x00007ff8560f0000 - 0x00007ff856358000 	C:\Users\pjoshi11\Anaconda3\envs\py311\Lib\site-packages\PyQt5\QtGui.pyd
0x00007ff85a5e0000 - 0x00007ff85a5f1000 	C:\Users\pjoshi11\Anaconda3\envs\py311\DLLs\_tkinter.pyd
0x00007ff84d0f0000 - 0x00007ff84d298000 	C:\Users\pjoshi11\Anaconda3\envs\py311\Library\bin\tcl86t.dll
0x00007ff84cf80000 - 0x00007ff84d0f0000 	C:\Users\pjoshi11\Anaconda3\envs\py311\Library\bin\tk86t.dll
0x00007ff8bf3a0000 - 0x00007ff8bf47a000 	C:\WINDOWS\System32\COMDLG32.dll
0x00007ff8c0b90000 - 0x00007ff8c0c3d000 	C:\WINDOWS\System32\shcore.dll
0x00007ff8bfa90000 - 0x00007ff8bfaeb000 	C:\WINDOWS\System32\SHLWAPI.dll
0x00007ff8a4270000 - 0x00007ff8a450b000 	C:\WINDOWS\WinSxS\amd64_microsoft.windows.common-controls_6595b64144ccf1df_6.0.19041.6926_none_60b5a53971f8f7e6\COMCTL32.dll
0x00007ff8bdd50000 - 0x00007ff8bdd93000 	C:\WINDOWS\SYSTEM32\LOGONCLI.DLL
0x00007ff8a98b0000 - 0x00007ff8a98c9000 	C:\WINDOWS\SYSTEM32\SAMCLI.DLL
0x00007ff853330000 - 0x00007ff853608000 	C:\Users\pjoshi11\Anaconda3\envs\py311\Lib\site-packages\numpy\core\_multiarray_umath.cp311-win_amd64.pyd
0x00007ff83c620000 - 0x00007ff83e6d6000 	C:\Users\pjoshi11\Anaconda3\envs\py311\Lib\site-packages\numpy.libs\libopenblas64__v0.3.23-293-gc2f4bdbb-gcc_10_3_0-2bde3a66a51006b2b53eb373ff767a3f.dll
0x00007ff86ebe0000 - 0x00007ff86ebf4000 	C:\Users\pjoshi11\Anaconda3\envs\py311\Lib\site-packages\numpy\core\_multiarray_tests.cp311-win_amd64.pyd
0x00007ff86e0b0000 - 0x00007ff86e0cd000 	C:\Users\pjoshi11\Anaconda3\envs\py311\Lib\site-packages\numpy\linalg\_umath_linalg.cp311-win_amd64.pyd
0x00007ff86d750000 - 0x00007ff86d76e000 	C:\Users\pjoshi11\Anaconda3\envs\py311\Lib\site-packages\numpy\fft\_pocketfft_internal.cp311-win_amd64.pyd
0x00007ff85ac40000 - 0x00007ff85acd7000 	C:\Users\pjoshi11\Anaconda3\envs\py311\Lib\site-packages\numpy\random\mtrand.cp311-win_amd64.pyd
0x00007ff869bc0000 - 0x00007ff869bec000 	C:\Users\pjoshi11\Anaconda3\envs\py311\Lib\site-packages\numpy\random\bit_generator.cp311-win_amd64.pyd
0x00007ff869210000 - 0x00007ff86923f000 	C:\Users\pjoshi11\Anaconda3\envs\py311\Lib\site-packages\numpy\random\_common.cp311-win_amd64.pyd
0x00007ff861b90000 - 0x00007ff861bd3000 	C:\Users\pjoshi11\Anaconda3\envs\py311\Lib\site-packages\numpy\random\_bounded_integers.cp311-win_amd64.pyd
0x00007ff86d450000 - 0x00007ff86d466000 	C:\Users\pjoshi11\Anaconda3\envs\py311\Lib\site-packages\numpy\random\_mt19937.cp311-win_amd64.pyd
0x00007ff86b8e0000 - 0x00007ff86b8f5000 	C:\Users\pjoshi11\Anaconda3\envs\py311\Lib\site-packages\numpy\random\_philox.cp311-win_amd64.pyd
0x00007ff868fa0000 - 0x00007ff868fb9000 	C:\Users\pjoshi11\Anaconda3\envs\py311\Lib\site-packages\numpy\random\_pcg64.cp311-win_amd64.pyd
0x00007ff8741b0000 - 0x00007ff8741c0000 	C:\Users\pjoshi11\Anaconda3\envs\py311\Lib\site-packages\numpy\random\_sfc64.cp311-win_amd64.pyd
0x00007ff854460000 - 0x00007ff85450f000 	C:\Users\pjoshi11\Anaconda3\envs\py311\Lib\site-packages\numpy\random\_generator.cp311-win_amd64.pyd
0x00007ff866b60000 - 0x00007ff866b6b000 	C:\Users\pjoshi11\Anaconda3\envs\py311\Lib\site-packages\pandas\_libs\pandas_parser.cp311-win_amd64.pyd
0x00007ff8660a0000 - 0x00007ff8660ac000 	C:\Users\pjoshi11\Anaconda3\envs\py311\Lib\site-packages\pandas\_libs\pandas_datetime.cp311-win_amd64.pyd
0x00007ff84ce60000 - 0x00007ff84cf78000 	C:\Users\pjoshi11\Anaconda3\envs\py311\Lib\site-packages\pandas\_libs\interval.cp311-win_amd64.pyd
0x00007ff84cc90000 - 0x00007ff84ce57000 	C:\Users\pjoshi11\Anaconda3\envs\py311\Lib\site-packages\pandas\_libs\hashtable.cp311-win_amd64.pyd
0x00007ff859940000 - 0x00007ff859970000 	C:\Users\pjoshi11\Anaconda3\envs\py311\Lib\site-packages\pandas\_libs\missing.cp311-win_amd64.pyd
0x00007ff855290000 - 0x00007ff8552bd000 	C:\Users\pjoshi11\Anaconda3\envs\py311\Lib\site-packages\pandas\_libs\tslibs\dtypes.cp311-win_amd64.pyd
0x00007ff853280000 - 0x00007ff853295000 	C:\Users\pjoshi11\Anaconda3\envs\py311\Lib\site-packages\pandas\_libs\tslibs\ccalendar.cp311-win_amd64.pyd
0x00007ff853260000 - 0x00007ff853280000 	C:\Users\pjoshi11\Anaconda3\envs\py311\Lib\site-packages\pandas\_libs\tslibs\np_datetime.cp311-win_amd64.pyd
0x00007ff853220000 - 0x00007ff85325c000 	C:\Users\pjoshi11\Anaconda3\envs\py311\Lib\site-packages\pandas\_libs\tslibs\conversion.cp311-win_amd64.pyd
0x00007ff852ab0000 - 0x00007ff852ac1000 	C:\Users\pjoshi11\Anaconda3\envs\py311\Lib\site-packages\pandas\_libs\tslibs\base.cp311-win_amd64.pyd
0x00007ff84e120000 - 0x00007ff84e1fd000 	C:\Users\pjoshi11\Anaconda3\envs\py311\Lib\site-packages\pandas\_libs\tslibs\offsets.cp311-win_amd64.pyd
0x00007ff84cc00000 - 0x00007ff84cc81000 	C:\Users\pjoshi11\Anaconda3\envs\py311\Lib\site-packages\pandas\_libs\tslibs\timestamps.cp311-win_amd64.pyd
0x00007ff8511a0000 - 0x00007ff8511d5000 	C:\Users\pjoshi11\Anaconda3\envs\py311\Lib\site-packages\pandas\_libs\tslibs\nattype.cp311-win_amd64.pyd
0x00007ff84cb80000 - 0x00007ff84cbf8000 	C:\Users\pjoshi11\Anaconda3\envs\py311\Lib\site-packages\pandas\_libs\tslibs\timedeltas.cp311-win_amd64.pyd
0x00007ff851160000 - 0x00007ff85119a000 	C:\Users\pjoshi11\Anaconda3\envs\py311\Lib\site-packages\pandas\_libs\tslibs\timezones.cp311-win_amd64.pyd
0x00007ff865d00000 - 0x00007ff865d0d000 	C:\Users\pjoshi11\Anaconda3\envs\py311\DLLs\_zoneinfo.pyd
0x0000026725b50000 - 0x0000026725b53000 	C:\WINDOWS\SYSTEM32\tzres.dll
0x00007ff84cb30000 - 0x00007ff84cb76000 	C:\Users\pjoshi11\Anaconda3\envs\py311\Lib\site-packages\pandas\_libs\tslibs\fields.cp311-win_amd64.pyd

dbghelp: loaded successfully - version: 4.0.5 - missing functions: none
symbol engine: initialized successfully - sym options: 0x614 - pdb path: .;C:\Users\pjoshi11\Anaconda3\envs\py311;C:\WINDOWS\SYSTEM32;C:\Users\pjoshi11\Anaconda3\envs\py311\DLLs;C:\Users\pjoshi11\Anaconda3\envs\py311\Library\bin;C:\Users\pjoshi11\Anaconda3\envs\py311\Lib\site-packages\zmq\backend\cython;C:\Users\pjoshi11\Anaconda3\envs\py311\Lib\site-packages\PyQt5;C:\WINDOWS\WinSxS\amd64_microsoft.windows.common-controls_6595b64144ccf1df_6.0.19041.6926_none_60b5a53971f8f7e6;C:\Users\pjoshi11\Anaconda3\envs\py311\Lib\site-packages\numpy\core;C:\Users\pjoshi11\Anaconda3\envs\py311\Lib\site-packages\numpy.libs;C:\Users\pjoshi11\Anaconda3\envs\py311\Lib\site-packages\numpy\linalg;C:\Users\pjoshi11\Anaconda3\envs\py311\Lib\site-packages\numpy\fft;C:\Users\pjoshi11\Anaconda3\envs\py311\Lib\site-packages\numpy\random;C:\Users\pjoshi11\Anaconda3\envs\py311\Lib\site-packages\pandas\_libs;C:\Users\pjoshi11\Anaconda3\envs\py311\Lib\site-packages\pandas\_libs\tslibs;C:\Users\pjoshi11\Anaconda3\envs\py311\Lib\site-packages\pandas\_libs\window;C:\Users\pjoshi11\Anaconda3\envs\py311\Lib\site-packages\pandas.libs;C:\Users\pjoshi11\Anaconda3\envs\py311\Lib\site-packages\tornado;C:\Users\pjoshi11\Anaconda3\envs\py311\Lib\site-packages\psutil;C:\Users\pjoshi11\AppData\Roaming\Python\Python311\site-packages\matplotlib;C:\Users\pjoshi11\Anaconda3\envs\py311\Lib\site-packages\PIL;C:\Users\pjoshi11\Anaconda3\envs\py311\Lib\site-packages\kiwisolver;C:\Users\pjoshi11\AppData\Roaming\Python\Python311\site-packages\matplotlib\backends;C:\Users\pjoshi11\Anaconda3\envs\py311\Lib\site-packages\debugpy\_vendored\pydevd\_pydevd_bundle;C:\Users\pjoshi11\Anaconda3\envs\py311\Lib\site-packages;C:\Program Files\COMSOL\COMSOL64\Multiphysics\java\win64\jre\bin\server;C:\Program Files\COMSOL\COMSOL64\Multiphysics\java\win64\jre\bin;C:\Program Files\National Instruments\Shared\mDNS Responder

VM Arguments:
java_command: <unknown>
java_class_path (initial): C:\Program Files\COMSOL\COMSOL64\Multiphysics\apiplugins\com.comsol.api_1.0.0.jar;C:\Program Files\COMSOL\COMSOL64\Multiphysics\apiplugins\com.comsol.clientapi_1.0.0.jar;C:\Program Files\COMSOL\COMSOL64\Multiphysics\apiplugins\com.comsol.client_1.0.0.jar;C:\Program Files\COMSOL\COMSOL64\Multiphysics\apiplugins\com.comsol.communication_1.0.0.jar;C:\Program Files\COMSOL\COMSOL64\Multiphysics\apiplugins\com.comsol.doc_1.0.0.jar;C:\Program Files\COMSOL\COMSOL64\Multiphysics\apiplugins\com.comsol.nativebasicutil_1.0.0.jar;C:\Program Files\COMSOL\COMSOL64\Multiphysics\apiplugins\com.comsol.nativejni_1.0.0.jar;C:\Program Files\COMSOL\COMSOL64\Multiphysics\apiplugins\com.comsol.resources_1.0.0.jar;C:\Program Files\COMSOL\COMSOL64\Multiphysics\apiplugins\com.comsol.security_1.0.0.jar;C:\Program Files\COMSOL\COMSOL64\Multiphysics\apiplugins\com.comsol.systemutils_1.0.0.jar;C:\Program Files\COMSOL\COMSOL64\Multiphysics\apiplugins\com.comsol.util_1.0.0.jar;C:\Program Files\COMSOL\COMSOL64\Multiphysics\apiplugins\javax.websocket-1.0.0.v20140310-1603.jar;C:\Program Files\COMSOL\COMSOL64\Multiphysics\apiplugins\org.eclipse.core.contenttype_3.7.600.v20200124-1609.jar;C:\Program Files\COMSOL\COMSOL64\Multiphysics\apiplugins\org.eclipse.core.jobs_3.10.700.v20200106-1020.jar;C:\Program Files\COMSOL\COMSOL64\Multiphysics\apiplugins\org.eclipse.core.runtime_3.17.100.v20200203-0917.jar;C:\Program Files\COMSOL\COMSOL64\Multiphysics\apiplugins\org.eclipse.emf.common_2.18.0.v20191225-1014.jar;C:\Program Files\COMSOL\COMSOL64\Multiphysics\apiplugins\org.eclipse.emf.ecore.xmi_2.16.0.v20190528-0725.jar;C:\Program Files\COMSOL\COMSOL64\Multiphysics\apiplugins\org.eclipse.emf.ecore_2.21.0.v20200127-1342.jar;C:\Program Files\COMSOL\COMSOL64\Multiphysics\apiplugins\org.eclipse.equinox.app_1.4.400.v20191212-0743.jar;C:\Program Files\COMSOL\COMSOL64\Multiphysics\apiplugins\org.eclipse.equinox.common_3.11.0.v20200206-0817.jar;C:\Program Files\COMSOL\COMSOL64\Multiphysics\apiplugins\org.eclipse.equinox.preferences_3.7.700.v20191213-1901.jar;C:\Program Files\COMSOL\COMSOL64\Multiphysics\apiplugins\org.eclipse.equinox.registry_3.8.700.v20200121-1457.jar;C:\Program Files\COMSOL\COMSOL64\Multiphysics\apiplugins\org.eclipse.jetty.jetty-client-9.4.58.v20250814.jar;C:\Program Files\COMSOL\COMSOL64\Multiphysics\apiplugins\org.eclipse.jetty.jetty-http-9.4.58.v20250814.jar;C:\Program Files\COMSOL\COMSOL64\Multiphysics\apiplugins\org.eclipse.jetty.jetty-io-9.4.58.v20250814.jar;C:\Program Files\COMSOL\COMSOL64\Multiphysics\apiplugins\org.eclipse.jetty.jetty-util-9.4.58.v20250814.jar;C:\Program Files\COMSOL\COMSOL64\Multiphysics\apiplugins\org.eclipse.jetty.jetty-util-ajax-9.4.58.v20250814.jar;C:\Program Files\COMSOL\COMSOL64\Multiphysics\apiplugins\org.eclipse.jetty.websocket.javax-websocket-client-impl-9.4.58.v20250814.jar;C:\Program Files\COMSOL\COMSOL64\Multiphysics\apiplugins\org.eclipse.jetty.websocket.websocket-api-9.4.58.v20250814.jar;C:\Program Files\COMSOL\COMSOL64\Multiphysics\apiplugins\org.eclipse.jetty.websocket.websocket-client-9.4.58.v20250814.jar;C:\Program Files\COMSOL\COMSOL64\Multiphysics\apiplugins\org.eclipse.jetty.websocket.websocket-common-9.4.58.v20250814.jar;C:\Program Files\COMSOL\COMSOL64\Multiphysics\apiplugins\org.eclipse.osgi.services_3.8.0.v20190206-2147.jar;C:\Program Files\COMSOL\COMSOL64\Multiphysics\apiplugins\org.eclipse.osgi.util_3.5.300.v20190708-1141.jar;C:\Program Files\COMSOL\COMSOL64\Multiphysics\apiplugins\org.eclipse.osgi_3.15.200.v20200214-1600.jar;C:\Program Files\COMSOL\COMSOL64\Multiphysics\apiplugins\truezip-6.jar;C:\Users\pjoshi11\Anaconda3\envs\py311\Lib\site-packages\org.jpype.jar
Launcher Type: generic

[Global flags]
     intx CICompilerCount                          = 4                                         {product} {ergonomic}
     uint ConcGCThreads                            = 2                                         {product} {ergonomic}
     uint G1ConcRefinementThreads                  = 8                                         {product} {ergonomic}
   size_t G1HeapRegionSize                         = 2097152                                   {product} {ergonomic}
    uintx GCDrainStackTargetSize                   = 64                                        {product} {ergonomic}
   size_t InitialHeapSize                          = 264241152                                 {product} {ergonomic}
   size_t MarkStackSize                            = 4194304                                   {product} {ergonomic}
   size_t MaxHeapSize                              = 4223664128                                {product} {ergonomic}
   size_t MaxNewSize                               = 2533359616                                {product} {ergonomic}
   size_t MinHeapDeltaBytes                        = 2097152                                   {product} {ergonomic}
   size_t MinHeapSize                              = 8388608                                   {product} {ergonomic}
    uintx NonNMethodCodeHeapSize                   = 5839372                                {pd product} {ergonomic}
    uintx NonProfiledCodeHeapSize                  = 122909434                              {pd product} {ergonomic}
    uintx ProfiledCodeHeapSize                     = 122909434                              {pd product} {ergonomic}
    uintx ReservedCodeCacheSize                    = 251658240                              {pd product} {ergonomic}
     bool SegmentedCodeCache                       = true                                      {product} {ergonomic}
   size_t SoftMaxHeapSize                          = 4223664128                             {manageable} {ergonomic}
     bool UseCompressedOops                        = true                           {product lp64_product} {ergonomic}
     bool UseG1GC                                  = true                                      {product} {ergonomic}
     bool UseLargePagesIndividualAllocation        = false                                  {pd product} {ergonomic}

Logging:
Log output configuration:
 #0: stdout all=warning uptime,level,tags foldmultilines=false
 #1: stderr all=off uptime,level,tags foldmultilines=false

Environment Variables:
PATH=C:\Program Files\COMSOL\COMSOL64\Multiphysics\java\win64\jre\bin;C:\Users\pjoshi11\Anaconda3\envs\py311;C:\Users\pjoshi11\Anaconda3\envs\py311\Library\mingw-w64\bin;C:\Users\pjoshi11\Anaconda3\envs\py311\Library\usr\bin;C:\Users\pjoshi11\Anaconda3\envs\py311\Library\bin;C:\Users\pjoshi11\Anaconda3\envs\py311\Scripts;C:\Users\pjoshi11\Anaconda3\envs\py311\bin;C:\Users\pjoshi11\Anaconda3\condabin;C:\Users\pjoshi11\Anaconda3\envs\py311;C:\Users\pjoshi11\Anaconda3\envs\py311\Library\mingw-w64\bin;C:\Users\pjoshi11\Anaconda3\envs\py311\Library\usr\bin;C:\Users\pjoshi11\Anaconda3\envs\py311\Library\bin;C:\Users\pjoshi11\Anaconda3\envs\py311\Scripts;C:\WINDOWS\system32;C:\WINDOWS;C:\WINDOWS\System32\Wbem;C:\WINDOWS\System32\WindowsPowerShell\v1.0;C:\WINDOWS\System32\OpenSSH;C:\Program Files\FLIR Systems\Spinnaker\bin64\vs2015;C:\Program Files\FLIR Systems\Spinnaker\bin\vs2015;C:\Program Files (x86)\IVI Foundation\VISA\WinNT\Bin;C:\Program Files (x86)\IVI Foundation\VISA\WinNT\Bin;C:\Program Files\IVI Foundation\VISA\Win64\Bin;C:\Program Files\dotnet;C:\Windows\System32;C:\Users\pjoshi11\AppData\Local\Microsoft\WindowsApps;C:\Users\pjoshi11\AppData\Local\GitHubDesktop\bin
USERNAME=pjoshi11
LANG=en
TERM=xterm-color
OS=Windows_NT
PROCESSOR_IDENTIFIER=Intel64 Family 6 Model 140 Stepping 1, GenuineIntel
TMP=C:\Users\pjoshi11\AppData\Local\Temp
TEMP=C:\Users\pjoshi11\AppData\Local\Temp




Periodic native trim disabled

---------------  S Y S T E M  ---------------

OS:
 Windows 10 , 64 bit Build 19041 (10.0.19041.6807)
OS uptime: 8 days 1:06 hours

CPU: total 8 (initial active 8) (4 cores per cpu, 2 threads per core) family 6 model 140 stepping 1 microcode 0x9c, cx8, cmov, fxsr, ht, mmx, 3dnowpref, sse, sse2, sse3, ssse3, sse4.1, sse4.2, popcnt, lzcnt, tsc, tscinvbit, avx, avx2, aes, erms, clmul, bmi1, bmi2, adx, avx512f, avx512dq, avx512cd, avx512bw, avx512vl, sha, fma, vzeroupper, avx512_vpopcntdq, avx512_vpclmulqdq, avx512_vaes, avx512_vnni, clflush, clflushopt, clwb, avx512_vbmi2, avx512_vbmi, rdtscp, rdpid, fsrm, gfni, avx512_bitalg, f16c, pku, cet_ibt, cet_ss, avx512_ifma
Processor Information for the first 8 processors :
  Max Mhz: 1690, Current Mhz: 1690, Mhz Limit: 1690

Memory: 4k page, system-wide physical 16110M (4506M free)
TotalPageFile size 40090M (AvailPageFile size 12139M)
current process WorkingSet (physical memory assigned to process): 345M, peak: 387M
current process commit charge ("private bytes"): 723M, peak: 731M

vm_info: OpenJDK 64-Bit Server VM (21.0.7+6-LTS) for windows-amd64 JRE (21.0.7+6-LTS), built on 2025-04-15T00:00:00Z by "admin" with MS VC++ 17.7 (VS2022)

END.
