#
# A fatal error has been detected by the Java Runtime Environment:
#
#  Internal Error (os_windows_x86.cpp:144), pid=20672, tid=21576
#  guarantee(result == EXCEPTION_CONTINUE_EXECUTION) failed: Unexpected result from topLevelExceptionFilter
#
# JRE version: OpenJDK Runtime Environment Temurin-21.0.7+6 (21.0.7+6) (build 21.0.7+6-LTS)
# Java VM: OpenJDK 64-Bit Server VM Temurin-21.0.7+6 (21.0.7+6-LTS, mixed mode, sharing, tiered, compressed oops, compressed class ptrs, g1 gc, windows-amd64)
# No core dump will be written. Minidumps are not enabled by default on client versions of Windows
#
# If you would like to submit a bug report, please visit:
#   https://github.com/adoptium/adoptium-support/issues
# The crash happened outside the Java Virtual Machine in native code.
# See problematic frame for where to report the bug.
#

---------------  S U M M A R Y ------------

Command Line: 

Host: 11th Gen Intel(R) Core(TM) i7-1165G7 @ 2.80GHz, 8 cores, 15G,  Windows 10 , 64 bit Build 19041 (10.0.19041.6807)
Time: Thu Mar 26 10:08:25 2026 Eastern Daylight Time elapsed time: 14.683689 seconds (0d 0h 0m 14s)

---------------  T H R E A D  ---------------

Current thread (0x0000020b496cff30):  JavaThread "Python Reference Queue" daemon [_thread_in_native, id=21576, stack(0x0000004703870000,0x0000004703a60000) (1984K)]

Stack: [0x0000004703870000,0x0000004703a60000]
Native frames: (J=compiled Java code, j=interpreted, Vv=VM code, C=native code)
C  0x00007fffd1c5e119
C  0x00007fffd1e384a1
C  0x00007fffd1e3a9ce
C  0x00007fffd1e3b067
C  0x00007fffd180f827
C  0x00007fffd1c5db03
C  [ntdll.dll+0xa2a1f]
C  [ntdll.dll+0x52554]
C  [ntdll.dll+0xa152e]
C  [tcl86t.dll+0xe8b9d]
C  [tcl86t.dll+0xe8bd2]
C  [tcl86t.dll+0x12de4]
C  [tcl86t.dll+0x154f3]
C  [_tkinter.pyd+0x4963]
C  [python311.dll+0x15ee0e]  subtype_clear+0xee  (typeobject.c:1279)
C  [python311.dll+0x76413]  delete_garbage+0x133  (gcmodule.c:1014)
C  [python311.dll+0x76b54]  gc_collect_main+0x584  (gcmodule.c:1291)
C  [python311.dll+0x77155]  gc_collect_with_callback+0x45  (gcmodule.c:1401)
C  [python311.dll+0x78124]  PyGC_Collect+0x94  (gcmodule.c:2087)
C  0x00007ff884539d87
C  0x0000020b56aacf4b

The last pc belongs to native method entry point (kind = native) (printed below).
Java frames: (J=compiled Java code, j=interpreted, Vv=VM code)
j  org.jpype.ref.JPypeReferenceNative.wake()V+0
j  org.jpype.ref.JPypeReferenceQueue$Worker.run()V+42
j  java.lang.Thread.runWith(Ljava/lang/Object;Ljava/lang/Runnable;)V+5 java.base@21.0.7
j  java.lang.Thread.run()V+19 java.base@21.0.7
v  ~StubRoutines::call_stub 0x0000020b56aa10e7
native method entry point (kind = native)  [0x0000020b56aacb20, 0x0000020b56aad748]  3112 bytes
[MachCode]
  0x0000020b56aacb20: 488b 4b08 | 0fb7 492e | 584c 8d74 | ccf8 6800 | 0000 0068 | 0000 0000 | 5055 488b | ec41 5568 
  0x0000020b56aacb40: 0000 0000 | 4c8b 6b08 | 4d8d 6d38 | 5348 8b53 | 0848 8b52 | 0848 8b52 | 1848 8b52 | 7048 8b12 
  0x0000020b56aacb60: 5248 8b53 | 1048 85d2 | 0f84 0700 | 0000 4881 | c208 0100 | 0052 488b | 5308 488b | 5208 488b 
  0x0000020b56aacb80: 5210 5249 | 8bc6 482b | c548 c1e8 | 0350 6800 | 0000 0068 | 0000 0000 | 4889 2424 | 41c6 8771 
  0x0000020b56aacba0: 0400 0001 | 488b 4310 | 4885 c074 | 208b 88cc | 0000 0083 | c102 8988 | cc00 0000 | 2388 e000 
  0x0000020b56aacbc0: 0000 0f84 | cb0a 0000 | e9cf 0000 | 0048 8b43 | 1848 85c0 | 0f85 b000 | 0000 e805 | 0000 00e9 
  0x0000020b56aacbe0: 9900 0000 | 488b d348 | 8d44 2408 | 4c89 6dc0 | 498b cfc5 | f877 4989 | afa8 0300 | 0049 8987 
  0x0000020b56aacc00: 9803 0000 | 4883 ec20 | 40f6 c40f | 0f84 1900 | 0000 4883 | ec08 48b8 | 9051 96d1 | ff7f 0000 
  0x0000020b56aacc20: ffd0 4883 | c408 e90c | 0000 0048 | b890 5196 | d1ff 7f00 | 00ff d048 | 83c4 2049 | c787 9803 
  0x0000020b56aacc40: 0000 0000 | 0000 49c7 | 87a8 0300 | 0000 0000 | 0049 c787 | a003 0000 | 0000 0000 | c5f8 7749 
  0x0000020b56aacc60: 837f 0800 | 0f84 0500 | 0000 e991 | 42ff ff4c | 8b6d c04c | 8b75 c84e | 8d74 f500 | c348 8b43 
  0x0000020b56aacc80: 1848 85c0 | 0f84 1200 | 0000 8b48 | 0883 c102 | 8948 0823 | 481c 0f84 | f709 0000 | 493b a7e0 
  0x0000020b56aacca0: 0400 000f | 8748 0000 | 0089 8424 | 00f0 ffff | 8984 2400 | e0ff ff89 | 8424 00d0 | ffff 8984 
  0x0000020b56aaccc0: 2400 c0ff | ff89 8424 | 00b0 ffff | 8984 2400 | a0ff ff89 | 8424 0090 | ffff 8984 | 2400 80ff 
  0x0000020b56aacce0: ff49 3ba7 | d804 0000 | 7607 4989 | a7e0 0400 | 0041 c687 | 7104 0000 | 0049 ba3d | 5b22 d2ff 
  0x0000020b56aacd00: 7f00 0041 | 803a 000f | 843e 0000 | 0048 8b55 | e849 8bcf | 4883 ec20 | 40f6 c40f | 0f84 1900 
  0x0000020b56aacd20: 0000 4883 | ec08 48b8 | 504b ccd1 | ff7f 0000 | ffd0 4883 | c408 e90c | 0000 0048 | b850 4bcc 
  0x0000020b56aacd40: d1ff 7f00 | 00ff d048 | 83c4 2048 | 8b5d e84c | 8b5b 0845 | 0fb7 5b2e | 41c1 e303 | 492b e348 
  0x0000020b56aacd60: 83ec 2048 | 83e4 f04c | 8b5b 604d | 85db 0f85 | ab00 0000 | e805 0000 | 00e9 9900 | 0000 488b 
  0x0000020b56aacd80: d348 8d44 | 2408 4c89 | 6dc0 498b | cfc5 f877 | 4989 afa8 | 0300 0049 | 8987 9803 | 0000 4883 
  0x0000020b56aacda0: ec20 40f6 | c40f 0f84 | 1900 0000 | 4883 ec08 | 48b8 a078 | 96d1 ff7f | 0000 ffd0 | 4883 c408 
  0x0000020b56aacdc0: e90c 0000 | 0048 b8a0 | 7896 d1ff | 7f00 00ff | d048 83c4 | 2049 c787 | 9803 0000 | 0000 0000 
  0x0000020b56aacde0: 49c7 87a8 | 0300 0000 | 0000 0049 | c787 a003 | 0000 0000 | 0000 c5f8 | 7749 837f | 0800 0f84 
  0x0000020b56aace00: 0500 0000 | e9f7 40ff | ff4c 8b6d | c04c 8b75 | c84e 8d74 | f500 c348 | 8b5d e84c | 8b5b 6041 
  0x0000020b56aace20: ffd3 488b | 5de8 4889 | 4518 448b | 5b28 41f6 | c308 0f84 | 1b00 0000 | 4c8b 5b08 | 4d8b 5b08 
  0x0000020b56aace40: 4d8b 5b18 | 4d8b 5b70 | 4d8b 1b4c | 895d 1048 | 8d55 1048 | 8b43 5849 | baa0 a0cc | d1ff 7f00 
  0x0000020b56aace60: 0049 3bc2 | 0f85 ab00 | 0000 e805 | 0000 00e9 | 9900 0000 | 488b d348 | 8d44 2408 | 4c89 6dc0 
  0x0000020b56aace80: 498b cfc5 | f877 4989 | afa8 0300 | 0049 8987 | 9803 0000 | 4883 ec20 | 40f6 c40f | 0f84 1900 
  0x0000020b56aacea0: 0000 4883 | ec08 48b8 | a078 96d1 | ff7f 0000 | ffd0 4883 | c408 e90c | 0000 0048 | b8a0 7896 
  0x0000020b56aacec0: d1ff 7f00 | 00ff d048 | 83c4 2049 | c787 9803 | 0000 0000 | 0000 49c7 | 87a8 0300 | 0000 0000 
  0x0000020b56aacee0: 0049 c787 | a003 0000 | 0000 0000 | c5f8 7749 | 837f 0800 | 0f84 0500 | 0000 e901 | 40ff ff4c 
  0x0000020b56aacf00: 8b6d c04c | 8b75 c84e | 8d74 f500 | c348 8b5d | e848 8b43 | 5849 8d8f | b803 0000 | c5f8 7749 
  0x0000020b56aacf20: 89af a803 | 0000 49ba | 1ccf aa56 | 0b02 0000 | 4d89 97a0 | 0300 0049 | 89a7 9803 | 0000 41c7 
  0x0000020b56aacf40: 8744 0400 | 0004 0000 | 00ff d0c5 | f877 4883 | ec10 c5fb | 1104 2448 | 83ec 1048 | 8904 2448 
  0x0000020b56aacf60: c744 2408 | 0000 0000 | 41c7 8744 | 0400 0005 | 0000 00f0 | 8344 24c0 | 0049 3baf | 4804 0000 
  0x0000020b56aacf80: 0f87 0e00 | 0000 4183 | bf40 0400 | 0000 0f84 | 2000 0000 | 498b cf4c | 8be4 4883 | ec20 4883 
  0x0000020b56aacfa0: e4f0 48b8 | 00d1 97d1 | ff7f 0000 | ffd0 498b | e44d 33e4 | 41c7 8744 | 0400 0008 | 0000 0049 
  0x0000020b56aacfc0: c787 9803 | 0000 0000 | 0000 49c7 | 87a8 0300 | 0000 0000 | 0049 c787 | a003 0000 | 0000 0000 
  0x0000020b56aacfe0: c5f8 774d | 8b9f 2804 | 0000 41c7 | 8300 0100 | 0000 0000 | 0049 bbda | a3aa 560b | 0200 004c 
  0x0000020b56aad000: 3b5d 180f | 8524 0300 | 0048 8b04 | 2448 83c4 | 1048 85c0 | 0f84 fe02 | 0000 a803 | 0f85 0800 
  0x0000020b56aad020: 0000 488b | 00e9 ee02 | 0000 a801 | 0f85 0900 | 0000 488b | 40fe e9dd | 0200 0048 | 8b40 ff41 
  0x0000020b56aad040: 807f 4000 | 0f84 ce02 | 0000 4883 | f800 0f84 | c402 0000 | 4d8b 5f28 | 4983 fb00 | 0f84 1400 
  0x0000020b56aad060: 0000 4983 | eb08 4d89 | 5f28 4d03 | 5f38 4989 | 03e9 a202 | 0000 4881 | ec50 0100 | 0048 8904 
  0x0000020b56aad080: 2448 894c | 2408 4889 | 5424 1048 | 8974 2418 | 4889 7c24 | 204c 8944 | 2428 4c89 | 4c24 304c 
  0x0000020b56aad0a0: 8954 2438 | 4c89 5c24 | 40c5 fb11 | 4424 50c5 | fb11 4c24 | 58c5 fb11 | 5424 60c5 | fb11 5c24 
  0x0000020b56aad0c0: 68c5 fb11 | 6424 70c5 | fb11 6c24 | 78c5 fb11 | b424 8000 | 0000 c5fb | 11bc 2488 | 0000 00c5 
  0x0000020b56aad0e0: 7b11 8424 | 9000 0000 | c57b 118c | 2498 0000 | 00c5 7b11 | 9424 a000 | 0000 c57b | 119c 24a8 
  0x0000020b56aad100: 0000 00c5 | 7b11 a424 | b000 0000 | c57b 11ac | 24b8 0000 | 00c5 7b11 | b424 c000 | 0000 c57b 
  0x0000020b56aad120: 11bc 24c8 | 0000 0062 | e1ff 0811 | 4424 1a62 | e1ff 0811 | 4c24 1b62 | e1ff 0811 | 5424 1c62 
  0x0000020b56aad140: e1ff 0811 | 5c24 1d62 | e1ff 0811 | 6424 1e62 | e1ff 0811 | 6c24 1f62 | e1ff 0811 | 7424 2062 
  0x0000020b56aad160: e1ff 0811 | 7c24 2162 | 61ff 0811 | 4424 2262 | 61ff 0811 | 4c24 2362 | 61ff 0811 | 5424 2462 
  0x0000020b56aad180: 61ff 0811 | 5c24 2562 | 61ff 0811 | 6424 2662 | 61ff 0811 | 6c24 2762 | 61ff 0811 | 7424 2862 
  0x0000020b56aad1a0: 61ff 0811 | 7c24 2949 | 8bd7 488b | c848 83ec | 2040 f6c4 | 0f0f 8419 | 0000 0048 | 83ec 0848 
  0x0000020b56aad1c0: b8c0 148b | d1ff 7f00 | 00ff d048 | 83c4 08e9 | 0c00 0000 | 48b8 c014 | 8bd1 ff7f | 0000 ffd0 
  0x0000020b56aad1e0: 4883 c420 | 6261 ff08 | 107c 2429 | 6261 ff08 | 1074 2428 | 6261 ff08 | 106c 2427 | 6261 ff08 
  0x0000020b56aad200: 1064 2426 | 6261 ff08 | 105c 2425 | 6261 ff08 | 1054 2424 | 6261 ff08 | 104c 2423 | 6261 ff08 
  0x0000020b56aad220: 1044 2422 | 62e1 ff08 | 107c 2421 | 62e1 ff08 | 1074 2420 | 62e1 ff08 | 106c 241f | 62e1 ff08 
  0x0000020b56aad240: 1064 241e | 62e1 ff08 | 105c 241d | 62e1 ff08 | 1054 241c | 62e1 ff08 | 104c 241b | 62e1 ff08 
  0x0000020b56aad260: 1044 241a | c57b 10bc | 24c8 0000 | 00c5 7b10 | b424 c000 | 0000 c57b | 10ac 24b8 | 0000 00c5 
  0x0000020b56aad280: 7b10 a424 | b000 0000 | c57b 109c | 24a8 0000 | 00c5 7b10 | 9424 a000 | 0000 c57b | 108c 2498 
  0x0000020b56aad2a0: 0000 00c5 | 7b10 8424 | 9000 0000 | c5fb 10bc | 2488 0000 | 00c5 fb10 | b424 8000 | 0000 c5fb 
  0x0000020b56aad2c0: 106c 2478 | c5fb 1064 | 2470 c5fb | 105c 2468 | c5fb 1054 | 2460 c5fb | 104c 2458 | c5fb 1044 
  0x0000020b56aad2e0: 2450 4c8b | 5c24 404c | 8b54 2438 | 4c8b 4c24 | 304c 8b44 | 2428 488b | 7c24 2048 | 8b74 2418 
  0x0000020b56aad300: 488b 5424 | 1048 8b4c | 2408 488b | 0424 4881 | c450 0100 | 00c5 f877 | 4889 4510 | 4883 ec10 
  0x0000020b56aad320: 4889 0424 | 48c7 4424 | 0800 0000 | 0041 83bf | c004 0000 | 020f 85bf | 0000 0048 | 81ec 8000 
  0x0000020b56aad340: 0000 4889 | 4424 7848 | 894c 2470 | 4889 5424 | 6848 895c | 2460 4889 | 6c24 5048 | 8974 2448 
  0x0000020b56aad360: 4889 7c24 | 404c 8944 | 2438 4c89 | 4c24 304c | 8954 2428 | 4c89 5c24 | 204c 8964 | 2418 4c89 
  0x0000020b56aad380: 6c24 104c | 8974 2408 | 4c89 3c24 | 4c8b e448 | 83ec 2048 | 83e4 f048 | b830 83cc | d1ff 7f00 
  0x0000020b56aad3a0: 00ff d049 | 8be4 4c8b | 3c24 4c8b | 7424 084c | 8b6c 2410 | 4c8b 6424 | 184c 8b5c | 2420 4c8b 
  0x0000020b56aad3c0: 5424 284c | 8b4c 2430 | 4c8b 4424 | 3848 8b7c | 2440 488b | 7424 4848 | 8b6c 2450 | 488b 5c24 
  0x0000020b56aad3e0: 6048 8b54 | 2468 488b | 4c24 7048 | 8b44 2478 | 4881 c480 | 0000 004d | 33e4 488b | 5de8 4c8b 
  0x0000020b56aad400: 6b08 4d8d | 6d38 4983 | 7f08 000f | 84bb 0000 | 00e8 0500 | 0000 e996 | 0000 0048 | 8d44 2408 
  0x0000020b56aad420: 4c89 6dc0 | 498b cfc5 | f877 4989 | afa8 0300 | 0049 8987 | 9803 0000 | 4883 ec20 | 40f6 c40f 
  0x0000020b56aad440: 0f84 1900 | 0000 4883 | ec08 48b8 | 4096 96d1 | ff7f 0000 | ffd0 4883 | c408 e90c | 0000 0048 
  0x0000020b56aad460: b840 9696 | d1ff 7f00 | 00ff d048 | 83c4 2049 | c787 9803 | 0000 0000 | 0000 49c7 | 87a8 0300 
  0x0000020b56aad480: 0000 0000 | 0049 c787 | a003 0000 | 0000 0000 | c5f8 7749 | 837f 0800 | 0f84 0500 | 0000 e95d 
  0x0000020b56aad4a0: 3aff ff4c | 8b6d c04c | 8b75 c84e | 8d74 f500 | c348 b990 | 7ff8 d1ff | 7f00 0048 | 83e4 f048 
  0x0000020b56aad4c0: b8e0 44bb | d1ff 7f00 | 00ff d0f4 | 448b 5b28 | 41f6 c320 | 0f84 4401 | 0000 488d | 55a8 4c8b 
  0x0000020b56aad4e0: 5a08 4d85 | db0f 85bb | 0000 00e8 | 0500 0000 | e996 0000 | 0048 8d44 | 2408 4c89 | 6dc0 498b 
  0x0000020b56aad500: cfc5 f877 | 4989 afa8 | 0300 0049 | 8987 9803 | 0000 4883 | ec20 40f6 | c40f 0f84 | 1900 0000 
  0x0000020b56aad520: 4883 ec08 | 48b8 7095 | 96d1 ff7f | 0000 ffd0 | 4883 c408 | e90c 0000 | 0048 b870 | 9596 d1ff 
  0x0000020b56aad540: 7f00 00ff | d048 83c4 | 2049 c787 | 9803 0000 | 0000 0000 | 49c7 87a8 | 0300 0000 | 0000 0049 
  0x0000020b56aad560: c787 a003 | 0000 0000 | 0000 c5f8 | 7749 837f | 0800 0f84 | 0500 0000 | e983 39ff | ff4c 8b6d 
  0x0000020b56aad580: c04c 8b75 | c84e 8d74 | f500 c348 | b990 7ff8 | d1ff 7f00 | 0048 83e4 | f048 b8e0 | 44bb d1ff 
  0x0000020b56aad5a0: 7f00 00ff | d0f4 4c89 | 6dc0 488d | 024c 8b4a | 0848 c742 | 0800 0000 | 004c 8b00 | 4d85 c00f 
  0x0000020b56aad5c0: 840b 0000 | 00f0 4d0f | b101 0f85 | 0c00 0000 | 49ff 8f48 | 0500 00e9 | 3e00 0000 | 4c89 4a08 
  0x0000020b56aad5e0: 488b ca48 | 83ec 2040 | f6c4 0f0f | 8419 0000 | 0048 83ec | 0848 b890 | 6896 d1ff | 7f00 00ff 
  0x0000020b56aad600: d048 83c4 | 08e9 0c00 | 0000 48b8 | 9068 96d1 | ff7f 0000 | ffd0 4883 | c420 4c8b | 6dc0 49ba 
  0x0000020b56aad620: 3d5b 22d2 | ff7f 0000 | 4180 3a00 | 0f84 3e00 | 0000 488b | 55e8 498b | cf48 83ec | 2040 f6c4 
  0x0000020b56aad640: 0f0f 8419 | 0000 0048 | 83ec 0848 | b850 4bcc | d1ff 7f00 | 00ff d048 | 83c4 08e9 | 0c00 0000 
  0x0000020b56aad660: 48b8 504b | ccd1 ff7f | 0000 ffd0 | 4883 c420 | 488b 0424 | 4883 c410 | c5fb 1004 | 2448 83c4 
  0x0000020b56aad680: 104c 8b5d | 1841 ffd3 | 4c8b 5df8 | c95f 498b | e3ff e7ba | 0000 0000 | e805 0000 | 00e9 9600 
  0x0000020b56aad6a0: 0000 488d | 4424 084c | 896d c049 | 8bcf c5f8 | 7749 89af | a803 0000 | 4989 8798 | 0300 0048 
  0x0000020b56aad6c0: 83ec 2040 | f6c4 0f0f | 8419 0000 | 0048 83ec | 0848 b850 | 5c96 d1ff | 7f00 00ff | d048 83c4 
  0x0000020b56aad6e0: 08e9 0c00 | 0000 48b8 | 505c 96d1 | ff7f 0000 | ffd0 4883 | c420 49c7 | 8798 0300 | 0000 0000 
  0x0000020b56aad700: 0049 c787 | a803 0000 | 0000 0000 | 49c7 87a0 | 0300 0000 | 0000 00c5 | f877 4983 | 7f08 000f 
  0x0000020b56aad720: 8405 0000 | 00e9 d637 | ffff 4c8b | 6dc0 4c8b | 75c8 4e8d | 74f5 00c3 | 488b 5de8 | e95b f5ff 
  0x0000020b56aad740: ff0f 1f80 | 0000 0000 
[/MachCode]

---------------  P R O C E S S  ---------------

Threads class SMR info:
_java_thread_list=0x0000020b4891faf0, length=23, elements={
0x0000020b42fa23b0, 0x0000020b42fa1d20, 0x0000020b42fa3760, 0x0000020b42fa7900,
0x0000020b42fa7f90, 0x0000020b42fa8cb0, 0x0000020b42fa30d0, 0x0000020b4282c210,
0x0000020b4282eaf0, 0x0000020b42fa2a40, 0x0000020b496d1970, 0x0000020b496cff30,
0x0000020b496d2d20, 0x0000020b496d12e0, 0x0000020b496d05c0, 0x0000020b496ce4f0,
0x0000020b496d33b0, 0x0000020b496d3a40, 0x0000020b496d40d0, 0x0000020b496ceb80,
0x0000020b496cf210, 0x0000020b496cd140, 0x0000020b496d4760
}

Java Threads: ( => current thread )
  0x0000020b42fa23b0 JavaThread "main"                              [_thread_blocked, id=3936, stack(0x000000477d400000,0x000000477d5f0000) (1984K)]
  0x0000020b42fa1d20 JavaThread "Reference Handler"          daemon [_thread_blocked, id=9900, stack(0x0000004702320000,0x0000004702510000) (1984K)]
  0x0000020b42fa3760 JavaThread "Finalizer"                  daemon [_thread_blocked, id=31216, stack(0x0000004702510000,0x0000004702700000) (1984K)]
  0x0000020b42fa7900 JavaThread "Signal Dispatcher"          daemon [_thread_blocked, id=18632, stack(0x0000004702700000,0x00000047028f0000) (1984K)]
  0x0000020b42fa7f90 JavaThread "Attach Listener"            daemon [_thread_blocked, id=12248, stack(0x00000047028f0000,0x0000004702ae0000) (1984K)]
  0x0000020b42fa8cb0 JavaThread "Service Thread"             daemon [_thread_blocked, id=26924, stack(0x0000004702ae0000,0x0000004702cd0000) (1984K)]
  0x0000020b42fa30d0 JavaThread "Monitor Deflation Thread"   daemon [_thread_blocked, id=17392, stack(0x0000004702cd0000,0x0000004702ec0000) (1984K)]
  0x0000020b4282c210 JavaThread "C2 CompilerThread0"         daemon [_thread_blocked, id=19788, stack(0x0000004702ec0000,0x00000047030b0000) (1984K)]
  0x0000020b4282eaf0 JavaThread "C1 CompilerThread0"         daemon [_thread_blocked, id=1540, stack(0x00000047030b0000,0x00000047032a0000) (1984K)]
  0x0000020b42fa2a40 JavaThread "Notification Thread"        daemon [_thread_blocked, id=32504, stack(0x00000047032a0000,0x0000004703490000) (1984K)]
  0x0000020b496d1970 JavaThread "Common-Cleaner"             daemon [_thread_blocked, id=13484, stack(0x0000004703490000,0x0000004703680000) (1984K)]
=>0x0000020b496cff30 JavaThread "Python Reference Queue"     daemon [_thread_in_native, id=21576, stack(0x0000004703870000,0x0000004703a60000) (1984K)]
  0x0000020b496d2d20 JavaThread "WebSocketClient@565372776-31" daemon [_thread_in_native, id=992, stack(0x0000004704bd0000,0x0000004704dc0000) (1984K)]
  0x0000020b496d12e0 JavaThread "WebSocketClient@565372776-32" daemon [_thread_blocked, id=22156, stack(0x0000004704dc0000,0x0000004704fb0000) (1984K)]
  0x0000020b496d05c0 JavaThread "WebSocketClient@565372776-33" daemon [_thread_in_native, id=30940, stack(0x0000004704fb0000,0x00000047051a0000) (1984K)]
  0x0000020b496ce4f0 JavaThread "WebSocketClient@565372776-34" daemon [_thread_in_native, id=7120, stack(0x00000047051a0000,0x0000004705390000) (1984K)]
  0x0000020b496d33b0 JavaThread "WebSocketClient@565372776-35" daemon [_thread_in_native, id=29840, stack(0x0000004705390000,0x0000004705580000) (1984K)]
  0x0000020b496d3a40 JavaThread "WebSocketClient@565372776-36" daemon [_thread_blocked, id=22364, stack(0x0000004705580000,0x0000004705770000) (1984K)]
  0x0000020b496d40d0 JavaThread "WebSocketClient@565372776-37" daemon [_thread_blocked, id=21320, stack(0x0000004705770000,0x0000004705960000) (1984K)]
  0x0000020b496ceb80 JavaThread "WebSocketClient@565372776-38" daemon [_thread_blocked, id=30540, stack(0x0000004705960000,0x0000004705b50000) (1984K)]
  0x0000020b496cf210 JavaThread "HttpClient@1e66f1f5-scheduler-1"        [_thread_blocked, id=31680, stack(0x0000004705b50000,0x0000004705d40000) (1984K)]
  0x0000020b496cd140 JavaThread "pool-1-thread-1"                   [_thread_blocked, id=26100, stack(0x0000004703680000,0x0000004703870000) (1984K)]
  0x0000020b496d4760 JavaThread "pool-3-thread-1"                   [_thread_blocked, id=20388, stack(0x0000004704220000,0x0000004704410000) (1984K)]
Total: 23

Other Threads:
  0x0000020b48abefd0 VMThread "VM Thread"                           [id=12312, stack(0x0000004702130000,0x0000004702320000) (1984K)]
  0x0000020b43126ee0 WatcherThread "VM Periodic Task Thread"        [id=30228, stack(0x0000004701f40000,0x0000004702130000) (1984K)]
  0x0000020b48ac0cd0 WorkerThread "GC Thread#0"                     [id=11116, stack(0x0000004701590000,0x0000004701780000) (1984K)]
  0x0000020b48ac1b50 WorkerThread "GC Thread#1"                     [id=21260, stack(0x0000004703a60000,0x0000004703c50000) (1984K)]
  0x0000020b48abfab0 WorkerThread "GC Thread#2"                     [id=18580, stack(0x0000004703c50000,0x0000004703e40000) (1984K)]
  0x0000020b48ac3bf0 WorkerThread "GC Thread#3"                     [id=4924, stack(0x0000004703e40000,0x0000004704030000) (1984K)]
  0x0000020b48abddb0 WorkerThread "GC Thread#4"                     [id=23892, stack(0x0000004704030000,0x0000004704220000) (1984K)]
  0x0000020b48ac1070 WorkerThread "GC Thread#5"                     [id=16136, stack(0x0000004704410000,0x0000004704600000) (1984K)]
  0x0000020b48abe150 WorkerThread "GC Thread#6"                     [id=12800, stack(0x0000004704600000,0x00000047047f0000) (1984K)]
  0x0000020b48abe890 WorkerThread "GC Thread#7"                     [id=20832, stack(0x00000047047f0000,0x00000047049e0000) (1984K)]
  0x0000020b48e1b500 ConcurrentGCThread "G1 Main Marker"            [id=21896, stack(0x0000004701780000,0x0000004701970000) (1984K)]
  0x0000020b48abda10 WorkerThread "G1 Conc#0"                       [id=20984, stack(0x0000004701970000,0x0000004701b60000) (1984K)]
  0x0000020b48abf370 WorkerThread "G1 Conc#1"                       [id=17576, stack(0x00000047049e0000,0x0000004704bd0000) (1984K)]
  0x0000020b427e88f0 ConcurrentGCThread "G1 Refine#0"               [id=22848, stack(0x0000004701b60000,0x0000004701d50000) (1984K)]
  0x0000020b42ee5960 ConcurrentGCThread "G1 Service"                [id=11792, stack(0x0000004701d50000,0x0000004701f40000) (1984K)]
Total: 15

Threads with active compile tasks:
Total: 0

VM state: not at safepoint (normal execution)

VM Mutex/Monitor currently owned by a thread: None

Heap address: 0x0000000704400000, size: 4028 MB, Compressed Oops mode: Zero based, Oop shift amount: 3

CDS archive(s) mapped at: [0x0000020b66000000-0x0000020b66ba0000-0x0000020b66ba0000), size 12189696, SharedBaseAddress: 0x0000020b66000000, ArchiveRelocationMode: 1.
Compressed class space mapped at: 0x0000020b67000000-0x0000020ba7000000, reserved size: 1073741824
Narrow klass base: 0x0000020b66000000, Narrow klass shift: 0, Narrow klass range: 0x100000000

GC Precious Log:
 CardTable entry size: 512
 Card Set container configuration: InlinePtr #cards 4 size 8 Array Of Cards #cards 16 size 48 Howl #buckets 8 coarsen threshold 3686 Howl Bitmap #cards 512 size 80 coarsen threshold 460 Card regions per heap region 1 cards per card region 4096
 CPUs: 8 total, 8 available
 Memory: 16110M
 Large Page Support: Disabled
 NUMA Support: Disabled
 Compressed Oops: Enabled (Zero based)
 Heap Region Size: 2M
 Heap Min Capacity: 8M
 Heap Initial Capacity: 252M
 Heap Max Capacity: 4028M
 Pre-touch: Disabled
 Parallel Workers: 8
 Concurrent Workers: 2
 Concurrent Refinement Workers: 8
 Periodic GC: Disabled

Heap:
 garbage-first heap   total 92160K, used 36478K [0x0000000704400000, 0x0000000800000000)
  region size 2048K, 10 young (20480K), 6 survivors (12288K)
 Metaspace       used 16758K, committed 17024K, reserved 1114112K
  class space    used 1785K, committed 1920K, reserved 1048576K

Heap Regions: E=young(eden), S=young(survivor), O=old, HS=humongous(starts), HC=humongous(continues), CS=collection set, F=free, TAMS=top-at-mark-start, PB=parsable bottom
|   0|0x0000000704400000, 0x000000070448c430, 0x0000000704600000| 27%| O|Cm|TAMS 0x0000000704400000| PB 0x0000000704400000| Complete 
|   1|0x0000000704600000, 0x000000070460f650, 0x0000000704800000|  3%| O|Cm|TAMS 0x0000000704600000| PB 0x0000000704600000| Complete 
|   2|0x0000000704800000, 0x0000000704838ff0, 0x0000000704a00000| 11%| O|  |TAMS 0x0000000704800000| PB 0x0000000704800000| Untracked 
|   3|0x0000000704a00000, 0x0000000704aafd68, 0x0000000704c00000| 34%| O|Cm|TAMS 0x0000000704a00000| PB 0x0000000704a00000| Complete 
|   4|0x0000000704c00000, 0x0000000704d2b980, 0x0000000704e00000| 58%| O|  |TAMS 0x0000000704c00000| PB 0x0000000704c00000| Untracked 
|   5|0x0000000704e00000, 0x0000000705000000, 0x0000000705000000|100%| O|  |TAMS 0x0000000704e00000| PB 0x0000000704e00000| Untracked 
|   6|0x0000000705000000, 0x0000000705200000, 0x0000000705200000|100%| O|  |TAMS 0x0000000705000000| PB 0x0000000705000000| Untracked 
|   7|0x0000000705200000, 0x0000000705400000, 0x0000000705400000|100%| O|  |TAMS 0x0000000705200000| PB 0x0000000705200000| Untracked 
|   8|0x0000000705400000, 0x000000070546df20, 0x0000000705600000| 21%| O|Cm|TAMS 0x0000000705400000| PB 0x0000000705400000| Complete 
|   9|0x0000000705600000, 0x0000000705600000, 0x0000000705800000|  0%| F|  |TAMS 0x0000000705600000| PB 0x0000000705600000| Untracked 
|  10|0x0000000705800000, 0x0000000705800000, 0x0000000705a00000|  0%| F|  |TAMS 0x0000000705800000| PB 0x0000000705800000| Untracked 
|  11|0x0000000705a00000, 0x0000000705a00000, 0x0000000705c00000|  0%| F|  |TAMS 0x0000000705a00000| PB 0x0000000705a00000| Untracked 
|  12|0x0000000705c00000, 0x0000000705c00000, 0x0000000705e00000|  0%| F|  |TAMS 0x0000000705c00000| PB 0x0000000705c00000| Untracked 
|  13|0x0000000705e00000, 0x0000000705e00000, 0x0000000706000000|  0%| F|  |TAMS 0x0000000705e00000| PB 0x0000000705e00000| Untracked 
|  14|0x0000000706000000, 0x0000000706000000, 0x0000000706200000|  0%| F|  |TAMS 0x0000000706000000| PB 0x0000000706000000| Untracked 
|  15|0x0000000706200000, 0x0000000706200000, 0x0000000706400000|  0%| F|  |TAMS 0x0000000706200000| PB 0x0000000706200000| Untracked 
|  16|0x0000000706400000, 0x0000000706400000, 0x0000000706600000|  0%| F|  |TAMS 0x0000000706400000| PB 0x0000000706400000| Untracked 
|  17|0x0000000706600000, 0x0000000706600000, 0x0000000706800000|  0%| F|  |TAMS 0x0000000706600000| PB 0x0000000706600000| Untracked 
|  18|0x0000000706800000, 0x0000000706800000, 0x0000000706a00000|  0%| F|  |TAMS 0x0000000706800000| PB 0x0000000706800000| Untracked 
|  19|0x0000000706a00000, 0x0000000706a00000, 0x0000000706c00000|  0%| F|  |TAMS 0x0000000706a00000| PB 0x0000000706a00000| Untracked 
|  20|0x0000000706c00000, 0x0000000706c00000, 0x0000000706e00000|  0%| F|  |TAMS 0x0000000706c00000| PB 0x0000000706c00000| Untracked 
|  21|0x0000000706e00000, 0x0000000706e00000, 0x0000000707000000|  0%| F|  |TAMS 0x0000000706e00000| PB 0x0000000706e00000| Untracked 
|  22|0x0000000707000000, 0x0000000707000000, 0x0000000707200000|  0%| F|  |TAMS 0x0000000707000000| PB 0x0000000707000000| Untracked 
|  23|0x0000000707200000, 0x0000000707200000, 0x0000000707400000|  0%| F|  |TAMS 0x0000000707200000| PB 0x0000000707200000| Untracked 
|  24|0x0000000707400000, 0x0000000707400000, 0x0000000707600000|  0%| F|  |TAMS 0x0000000707400000| PB 0x0000000707400000| Untracked 
|  25|0x0000000707600000, 0x0000000707600000, 0x0000000707800000|  0%| F|  |TAMS 0x0000000707600000| PB 0x0000000707600000| Untracked 
|  26|0x0000000707800000, 0x0000000707800000, 0x0000000707a00000|  0%| F|  |TAMS 0x0000000707800000| PB 0x0000000707800000| Untracked 
|  27|0x0000000707a00000, 0x0000000707a00000, 0x0000000707c00000|  0%| F|  |TAMS 0x0000000707a00000| PB 0x0000000707a00000| Untracked 
|  28|0x0000000707c00000, 0x0000000707c00000, 0x0000000707e00000|  0%| F|  |TAMS 0x0000000707c00000| PB 0x0000000707c00000| Untracked 
|  29|0x0000000707e00000, 0x0000000707e00000, 0x0000000708000000|  0%| F|  |TAMS 0x0000000707e00000| PB 0x0000000707e00000| Untracked 
|  30|0x0000000708000000, 0x0000000708080828, 0x0000000708200000| 25%| E|  |TAMS 0x0000000708000000| PB 0x0000000708000000| Complete 
|  31|0x0000000708200000, 0x0000000708400000, 0x0000000708400000|100%| E|CS|TAMS 0x0000000708200000| PB 0x0000000708200000| Complete 
|  32|0x0000000708400000, 0x0000000708600000, 0x0000000708600000|100%| E|CS|TAMS 0x0000000708400000| PB 0x0000000708400000| Complete 
|  33|0x0000000708600000, 0x0000000708800000, 0x0000000708800000|100%| S|CS|TAMS 0x0000000708600000| PB 0x0000000708600000| Complete 
|  34|0x0000000708800000, 0x0000000708a00000, 0x0000000708a00000|100%| S|CS|TAMS 0x0000000708800000| PB 0x0000000708800000| Complete 
|  35|0x0000000708a00000, 0x0000000708c00000, 0x0000000708c00000|100%| S|CS|TAMS 0x0000000708a00000| PB 0x0000000708a00000| Complete 
|  36|0x0000000708c00000, 0x0000000708e00000, 0x0000000708e00000|100%| S|CS|TAMS 0x0000000708c00000| PB 0x0000000708c00000| Complete 
|  37|0x0000000708e00000, 0x0000000709000000, 0x0000000709000000|100%| S|CS|TAMS 0x0000000708e00000| PB 0x0000000708e00000| Complete 
|  38|0x0000000709000000, 0x0000000709200000, 0x0000000709200000|100%| S|CS|TAMS 0x0000000709000000| PB 0x0000000709000000| Complete 
|  71|0x000000070d200000, 0x000000070d400000, 0x000000070d400000|100%| E|CS|TAMS 0x000000070d200000| PB 0x000000070d200000| Complete 
|2009|0x00000007ff600000, 0x00000007ff6818d0, 0x00000007ff800000| 25%| O|  |TAMS 0x00000007ff600000| PB 0x00000007ff600000| Untracked 
|2010|0x00000007ff800000, 0x00000007ffa00000, 0x00000007ffa00000|100%| O|  |TAMS 0x00000007ff800000| PB 0x00000007ff800000| Untracked 
|2011|0x00000007ffa00000, 0x00000007ffc00000, 0x00000007ffc00000|100%| O|  |TAMS 0x00000007ffa00000| PB 0x00000007ffa00000| Untracked 
|2012|0x00000007ffc00000, 0x00000007ffe00000, 0x00000007ffe00000|100%| O|  |TAMS 0x00000007ffc00000| PB 0x00000007ffc00000| Untracked 
|2013|0x00000007ffe00000, 0x0000000800000000, 0x0000000800000000|100%| O|  |TAMS 0x00000007ffe00000| PB 0x00000007ffe00000| Untracked 

Card table byte_map: [0x0000020b5f080000,0x0000020b5f860000] _byte_map_base: 0x0000020b5b85e000

Marking Bits: (CMBitMap*) 0x0000020b42fa5840
 Bits: [0x0000020b5f860000, 0x0000020b63750000)

Polling page: 0x0000020b44f30000

Metaspace:

Usage:
  Non-class:     14.62 MB used.
      Class:      1.74 MB used.
       Both:     16.37 MB used.

Virtual space:
  Non-class space:       64.00 MB reserved,      14.75 MB ( 23%) committed,  1 nodes.
      Class space:        1.00 GB reserved,       1.88 MB ( <1%) committed,  1 nodes.
             Both:        1.06 GB reserved,      16.62 MB (  2%) committed. 

Chunk freelists:
   Non-Class:  576.00 KB
       Class:  13.94 MB
        Both:  14.51 MB

MaxMetaspaceSize: unlimited
CompressedClassSpaceSize: 1.00 GB
Initial GC threshold: 21.00 MB
Current GC threshold: 21.00 MB
CDS: on
 - commit_granule_bytes: 65536.
 - commit_granule_words: 8192.
 - virtual_space_node_default_size: 8388608.
 - enlarge_chunks_in_place: 1.
 - use_allocation_guard: 0.


Internal statistics:

num_allocs_failed_limit: 0.
num_arena_births: 208.
num_arena_deaths: 0.
num_vsnodes_births: 2.
num_vsnodes_deaths: 0.
num_space_committed: 266.
num_space_uncommitted: 0.
num_chunks_returned_to_freelist: 0.
num_chunks_taken_from_freelist: 541.
num_chunk_merges: 0.
num_chunk_splits: 371.
num_chunks_enlarged: 286.
num_inconsistent_stats: 0.

CodeHeap 'non-profiled nmethods': size=120000Kb used=1239Kb max_used=1239Kb free=118760Kb
 bounds [0x0000020b57040000, 0x0000020b572b0000, 0x0000020b5e570000]
CodeHeap 'profiled nmethods': size=120000Kb used=5275Kb max_used=5275Kb free=114724Kb
 bounds [0x0000020b4f570000, 0x0000020b4faa0000, 0x0000020b56aa0000]
CodeHeap 'non-nmethods': size=5760Kb used=1641Kb max_used=1750Kb free=4118Kb
 bounds [0x0000020b56aa0000, 0x0000020b56d10000, 0x0000020b57040000]
 total_blobs=3317 nmethods=2757 adapters=464
 compilation: enabled
              stopped_count=0, restarted_count=0
 full_count=0

Compilation events (20 events):
Event: 8.217 Thread 0x0000020b4282eaf0 2804   !   3       sun.nio.ch.SelectorImpl::processDeregisterQueue (145 bytes)
Event: 8.218 Thread 0x0000020b4282eaf0 nmethod 2804 0x0000020b4fa8fb90 code [0x0000020b4fa8fe40, 0x0000020b4fa90e70]
Event: 8.218 Thread 0x0000020b4282eaf0 2805       3       sun.nio.ch.Util::isBufferTooLarge (15 bytes)
Event: 8.218 Thread 0x0000020b4282eaf0 nmethod 2805 0x0000020b4fa91510 code [0x0000020b4fa916a0, 0x0000020b4fa917f0]
Event: 8.218 Thread 0x0000020b4282eaf0 2806       3       java.io.DataOutputStream::writeInt (28 bytes)
Event: 8.219 Thread 0x0000020b4282eaf0 nmethod 2806 0x0000020b4fa91890 code [0x0000020b4fa91ac0, 0x0000020b4fa92238]
Event: 8.219 Thread 0x0000020b4282eaf0 2807       3       jdk.internal.util.ByteArray::setInt (10 bytes)
Event: 8.219 Thread 0x0000020b4282eaf0 nmethod 2807 0x0000020b4fa92510 code [0x0000020b4fa92700, 0x0000020b4fa92c48]
Event: 8.220 Thread 0x0000020b4282eaf0 2808       3       java.nio.channels.spi.AbstractSelectionKey::isValid (13 bytes)
Event: 8.220 Thread 0x0000020b4282eaf0 nmethod 2808 0x0000020b4fa92e90 code [0x0000020b4fa93020, 0x0000020b4fa93180]
Event: 8.220 Thread 0x0000020b4282eaf0 2809       1       org.eclipse.jetty.util.thread.ReservedThreadExecutor::access$200 (5 bytes)
Event: 8.220 Thread 0x0000020b4282eaf0 nmethod 2809 0x0000020b57175490 code [0x0000020b57175620, 0x0000020b571756d0]
Event: 8.223 Thread 0x0000020b4282eaf0 2811       3       com.comsol.communication.util.a::a (225 bytes)
Event: 8.224 Thread 0x0000020b4282eaf0 nmethod 2811 0x0000020b4fa93210 code [0x0000020b4fa936e0, 0x0000020b4fa95850]
Event: 8.224 Thread 0x0000020b4282eaf0 2812       3       java.lang.ThreadLocal$ThreadLocalMap::nextIndex (15 bytes)
Event: 8.224 Thread 0x0000020b4282eaf0 nmethod 2812 0x0000020b4fa96210 code [0x0000020b4fa963a0, 0x0000020b4fa964d8]
Event: 8.325 Thread 0x0000020b4282eaf0 2813       3       java.util.concurrent.atomic.AtomicLong::addAndGet (14 bytes)
Event: 8.325 Thread 0x0000020b4282eaf0 nmethod 2813 0x0000020b4fa96590 code [0x0000020b4fa96720, 0x0000020b4fa96840]
Event: 8.325 Thread 0x0000020b4282eaf0 2814   !   3       java.lang.Thread::blockedOn (27 bytes)
Event: 8.325 Thread 0x0000020b4282eaf0 nmethod 2814 0x0000020b4fa96910 code [0x0000020b4fa96ac0, 0x0000020b4fa96d38]

GC Heap History (14 events):
Event: 0.245 GC heap before
{Heap before GC invocations=0 (full 0):
 garbage-first heap   total 258048K, used 6144K [0x0000000704400000, 0x0000000800000000)
  region size 2048K, 5 young (10240K), 0 survivors (0K)
 Metaspace       used 1431K, committed 1536K, reserved 1114112K
  class space    used 130K, committed 192K, reserved 1048576K
}
Event: 0.249 GC heap after
{Heap after GC invocations=1 (full 1):
 garbage-first heap   total 34816K, used 2752K [0x0000000704400000, 0x0000000800000000)
  region size 2048K, 0 young (0K), 0 survivors (0K)
 Metaspace       used 1431K, committed 1536K, reserved 1114112K
  class space    used 130K, committed 192K, reserved 1048576K
}
Event: 0.471 GC heap before
{Heap before GC invocations=1 (full 1):
 garbage-first heap   total 34816K, used 12992K [0x0000000704400000, 0x0000000800000000)
  region size 2048K, 5 young (10240K), 0 survivors (0K)
 Metaspace       used 2123K, committed 2304K, reserved 1114112K
  class space    used 189K, committed 256K, reserved 1048576K
}
Event: 0.473 GC heap after
{Heap after GC invocations=2 (full 1):
 garbage-first heap   total 34816K, used 4032K [0x0000000704400000, 0x0000000800000000)
  region size 2048K, 1 young (2048K), 1 survivors (2048K)
 Metaspace       used 2123K, committed 2304K, reserved 1114112K
  class space    used 189K, committed 256K, reserved 1048576K
}
Event: 0.488 GC heap before
{Heap before GC invocations=2 (full 1):
 garbage-first heap   total 34816K, used 16320K [0x0000000704400000, 0x0000000800000000)
  region size 2048K, 7 young (14336K), 1 survivors (2048K)
 Metaspace       used 2145K, committed 2304K, reserved 1114112K
  class space    used 189K, committed 256K, reserved 1048576K
}
Event: 0.490 GC heap after
{Heap after GC invocations=3 (full 1):
 garbage-first heap   total 34816K, used 5234K [0x0000000704400000, 0x0000000800000000)
  region size 2048K, 1 young (2048K), 1 survivors (2048K)
 Metaspace       used 2145K, committed 2304K, reserved 1114112K
  class space    used 189K, committed 256K, reserved 1048576K
}
Event: 0.504 GC heap before
{Heap before GC invocations=3 (full 1):
 garbage-first heap   total 34816K, used 17522K [0x0000000704400000, 0x0000000800000000)
  region size 2048K, 7 young (14336K), 1 survivors (2048K)
 Metaspace       used 2170K, committed 2368K, reserved 1114112K
  class space    used 189K, committed 256K, reserved 1048576K
}
Event: 0.509 GC heap after
{Heap after GC invocations=4 (full 1):
 garbage-first heap   total 34816K, used 6470K [0x0000000704400000, 0x0000000800000000)
  region size 2048K, 1 young (2048K), 1 survivors (2048K)
 Metaspace       used 2170K, committed 2368K, reserved 1114112K
  class space    used 189K, committed 256K, reserved 1048576K
}
Event: 0.705 GC heap before
{Heap before GC invocations=4 (full 1):
 garbage-first heap   total 34816K, used 18758K [0x0000000704400000, 0x0000000800000000)
  region size 2048K, 7 young (14336K), 1 survivors (2048K)
 Metaspace       used 3630K, committed 3840K, reserved 1114112K
  class space    used 327K, committed 448K, reserved 1048576K
}
Event: 0.711 GC heap after
{Heap after GC invocations=5 (full 1):
 garbage-first heap   total 34816K, used 9282K [0x0000000704400000, 0x0000000800000000)
  region size 2048K, 1 young (2048K), 1 survivors (2048K)
 Metaspace       used 3630K, committed 3840K, reserved 1114112K
  class space    used 327K, committed 448K, reserved 1048576K
}
Event: 0.914 GC heap before
{Heap before GC invocations=5 (full 1):
 garbage-first heap   total 34816K, used 17474K [0x0000000704400000, 0x0000000800000000)
  region size 2048K, 6 young (12288K), 1 survivors (2048K)
 Metaspace       used 7858K, committed 8064K, reserved 1114112K
  class space    used 775K, committed 896K, reserved 1048576K
}
Event: 0.919 GC heap after
{Heap after GC invocations=6 (full 1):
 garbage-first heap   total 147456K, used 11145K [0x0000000704400000, 0x0000000800000000)
  region size 2048K, 1 young (2048K), 1 survivors (2048K)
 Metaspace       used 7858K, committed 8064K, reserved 1114112K
  class space    used 775K, committed 896K, reserved 1048576K
}
Event: 1.642 GC heap before
{Heap before GC invocations=7 (full 1):
 garbage-first heap   total 69632K, used 58249K [0x0000000704400000, 0x0000000800000000)
  region size 2048K, 25 young (51200K), 1 survivors (2048K)
 Metaspace       used 15280K, committed 15552K, reserved 1114112K
  class space    used 1669K, committed 1792K, reserved 1048576K
}
Event: 1.653 GC heap after
{Heap after GC invocations=8 (full 1):
 garbage-first heap   total 92160K, used 30334K [0x0000000704400000, 0x0000000800000000)
  region size 2048K, 6 young (12288K), 6 survivors (12288K)
 Metaspace       used 15280K, committed 15552K, reserved 1114112K
  class space    used 1669K, committed 1792K, reserved 1048576K
}

Dll operation events (11 events):
Event: 0.021 Loaded shared library C:\Program Files\COMSOL\COMSOL64\Multiphysics\java\win64\jre\bin\java.dll
Event: 0.095 Loaded shared library C:\Program Files\COMSOL\COMSOL64\Multiphysics\java\win64\jre\bin\zip.dll
Event: 0.101 Loaded shared library C:\Program Files\COMSOL\COMSOL64\Multiphysics\java\win64\jre\bin\net.dll
Event: 0.104 Loaded shared library C:\Program Files\COMSOL\COMSOL64\Multiphysics\java\win64\jre\bin\nio.dll
Event: 0.109 Loaded shared library C:\Program Files\COMSOL\COMSOL64\Multiphysics\java\win64\jre\bin\zip.dll
Event: 0.180 Loaded shared library C:\Users\pjoshi11\Anaconda3\envs\py311\Lib\site-packages\_jpype.cp311-win_amd64.pyd
Event: 0.201 Loaded shared library C:\Program Files\COMSOL\COMSOL64\Multiphysics\java\win64\jre\bin\jimage.dll
Event: 0.930 Loaded shared library C:\Program Files\COMSOL\COMSOL64\Multiphysics\java\win64\jre\bin\management.dll
Event: 0.934 Loaded shared library C:\Program Files\COMSOL\COMSOL64\Multiphysics\java\win64\jre\bin\management_ext.dll
Event: 1.020 Loaded shared library C:\Program Files\COMSOL\COMSOL64\Multiphysics\java\win64\jre\bin\sunmscapi.dll
Event: 1.052 Loaded shared library C:\Program Files\COMSOL\COMSOL64\Multiphysics\java\win64\jre\bin\extnet.dll

Deoptimization events (20 events):
Event: 1.621 Thread 0x0000020b42fa23b0 DEOPT PACKING pc=0x0000020b4fa05886 sp=0x000000477d5ea840
Event: 1.621 Thread 0x0000020b42fa23b0 DEOPT UNPACKING pc=0x0000020b56af88e2 sp=0x000000477d5e9d28 mode 0
Event: 1.638 Thread 0x0000020b42fa23b0 DEOPT PACKING pc=0x0000020b4f83ed45 sp=0x000000477d5ea8e0
Event: 1.638 Thread 0x0000020b42fa23b0 DEOPT UNPACKING pc=0x0000020b56af88e2 sp=0x000000477d5e9dd0 mode 0
Event: 8.207 Thread 0x0000020b42fa23b0 Uncommon trap: trap_request=0xffffffde fr.pc=0x0000020b571747cc relative=0x000000000000012c
Event: 8.207 Thread 0x0000020b42fa23b0 Uncommon trap: reason=class_check action=maybe_recompile pc=0x0000020b571747cc method=jdk.internal.misc.Unsafe.allocateUninitializedArray(Ljava/lang/Class;I)Ljava/lang/Object; @ 51 c2
Event: 8.207 Thread 0x0000020b42fa23b0 DEOPT PACKING pc=0x0000020b571747cc sp=0x000000477d5eb9f0
Event: 8.207 Thread 0x0000020b42fa23b0 DEOPT UNPACKING pc=0x0000020b56af7da2 sp=0x000000477d5eb968 mode 2
Event: 8.211 Thread 0x0000020b42fa23b0 Uncommon trap: trap_request=0xffffffde fr.pc=0x0000020b571747cc relative=0x000000000000012c
Event: 8.211 Thread 0x0000020b42fa23b0 Uncommon trap: reason=class_check action=maybe_recompile pc=0x0000020b571747cc method=jdk.internal.misc.Unsafe.allocateUninitializedArray(Ljava/lang/Class;I)Ljava/lang/Object; @ 51 c2
Event: 8.211 Thread 0x0000020b42fa23b0 DEOPT PACKING pc=0x0000020b571747cc sp=0x000000477d5ec170
Event: 8.211 Thread 0x0000020b42fa23b0 DEOPT UNPACKING pc=0x0000020b56af7da2 sp=0x000000477d5ec0e8 mode 2
Event: 8.215 Thread 0x0000020b42fa23b0 Uncommon trap: trap_request=0xffffffde fr.pc=0x0000020b571747cc relative=0x000000000000012c
Event: 8.215 Thread 0x0000020b42fa23b0 Uncommon trap: reason=class_check action=maybe_recompile pc=0x0000020b571747cc method=jdk.internal.misc.Unsafe.allocateUninitializedArray(Ljava/lang/Class;I)Ljava/lang/Object; @ 51 c2
Event: 8.215 Thread 0x0000020b42fa23b0 DEOPT PACKING pc=0x0000020b571747cc sp=0x000000477d5eb6e0
Event: 8.215 Thread 0x0000020b42fa23b0 DEOPT UNPACKING pc=0x0000020b56af7da2 sp=0x000000477d5eb658 mode 2
Event: 8.220 Thread 0x0000020b42fa23b0 Uncommon trap: trap_request=0xffffffde fr.pc=0x0000020b571747cc relative=0x000000000000012c
Event: 8.220 Thread 0x0000020b42fa23b0 Uncommon trap: reason=class_check action=maybe_recompile pc=0x0000020b571747cc method=jdk.internal.misc.Unsafe.allocateUninitializedArray(Ljava/lang/Class;I)Ljava/lang/Object; @ 51 c2
Event: 8.220 Thread 0x0000020b42fa23b0 DEOPT PACKING pc=0x0000020b571747cc sp=0x000000477d5ebe60
Event: 8.220 Thread 0x0000020b42fa23b0 DEOPT UNPACKING pc=0x0000020b56af7da2 sp=0x000000477d5ebdd8 mode 2

Classes loaded (20 events):
Event: 1.354 Loading class java/util/concurrent/Semaphore$Sync done
Event: 1.354 Loading class java/util/concurrent/Semaphore$NonfairSync done
Event: 1.356 Loading class org/xml/sax/helpers/AttributesImpl
Event: 1.356 Loading class org/xml/sax/helpers/AttributesImpl done
Event: 1.388 Loading class jdk/internal/reflect/MethodHandleBooleanFieldAccessorImpl
Event: 1.388 Loading class jdk/internal/reflect/MethodHandleBooleanFieldAccessorImpl done
Event: 1.486 Loading class java/util/PropertyResourceBundle
Event: 1.486 Loading class java/util/PropertyResourceBundle done
Event: 1.491 Loading class sun/util/PropertyResourceBundleCharset
Event: 1.491 Loading class sun/util/PropertyResourceBundleCharset done
Event: 1.491 Loading class sun/util/PropertyResourceBundleCharset$PropertiesFileDecoder
Event: 1.491 Loading class sun/util/PropertyResourceBundleCharset$PropertiesFileDecoder done
Event: 1.494 Loading class sun/nio/cs/ISO_8859_1$Decoder
Event: 1.494 Loading class sun/nio/cs/ISO_8859_1$Decoder done
Event: 1.708 Loading class jdk/internal/reflect/MethodHandleIntegerFieldAccessorImpl
Event: 1.708 Loading class jdk/internal/reflect/MethodHandleIntegerFieldAccessorImpl done
Event: 7.985 Loading class sun/invoke/util/ValueConversions$1
Event: 7.985 Loading class sun/invoke/util/ValueConversions$1 done
Event: 7.985 Loading class java/lang/invoke/BoundMethodHandle$Species_LI
Event: 7.985 Loading class java/lang/invoke/BoundMethodHandle$Species_LI done

Classes unloaded (0 events):
No events

Classes redefined (0 events):
No events

Internal exceptions (20 events):
Event: 1.195 Thread 0x0000020b42fa23b0 Exception <a 'java/lang/NoSuchMethodError'{0x00000007072144c0}: 'void java.lang.invoke.DirectMethodHandle$Holder.invokeVirtual(java.lang.Object, java.lang.Object, java.lang.Object, java.lang.Object)'> (0x00000007072144c0) 
thrown [s\src\hotspot\share\interpreter\linkResolver.cpp, line 773]
Event: 1.198 Thread 0x0000020b42fa23b0 Exception <a 'java/lang/NoSuchMethodError'{0x00000007072531f8}: 'int java.lang.invoke.DirectMethodHandle$Holder.invokeStatic(java.lang.Object)'> (0x00000007072531f8) 
thrown [s\src\hotspot\share\interpreter\linkResolver.cpp, line 773]
Event: 1.199 Thread 0x0000020b42fa23b0 Exception <a 'java/lang/NoSuchMethodError'{0x0000000707256640}: 'int java.lang.invoke.DirectMethodHandle$Holder.invokeStaticInit(java.lang.Object)'> (0x0000000707256640) 
thrown [s\src\hotspot\share\interpreter\linkResolver.cpp, line 773]
Event: 1.203 Thread 0x0000020b42fa23b0 Exception <a 'java/lang/NoSuchMethodError'{0x00000007072ac060}: 'java.lang.Object java.lang.invoke.DirectMethodHandle$Holder.newInvokeSpecial(java.lang.Object, java.lang.Object, java.lang.Object, java.lang.Object, int)'> (0x00000007072ac060) 
thrown [s\src\hotspot\share\interpreter\linkResolver.cpp, line 773]
Event: 1.203 Thread 0x0000020b42fa23b0 Exception <a 'java/lang/NoSuchMethodError'{0x00000007072b03e8}: 'java.lang.Object java.lang.invoke.DirectMethodHandle$Holder.invokeSpecial(java.lang.Object, java.lang.Object, java.lang.Object, java.lang.Object, java.lang.Object, int)'> (0x00000007072b03e8) 
thrown [s\src\hotspot\share\interpreter\linkResolver.cpp, line 773]
Event: 1.203 Thread 0x0000020b42fa23b0 Exception <a 'java/lang/NoSuchMethodError'{0x00000007072b3e78}: 'java.lang.Object java.lang.invoke.Invokers$Holder.linkToTargetMethod(java.lang.Object, java.lang.Object, java.lang.Object, int, java.lang.Object)'> (0x00000007072b3e78) 
thrown [s\src\hotspot\share\interpreter\linkResolver.cpp, line 773]
Event: 1.204 Thread 0x0000020b496d33b0 Exception <a 'java/lang/NoSuchMethodError'{0x0000000708000ae0}: 'void java.lang.invoke.DirectMethodHandle$Holder.invokeSpecial(java.lang.Object, java.lang.Object, java.lang.Object, java.lang.Object, java.lang.Object)'> (0x0000000708000ae0) 
thrown [s\src\hotspot\share\interpreter\linkResolver.cpp, line 773]
Event: 1.205 Thread 0x0000020b496d33b0 Exception <a 'java/lang/NoSuchMethodError'{0x000000070800a958}: 'java.lang.Object java.lang.invoke.DirectMethodHandle$Holder.newInvokeSpecial(java.lang.Object, java.lang.Object, java.lang.Object, java.lang.Object, java.lang.Object)'> (0x000000070800a958) 
thrown [s\src\hotspot\share\interpreter\linkResolver.cpp, line 773]
Event: 1.249 Thread 0x0000020b496d3a40 Exception <a 'java/lang/NoSuchMethodError'{0x000000070704b2f8}: 'void java.lang.invoke.DirectMethodHandle$Holder.invokeInterface(java.lang.Object, java.lang.Object, java.lang.Object)'> (0x000000070704b2f8) 
thrown [s\src\hotspot\share\interpreter\linkResolver.cpp, line 773]
Event: 1.258 Thread 0x0000020b496d3a40 Exception <a 'java/lang/NoSuchMethodError'{0x00000007070cf640}: 'java.lang.Object java.lang.invoke.DirectMethodHandle$Holder.newInvokeSpecial(java.lang.Object, java.lang.Object, int)'> (0x00000007070cf640) 
thrown [s\src\hotspot\share\interpreter\linkResolver.cpp, line 773]
Event: 1.258 Thread 0x0000020b496d3a40 Exception <a 'java/lang/NoSuchMethodError'{0x00000007070d6dd8}: 'void java.lang.invoke.DirectMethodHandle$Holder.invokeVirtual(java.lang.Object, java.lang.Object, int)'> (0x00000007070d6dd8) 
thrown [s\src\hotspot\share\interpreter\linkResolver.cpp, line 773]
Event: 1.308 Thread 0x0000020b496ceb80 Exception <a 'java/lang/NoSuchMethodError'{0x00000007081c05e8}: 'void java.lang.invoke.DirectMethodHandle$Holder.invokeVirtual(java.lang.Object, java.lang.Object, long)'> (0x00000007081c05e8) 
thrown [s\src\hotspot\share\interpreter\linkResolver.cpp, line 773]
Event: 1.316 Thread 0x0000020b496ceb80 Exception <a 'java/lang/NoSuchMethodError'{0x0000000707171948}: 'void java.lang.invoke.DirectMethodHandle$Holder.invokeStatic(java.lang.Object, java.lang.Object, java.lang.Object)'> (0x0000000707171948) 
thrown [s\src\hotspot\share\interpreter\linkResolver.cpp, line 773]
Event: 1.326 Thread 0x0000020b496ceb80 Implicit null exception at 0x0000020b5707ea24 to 0x0000020b5707f100
Event: 1.388 Thread 0x0000020b496d40d0 Exception <a 'java/lang/NoSuchMethodError'{0x0000000706e3fc00}: 'void java.lang.invoke.Invokers$Holder.invokeExact_MT(java.lang.Object, java.lang.Object, java.lang.Object, java.lang.Object)'> (0x0000000706e3fc00) 
thrown [s\src\hotspot\share\interpreter\linkResolver.cpp, line 773]
Event: 1.389 Thread 0x0000020b496d40d0 Exception <a 'java/lang/NoSuchMethodError'{0x0000000706e48ed8}: 'void java.lang.invoke.DelegatingMethodHandle$Holder.reinvoke_L(java.lang.Object, java.lang.Object, int)'> (0x0000000706e48ed8) 
thrown [s\src\hotspot\share\interpreter\linkResolver.cpp, line 773]
Event: 1.389 Thread 0x0000020b496d40d0 Exception <a 'java/lang/NoSuchMethodError'{0x0000000706e4f6e0}: 'void java.lang.invoke.Invokers$Holder.invokeExact_MT(java.lang.Object, java.lang.Object, int, java.lang.Object)'> (0x0000000706e4f6e0) 
thrown [s\src\hotspot\share\interpreter\linkResolver.cpp, line 773]
Event: 7.985 Thread 0x0000020b42fa23b0 Exception <a 'java/lang/NoSuchMethodError'{0x000000070d2fa018}: 'int java.lang.invoke.DirectMethodHandle$Holder.invokeSpecial(java.lang.Object, java.lang.Object, java.lang.Object, int)'> (0x000000070d2fa018) 
thrown [s\src\hotspot\share\interpreter\linkResolver.cpp, line 773]
Event: 7.986 Thread 0x0000020b42fa23b0 Exception <a 'java/lang/NoSuchMethodError'{0x0000000708446380}: 'java.lang.Object java.lang.invoke.DirectMethodHandle$Holder.invokeStatic(java.lang.Object, java.lang.Object, java.lang.Object, java.lang.Object, int)'> (0x0000000708446380) 
thrown [s\src\hotspot\share\interpreter\linkResolver.cpp, line 773]
Event: 7.986 Thread 0x0000020b42fa23b0 Exception <a 'java/lang/NoSuchMethodError'{0x0000000708450b38}: 'java.lang.Object java.lang.invoke.DelegatingMethodHandle$Holder.reinvoke_L(java.lang.Object, int, int, java.lang.Object, java.lang.Object)'> (0x0000000708450b38) 
thrown [s\src\hotspot\share\interpreter\linkResolver.cpp, line 773]

ZGC Phase Switch (0 events):
No events

VM Operations (20 events):
Event: 1.076 Executing VM operation: HandshakeAllThreads (Deoptimize)
Event: 1.076 Executing VM operation: HandshakeAllThreads (Deoptimize) done
Event: 1.148 Executing VM operation: HandshakeAllThreads (Deoptimize)
Event: 1.148 Executing VM operation: HandshakeAllThreads (Deoptimize) done
Event: 1.159 Executing VM operation: HandshakeAllThreads (Deoptimize)
Event: 1.159 Executing VM operation: HandshakeAllThreads (Deoptimize) done
Event: 1.241 Executing VM operation: HandshakeAllThreads (Deoptimize)
Event: 1.241 Executing VM operation: HandshakeAllThreads (Deoptimize) done
Event: 1.319 Executing VM operation: HandshakeAllThreads (Deoptimize)
Event: 1.319 Executing VM operation: HandshakeAllThreads (Deoptimize) done
Event: 1.342 Executing VM operation: HandshakeAllThreads (Deoptimize)
Event: 1.342 Executing VM operation: HandshakeAllThreads (Deoptimize) done
Event: 1.505 Executing VM operation: ICBufferFull
Event: 1.505 Executing VM operation: ICBufferFull done
Event: 1.642 Executing VM operation: G1CollectForAllocation (G1 Evacuation Pause)
Event: 1.653 Executing VM operation: G1CollectForAllocation (G1 Evacuation Pause) done
Event: 2.667 Executing VM operation: Cleanup
Event: 2.667 Executing VM operation: Cleanup done
Event: 8.729 Executing VM operation: Cleanup
Event: 8.729 Executing VM operation: Cleanup done

Memory protections (0 events):
No events

Nmethod flushes (20 events):
Event: 0.924 Thread 0x0000020b48abefd0 flushing  nmethod 0x0000020b4f587d90
Event: 0.924 Thread 0x0000020b48abefd0 flushing  nmethod 0x0000020b4f588110
Event: 0.924 Thread 0x0000020b48abefd0 flushing  nmethod 0x0000020b4f588990
Event: 0.924 Thread 0x0000020b48abefd0 flushing  nmethod 0x0000020b4f589290
Event: 0.924 Thread 0x0000020b48abefd0 flushing  nmethod 0x0000020b4f589690
Event: 0.924 Thread 0x0000020b48abefd0 flushing  nmethod 0x0000020b4f589b90
Event: 0.924 Thread 0x0000020b48abefd0 flushing  nmethod 0x0000020b4f58a490
Event: 0.924 Thread 0x0000020b48abefd0 flushing  nmethod 0x0000020b4f58ae90
Event: 0.924 Thread 0x0000020b48abefd0 flushing  nmethod 0x0000020b4f58b610
Event: 0.924 Thread 0x0000020b48abefd0 flushing  nmethod 0x0000020b4f58bd10
Event: 0.924 Thread 0x0000020b48abefd0 flushing  nmethod 0x0000020b4f596890
Event: 0.924 Thread 0x0000020b48abefd0 flushing  nmethod 0x0000020b4f597c10
Event: 0.924 Thread 0x0000020b48abefd0 flushing  nmethod 0x0000020b4f5aac90
Event: 0.924 Thread 0x0000020b48abefd0 flushing  nmethod 0x0000020b4f5ad790
Event: 0.924 Thread 0x0000020b48abefd0 flushing  nmethod 0x0000020b4f5d3f10
Event: 0.924 Thread 0x0000020b48abefd0 flushing  nmethod 0x0000020b4f5d4390
Event: 0.924 Thread 0x0000020b48abefd0 flushing  nmethod 0x0000020b4f5f2f90
Event: 0.924 Thread 0x0000020b48abefd0 flushing  nmethod 0x0000020b4f604910
Event: 0.924 Thread 0x0000020b48abefd0 flushing  nmethod 0x0000020b4f611190
Event: 0.924 Thread 0x0000020b48abefd0 flushing  nmethod 0x0000020b4f611990

Events (20 events):
Event: 0.093 Thread 0x0000020b42fa23b0 Thread added: 0x0000020b42fa2a40
Event: 0.096 Thread 0x0000020b42fa23b0 Thread added: 0x0000020b496d1970
Event: 0.124 Thread 0x0000020b4282c210 Thread added: 0x0000020b4230a3b0
Event: 0.196 Thread 0x0000020b42fa23b0 Thread added: 0x0000020b496cff30
Event: 0.466 Thread 0x0000020b4282eaf0 Thread added: 0x0000020bab7dbfa0
Event: 1.007 Thread 0x0000020b42fa23b0 Thread added: 0x0000020b496d2d20
Event: 1.007 Thread 0x0000020b42fa23b0 Thread added: 0x0000020b496d12e0
Event: 1.008 Thread 0x0000020b42fa23b0 Thread added: 0x0000020b496d05c0
Event: 1.008 Thread 0x0000020b42fa23b0 Thread added: 0x0000020b496ce4f0
Event: 1.008 Thread 0x0000020b42fa23b0 Thread added: 0x0000020b496d33b0
Event: 1.008 Thread 0x0000020b42fa23b0 Thread added: 0x0000020b496d3a40
Event: 1.009 Thread 0x0000020b42fa23b0 Thread added: 0x0000020b496d40d0
Event: 1.009 Thread 0x0000020b42fa23b0 Thread added: 0x0000020b496ceb80
Event: 1.207 Thread 0x0000020b496d33b0 Thread added: 0x0000020b496cf210
Event: 1.306 Thread 0x0000020bab7dbfa0 Thread exited: 0x0000020bab7dbfa0
Event: 1.432 Thread 0x0000020b4282eaf0 Thread added: 0x0000020babf9aba0
Event: 1.706 Thread 0x0000020babf9aba0 Thread exited: 0x0000020babf9aba0
Event: 2.637 Thread 0x0000020b4230a3b0 Thread exited: 0x0000020b4230a3b0
Event: 2.640 Thread 0x0000020b496d40d0 Thread added: 0x0000020b496cd140
Event: 2.646 Thread 0x0000020b496cd140 Thread added: 0x0000020b496d4760


Dynamic libraries:
0x00007ff7bc1a0000 - 0x00007ff7bc1bb000 	C:\Users\pjoshi11\Anaconda3\envs\py311\python.exe
0x00007ff8c1190000 - 0x00007ff8c1388000 	C:\WINDOWS\SYSTEM32\ntdll.dll
0x00007ff8c1050000 - 0x00007ff8c1112000 	C:\WINDOWS\System32\KERNEL32.DLL
0x00007ff8bea80000 - 0x00007ff8bed77000 	C:\WINDOWS\System32\KERNELBASE.dll
0x00007ff8bee20000 - 0x00007ff8bef20000 	C:\WINDOWS\System32\ucrtbase.dll
0x00007ff89a440000 - 0x00007ff89a45e000 	C:\Users\pjoshi11\Anaconda3\envs\py311\VCRUNTIME140.dll
0x00007ff857270000 - 0x00007ff85787b000 	C:\Users\pjoshi11\Anaconda3\envs\py311\python311.dll
0x00007ff8c0140000 - 0x00007ff8c01ab000 	C:\WINDOWS\System32\WS2_32.dll
0x00007ff8b3130000 - 0x00007ff8b313a000 	C:\WINDOWS\SYSTEM32\VERSION.dll
0x00007ff8c01b0000 - 0x00007ff8c02d6000 	C:\WINDOWS\System32\RPCRT4.dll
0x00007ff8c0310000 - 0x00007ff8c03ae000 	C:\WINDOWS\System32\msvcrt.dll
0x00007ff8be810000 - 0x00007ff8be837000 	C:\WINDOWS\System32\bcrypt.dll
0x00007ff8bf480000 - 0x00007ff8bf531000 	C:\WINDOWS\System32\ADVAPI32.dll
0x00007ff8c0090000 - 0x00007ff8c012f000 	C:\WINDOWS\System32\sechost.dll
0x00007ff899ec0000 - 0x00007ff899eda000 	C:\Users\pjoshi11\Anaconda3\envs\py311\zlib.dll
0x0000020b2ad60000 - 0x0000020b2ad76000 	C:\WINDOWS\System32\umppc20505.dll
0x00007ff8be840000 - 0x00007ff8be8c2000 	C:\WINDOWS\System32\bcryptprimitives.dll
0x0000020b2abf0000 - 0x0000020b2abff000 	C:\Users\pjoshi11\Anaconda3\envs\py311\python3.DLL
0x00007ff895b50000 - 0x00007ff895b5a000 	C:\Users\pjoshi11\Anaconda3\envs\py311\DLLs\_bz2.pyd
0x00007ff8909a0000 - 0x00007ff8909b5000 	C:\Users\pjoshi11\Anaconda3\envs\py311\Library\bin\LIBBZ2.dll
0x00007ff8930b0000 - 0x00007ff8930bd000 	C:\Users\pjoshi11\Anaconda3\envs\py311\DLLs\_lzma.pyd
0x00007ff8846d0000 - 0x00007ff884702000 	C:\Users\pjoshi11\Anaconda3\envs\py311\Library\bin\liblzma.dll
0x00007ff899e20000 - 0x00007ff899e36000 	C:\Users\pjoshi11\Anaconda3\envs\py311\DLLs\_socket.pyd
0x00007ff8bdc30000 - 0x00007ff8bdc6b000 	C:\WINDOWS\SYSTEM32\IPHLPAPI.DLL
0x00007ff89b770000 - 0x00007ff89b779000 	C:\Users\pjoshi11\Anaconda3\envs\py311\DLLs\select.pyd
0x00007ff886b70000 - 0x00007ff886b79000 	C:\Users\pjoshi11\Anaconda3\envs\py311\DLLs\_queue.pyd
0x00007ff884350000 - 0x00007ff884392000 	C:\Users\pjoshi11\Anaconda3\envs\py311\DLLs\_decimal.pyd
0x00007ff899e40000 - 0x00007ff899e60000 	C:\Users\pjoshi11\Anaconda3\envs\py311\DLLs\_ctypes.pyd
0x00007ff8bfca0000 - 0x00007ff8bfdcb000 	C:\WINDOWS\System32\ole32.dll
0x00007ff8c0cf0000 - 0x00007ff8c1043000 	C:\WINDOWS\System32\combase.dll
0x00007ff8c0000000 - 0x00007ff8c002b000 	C:\WINDOWS\System32\GDI32.dll
0x00007ff8bf0f0000 - 0x00007ff8bf112000 	C:\WINDOWS\System32\win32u.dll
0x00007ff8bef20000 - 0x00007ff8bf039000 	C:\WINDOWS\System32\gdi32full.dll
0x00007ff8bed80000 - 0x00007ff8bee1d000 	C:\WINDOWS\System32\msvcp_win.dll
0x00007ff8bf1a0000 - 0x00007ff8bf33d000 	C:\WINDOWS\System32\USER32.dll
0x00007ff8bf540000 - 0x00007ff8bf60d000 	C:\WINDOWS\System32\OLEAUT32.dll
0x00007ff89c530000 - 0x00007ff89c53c000 	C:\Users\pjoshi11\Anaconda3\envs\py311\Library\bin\ffi.dll
0x00007ff8c02e0000 - 0x00007ff8c030f000 	C:\WINDOWS\System32\IMM32.DLL
0x00007ff8c0410000 - 0x00007ff8c0b82000 	C:\WINDOWS\System32\shell32.DLL
0x00007ff886b60000 - 0x00007ff886b70000 	C:\Users\pjoshi11\Anaconda3\envs\py311\DLLs\_hashlib.pyd
0x00007ff856d50000 - 0x00007ff857263000 	C:\Users\pjoshi11\Anaconda3\envs\py311\Library\bin\libcrypto-3-x64.dll
0x00007ff8be920000 - 0x00007ff8bea7d000 	C:\WINDOWS\System32\CRYPT32.dll
0x00007ff884330000 - 0x00007ff88434c000 	C:\Users\pjoshi11\Anaconda3\envs\py311\DLLs\_sqlite3.pyd
0x00007ff860160000 - 0x00007ff8602ce000 	C:\Users\pjoshi11\Anaconda3\envs\py311\Library\bin\sqlite3.dll
0x00007ff884300000 - 0x00007ff88432e000 	C:\Users\pjoshi11\Anaconda3\envs\py311\DLLs\_ssl.pyd
0x00007ff884230000 - 0x00007ff8842f3000 	C:\Users\pjoshi11\Anaconda3\envs\py311\Library\bin\libssl-3-x64.dll
0x00007ff884210000 - 0x00007ff884221000 	C:\Users\pjoshi11\Anaconda3\envs\py311\DLLs\_asyncio.pyd
0x00007ff886b50000 - 0x00007ff886b5e000 	C:\Users\pjoshi11\Anaconda3\envs\py311\DLLs\_overlapped.pyd
0x00007ff8bdfa0000 - 0x00007ff8be00a000 	C:\WINDOWS\system32\mswsock.dll
0x00007ff859b60000 - 0x00007ff859c78000 	C:\Users\pjoshi11\Anaconda3\envs\py311\DLLs\unicodedata.pyd
0x00007ff8913d0000 - 0x00007ff8913d7000 	C:\Users\pjoshi11\Anaconda3\envs\py311\DLLs\_uuid.pyd
0x00007ff89a390000 - 0x00007ff89a3a0000 	C:\Users\pjoshi11\Anaconda3\envs\py311\Lib\site-packages\zmq\backend\cython\_device.cp311-win_amd64.pyd
0x00007ff8845a0000 - 0x00007ff884614000 	C:\Users\pjoshi11\Anaconda3\envs\py311\Library\bin\libzmq-mt-4_3_5.dll
0x00007ff8843a0000 - 0x00007ff88442d000 	C:\Users\pjoshi11\Anaconda3\envs\py311\MSVCP140.dll
0x00007ff89a0f0000 - 0x00007ff89a0fc000 	C:\Users\pjoshi11\Anaconda3\envs\py311\VCRUNTIME140_1.dll
0x00007ff899e00000 - 0x00007ff899e13000 	C:\Users\pjoshi11\Anaconda3\envs\py311\Lib\site-packages\zmq\backend\cython\context.cp311-win_amd64.pyd
0x00007ff8930c0000 - 0x00007ff8930e4000 	C:\Users\pjoshi11\Anaconda3\envs\py311\Lib\site-packages\zmq\backend\cython\socket.cp311-win_amd64.pyd
0x00007ff895d40000 - 0x00007ff895d58000 	C:\Users\pjoshi11\Anaconda3\envs\py311\Lib\site-packages\zmq\backend\cython\message.cp311-win_amd64.pyd
0x00007ff893730000 - 0x00007ff893743000 	C:\Users\pjoshi11\Anaconda3\envs\py311\Lib\site-packages\zmq\backend\cython\_poll.cp311-win_amd64.pyd
0x00007ff899fb0000 - 0x00007ff899fc0000 	C:\Users\pjoshi11\Anaconda3\envs\py311\Lib\site-packages\zmq\backend\cython\_proxy_steerable.cp311-win_amd64.pyd
0x00007ff899df0000 - 0x00007ff899dfc000 	C:\Users\pjoshi11\Anaconda3\envs\py311\Lib\site-packages\zmq\backend\cython\_version.cp311-win_amd64.pyd
0x00007ff895f20000 - 0x00007ff895f2d000 	C:\Users\pjoshi11\Anaconda3\envs\py311\Lib\site-packages\zmq\backend\cython\error.cp311-win_amd64.pyd
0x00007ff895c90000 - 0x00007ff895c9f000 	C:\Users\pjoshi11\Anaconda3\envs\py311\Lib\site-packages\zmq\backend\cython\utils.cp311-win_amd64.pyd
0x00007ff854a60000 - 0x00007ff854f3d000 	C:\Users\pjoshi11\Anaconda3\envs\py311\Lib\site-packages\PyQt5\QtWidgets.pyd
0x00007ff854510000 - 0x00007ff854a5a000 	C:\Users\pjoshi11\Anaconda3\envs\py311\Library\bin\Qt5Widgets_conda.dll
0x00007ff855300000 - 0x00007ff855969000 	C:\Users\pjoshi11\Anaconda3\envs\py311\Library\bin\Qt5Gui_conda.dll
0x00007ff856360000 - 0x00007ff85689d000 	C:\Users\pjoshi11\Anaconda3\envs\py311\Library\bin\Qt5Core_conda.dll
0x00007ff8bba00000 - 0x00007ff8bba9e000 	C:\WINDOWS\SYSTEM32\UxTheme.dll
0x00007ff8bbb40000 - 0x00007ff8bbb6f000 	C:\WINDOWS\SYSTEM32\dwmapi.dll
0x00007ff884130000 - 0x00007ff884139000 	C:\Users\pjoshi11\Anaconda3\envs\py311\MSVCP140_1.dll
0x00007ff8b7720000 - 0x00007ff8b7984000 	C:\WINDOWS\SYSTEM32\d3d11.dll
0x00007ff8bce90000 - 0x00007ff8bcf86000 	C:\WINDOWS\SYSTEM32\dxgi.dll
0x00007ff883450000 - 0x00007ff883484000 	C:\Users\pjoshi11\Anaconda3\envs\py311\Library\bin\libpng16.dll
0x00007ff8a6d00000 - 0x00007ff8a6d1d000 	C:\WINDOWS\SYSTEM32\MPR.dll
0x00007ff8be700000 - 0x00007ff8be72e000 	C:\WINDOWS\SYSTEM32\USERENV.dll
0x00007ff855c20000 - 0x00007ff855feb000 	C:\Users\pjoshi11\Anaconda3\envs\py311\Library\bin\icuin73.dll
0x00007ff855970000 - 0x00007ff855c1a000 	C:\Users\pjoshi11\Anaconda3\envs\py311\Library\bin\icuuc73.dll
0x00007ff874260000 - 0x00007ff874300000 	C:\Users\pjoshi11\Anaconda3\envs\py311\Library\bin\zstd.dll
0x00007ff8a5410000 - 0x00007ff8a5429000 	C:\WINDOWS\SYSTEM32\NETAPI32.dll
0x00007ff8af420000 - 0x00007ff8af447000 	C:\WINDOWS\SYSTEM32\WINMM.dll
0x0000020b2efc0000 - 0x0000020b30e47000 	C:\Users\pjoshi11\Anaconda3\envs\py311\Library\bin\icudt73.dll
0x00007ff8bdd40000 - 0x00007ff8bdd4c000 	C:\WINDOWS\SYSTEM32\NETUTILS.DLL
0x00007ff8bd3d0000 - 0x00007ff8bd3f8000 	C:\WINDOWS\SYSTEM32\SRVCLI.DLL
0x00007ff8be190000 - 0x00007ff8be19c000 	C:\WINDOWS\SYSTEM32\CRYPTBASE.DLL
0x00007ff8834f0000 - 0x00007ff883512000 	C:\Users\pjoshi11\Anaconda3\envs\py311\Lib\site-packages\PyQt5\sip.cp311-win_amd64.pyd
0x00007ff8568a0000 - 0x00007ff856b03000 	C:\Users\pjoshi11\Anaconda3\envs\py311\Lib\site-packages\PyQt5\QtCore.pyd
0x00007ff8560f0000 - 0x00007ff856358000 	C:\Users\pjoshi11\Anaconda3\envs\py311\Lib\site-packages\PyQt5\QtGui.pyd
0x00007ff85a5e0000 - 0x00007ff85a5f1000 	C:\Users\pjoshi11\Anaconda3\envs\py311\DLLs\_tkinter.pyd
0x00007ff84d0f0000 - 0x00007ff84d298000 	C:\Users\pjoshi11\Anaconda3\envs\py311\Library\bin\tcl86t.dll
0x00007ff84cf80000 - 0x00007ff84d0f0000 	C:\Users\pjoshi11\Anaconda3\envs\py311\Library\bin\tk86t.dll
0x00007ff8bf3a0000 - 0x00007ff8bf47a000 	C:\WINDOWS\System32\COMDLG32.dll
0x00007ff8c0b90000 - 0x00007ff8c0c3d000 	C:\WINDOWS\System32\shcore.dll
0x00007ff8bfa90000 - 0x00007ff8bfaeb000 	C:\WINDOWS\System32\SHLWAPI.dll
0x00007ff8a4270000 - 0x00007ff8a450b000 	C:\WINDOWS\WinSxS\amd64_microsoft.windows.common-controls_6595b64144ccf1df_6.0.19041.6926_none_60b5a53971f8f7e6\COMCTL32.dll
0x00007ff8bdd50000 - 0x00007ff8bdd93000 	C:\WINDOWS\SYSTEM32\LOGONCLI.DLL
0x00007ff8a98b0000 - 0x00007ff8a98c9000 	C:\WINDOWS\SYSTEM32\SAMCLI.DLL
0x00007ff853330000 - 0x00007ff853608000 	C:\Users\pjoshi11\Anaconda3\envs\py311\Lib\site-packages\numpy\core\_multiarray_umath.cp311-win_amd64.pyd
0x00007ff83c620000 - 0x00007ff83e6d6000 	C:\Users\pjoshi11\Anaconda3\envs\py311\Lib\site-packages\numpy.libs\libopenblas64__v0.3.23-293-gc2f4bdbb-gcc_10_3_0-2bde3a66a51006b2b53eb373ff767a3f.dll
0x00007ff86ebe0000 - 0x00007ff86ebf4000 	C:\Users\pjoshi11\Anaconda3\envs\py311\Lib\site-packages\numpy\core\_multiarray_tests.cp311-win_amd64.pyd
0x00007ff86e0b0000 - 0x00007ff86e0cd000 	C:\Users\pjoshi11\Anaconda3\envs\py311\Lib\site-packages\numpy\linalg\_umath_linalg.cp311-win_amd64.pyd
0x00007ff86d750000 - 0x00007ff86d76e000 	C:\Users\pjoshi11\Anaconda3\envs\py311\Lib\site-packages\numpy\fft\_pocketfft_internal.cp311-win_amd64.pyd
0x00007ff85ac40000 - 0x00007ff85acd7000 	C:\Users\pjoshi11\Anaconda3\envs\py311\Lib\site-packages\numpy\random\mtrand.cp311-win_amd64.pyd
0x00007ff869bc0000 - 0x00007ff869bec000 	C:\Users\pjoshi11\Anaconda3\envs\py311\Lib\site-packages\numpy\random\bit_generator.cp311-win_amd64.pyd
0x00007ff869210000 - 0x00007ff86923f000 	C:\Users\pjoshi11\Anaconda3\envs\py311\Lib\site-packages\numpy\random\_common.cp311-win_amd64.pyd
0x00007ff861b90000 - 0x00007ff861bd3000 	C:\Users\pjoshi11\Anaconda3\envs\py311\Lib\site-packages\numpy\random\_bounded_integers.cp311-win_amd64.pyd
0x00007ff86d450000 - 0x00007ff86d466000 	C:\Users\pjoshi11\Anaconda3\envs\py311\Lib\site-packages\numpy\random\_mt19937.cp311-win_amd64.pyd
0x00007ff86b8e0000 - 0x00007ff86b8f5000 	C:\Users\pjoshi11\Anaconda3\envs\py311\Lib\site-packages\numpy\random\_philox.cp311-win_amd64.pyd
0x00007ff868fa0000 - 0x00007ff868fb9000 	C:\Users\pjoshi11\Anaconda3\envs\py311\Lib\site-packages\numpy\random\_pcg64.cp311-win_amd64.pyd
0x00007ff8741b0000 - 0x00007ff8741c0000 	C:\Users\pjoshi11\Anaconda3\envs\py311\Lib\site-packages\numpy\random\_sfc64.cp311-win_amd64.pyd
0x00007ff854460000 - 0x00007ff85450f000 	C:\Users\pjoshi11\Anaconda3\envs\py311\Lib\site-packages\numpy\random\_generator.cp311-win_amd64.pyd
0x00007ff866b60000 - 0x00007ff866b6b000 	C:\Users\pjoshi11\Anaconda3\envs\py311\Lib\site-packages\pandas\_libs\pandas_parser.cp311-win_amd64.pyd
0x00007ff8660a0000 - 0x00007ff8660ac000 	C:\Users\pjoshi11\Anaconda3\envs\py311\Lib\site-packages\pandas\_libs\pandas_datetime.cp311-win_amd64.pyd
0x00007ff84ce60000 - 0x00007ff84cf78000 	C:\Users\pjoshi11\Anaconda3\envs\py311\Lib\site-packages\pandas\_libs\interval.cp311-win_amd64.pyd
0x00007ff84cc90000 - 0x00007ff84ce57000 	C:\Users\pjoshi11\Anaconda3\envs\py311\Lib\site-packages\pandas\_libs\hashtable.cp311-win_amd64.pyd
0x00007ff859940000 - 0x00007ff859970000 	C:\Users\pjoshi11\Anaconda3\envs\py311\Lib\site-packages\pandas\_libs\missing.cp311-win_amd64.pyd
0x00007ff855290000 - 0x00007ff8552bd000 	C:\Users\pjoshi11\Anaconda3\envs\py311\Lib\site-packages\pandas\_libs\tslibs\dtypes.cp311-win_amd64.pyd
0x00007ff853280000 - 0x00007ff853295000 	C:\Users\pjoshi11\Anaconda3\envs\py311\Lib\site-packages\pandas\_libs\tslibs\ccalendar.cp311-win_amd64.pyd
0x00007ff853260000 - 0x00007ff853280000 	C:\Users\pjoshi11\Anaconda3\envs\py311\Lib\site-packages\pandas\_libs\tslibs\np_datetime.cp311-win_amd64.pyd
0x00007ff853220000 - 0x00007ff85325c000 	C:\Users\pjoshi11\Anaconda3\envs\py311\Lib\site-packages\pandas\_libs\tslibs\conversion.cp311-win_amd64.pyd
0x00007ff852ab0000 - 0x00007ff852ac1000 	C:\Users\pjoshi11\Anaconda3\envs\py311\Lib\site-packages\pandas\_libs\tslibs\base.cp311-win_amd64.pyd
0x00007ff84e120000 - 0x00007ff84e1fd000 	C:\Users\pjoshi11\Anaconda3\envs\py311\Lib\site-packages\pandas\_libs\tslibs\offsets.cp311-win_amd64.pyd
0x00007ff84cc00000 - 0x00007ff84cc81000 	C:\Users\pjoshi11\Anaconda3\envs\py311\Lib\site-packages\pandas\_libs\tslibs\timestamps.cp311-win_amd64.pyd
0x00007ff8511a0000 - 0x00007ff8511d5000 	C:\Users\pjoshi11\Anaconda3\envs\py311\Lib\site-packages\pandas\_libs\tslibs\nattype.cp311-win_amd64.pyd
0x00007ff84cb80000 - 0x00007ff84cbf8000 	C:\Users\pjoshi11\Anaconda3\envs\py311\Lib\site-packages\pandas\_libs\tslibs\timedeltas.cp311-win_amd64.pyd
0x00007ff851160000 - 0x00007ff85119a000 	C:\Users\pjoshi11\Anaconda3\envs\py311\Lib\site-packages\pandas\_libs\tslibs\timezones.cp311-win_amd64.pyd
0x00007ff865d00000 - 0x00007ff865d0d000 	C:\Users\pjoshi11\Anaconda3\envs\py311\DLLs\_zoneinfo.pyd
0x0000020b30f90000 - 0x0000020b30f93000 	C:\WINDOWS\SYSTEM32\tzres.dll
0x00007ff84cb30000 - 0x00007ff84cb76000 	C:\Users\pjoshi11\Anaconda3\envs\py311\Lib\site-packages\pandas\_libs\tslibs\fields.cp311-win_amd64.pyd

dbghelp: loaded successfully - version: 4.0.5 - missing functions: none
symbol engine: initialized successfully - sym options: 0x614 - pdb path: .;C:\Users\pjoshi11\Anaconda3\envs\py311;C:\WINDOWS\SYSTEM32;C:\Users\pjoshi11\Anaconda3\envs\py311\DLLs;C:\Users\pjoshi11\Anaconda3\envs\py311\Library\bin;C:\Users\pjoshi11\Anaconda3\envs\py311\Lib\site-packages\zmq\backend\cython;C:\Users\pjoshi11\Anaconda3\envs\py311\Lib\site-packages\PyQt5;C:\WINDOWS\WinSxS\amd64_microsoft.windows.common-controls_6595b64144ccf1df_6.0.19041.6926_none_60b5a53971f8f7e6;C:\Users\pjoshi11\Anaconda3\envs\py311\Lib\site-packages\numpy\core;C:\Users\pjoshi11\Anaconda3\envs\py311\Lib\site-packages\numpy.libs;C:\Users\pjoshi11\Anaconda3\envs\py311\Lib\site-packages\numpy\linalg;C:\Users\pjoshi11\Anaconda3\envs\py311\Lib\site-packages\numpy\fft;C:\Users\pjoshi11\Anaconda3\envs\py311\Lib\site-packages\numpy\random;C:\Users\pjoshi11\Anaconda3\envs\py311\Lib\site-packages\pandas\_libs;C:\Users\pjoshi11\Anaconda3\envs\py311\Lib\site-packages\pandas\_libs\tslibs;C:\Users\pjoshi11\Anaconda3\envs\py311\Lib\site-packages\pandas\_libs\window;C:\Users\pjoshi11\Anaconda3\envs\py311\Lib\site-packages\pandas.libs;C:\Users\pjoshi11\Anaconda3\envs\py311\Lib\site-packages\tornado;C:\Users\pjoshi11\Anaconda3\envs\py311\Lib\site-packages\psutil;C:\Users\pjoshi11\AppData\Roaming\Python\Python311\site-packages\matplotlib;C:\Users\pjoshi11\Anaconda3\envs\py311\Lib\site-packages\PIL;C:\Users\pjoshi11\Anaconda3\envs\py311\Lib\site-packages\kiwisolver;C:\Users\pjoshi11\AppData\Roaming\Python\Python311\site-packages\matplotlib\backends;C:\Users\pjoshi11\Anaconda3\envs\py311\Lib\site-packages\debugpy\_vendored\pydevd\_pydevd_bundle;C:\Users\pjoshi11\Anaconda3\envs\py311\Lib\site-packages\fontTools\misc;C:\Users\pjoshi11\Anaconda3\envs\py311\Lib\site-packages\fontTools\varLib;C:\Users\pjoshi11\Anaconda3\envs\py311\Lib\site-packages;C:\Program Files\COMSOL\COMSOL64\Multiphysics\java\win64\jre\bin\server;C:\Program Files\COMSOL\COMSOL64\Multiphysics\java\win64\jre\bin;C:\Program Files\National Instruments\Shared\mDNS Responder

VM Arguments:
java_command: <unknown>
java_class_path (initial): C:\Program Files\COMSOL\COMSOL64\Multiphysics\apiplugins\com.comsol.api_1.0.0.jar;C:\Program Files\COMSOL\COMSOL64\Multiphysics\apiplugins\com.comsol.clientapi_1.0.0.jar;C:\Program Files\COMSOL\COMSOL64\Multiphysics\apiplugins\com.comsol.client_1.0.0.jar;C:\Program Files\COMSOL\COMSOL64\Multiphysics\apiplugins\com.comsol.communication_1.0.0.jar;C:\Program Files\COMSOL\COMSOL64\Multiphysics\apiplugins\com.comsol.doc_1.0.0.jar;C:\Program Files\COMSOL\COMSOL64\Multiphysics\apiplugins\com.comsol.nativebasicutil_1.0.0.jar;C:\Program Files\COMSOL\COMSOL64\Multiphysics\apiplugins\com.comsol.nativejni_1.0.0.jar;C:\Program Files\COMSOL\COMSOL64\Multiphysics\apiplugins\com.comsol.resources_1.0.0.jar;C:\Program Files\COMSOL\COMSOL64\Multiphysics\apiplugins\com.comsol.security_1.0.0.jar;C:\Program Files\COMSOL\COMSOL64\Multiphysics\apiplugins\com.comsol.systemutils_1.0.0.jar;C:\Program Files\COMSOL\COMSOL64\Multiphysics\apiplugins\com.comsol.util_1.0.0.jar;C:\Program Files\COMSOL\COMSOL64\Multiphysics\apiplugins\javax.websocket-1.0.0.v20140310-1603.jar;C:\Program Files\COMSOL\COMSOL64\Multiphysics\apiplugins\org.eclipse.core.contenttype_3.7.600.v20200124-1609.jar;C:\Program Files\COMSOL\COMSOL64\Multiphysics\apiplugins\org.eclipse.core.jobs_3.10.700.v20200106-1020.jar;C:\Program Files\COMSOL\COMSOL64\Multiphysics\apiplugins\org.eclipse.core.runtime_3.17.100.v20200203-0917.jar;C:\Program Files\COMSOL\COMSOL64\Multiphysics\apiplugins\org.eclipse.emf.common_2.18.0.v20191225-1014.jar;C:\Program Files\COMSOL\COMSOL64\Multiphysics\apiplugins\org.eclipse.emf.ecore.xmi_2.16.0.v20190528-0725.jar;C:\Program Files\COMSOL\COMSOL64\Multiphysics\apiplugins\org.eclipse.emf.ecore_2.21.0.v20200127-1342.jar;C:\Program Files\COMSOL\COMSOL64\Multiphysics\apiplugins\org.eclipse.equinox.app_1.4.400.v20191212-0743.jar;C:\Program Files\COMSOL\COMSOL64\Multiphysics\apiplugins\org.eclipse.equinox.common_3.11.0.v20200206-0817.jar;C:\Program Files\COMSOL\COMSOL64\Multiphysics\apiplugins\org.eclipse.equinox.preferences_3.7.700.v20191213-1901.jar;C:\Program Files\COMSOL\COMSOL64\Multiphysics\apiplugins\org.eclipse.equinox.registry_3.8.700.v20200121-1457.jar;C:\Program Files\COMSOL\COMSOL64\Multiphysics\apiplugins\org.eclipse.jetty.jetty-client-9.4.58.v20250814.jar;C:\Program Files\COMSOL\COMSOL64\Multiphysics\apiplugins\org.eclipse.jetty.jetty-http-9.4.58.v20250814.jar;C:\Program Files\COMSOL\COMSOL64\Multiphysics\apiplugins\org.eclipse.jetty.jetty-io-9.4.58.v20250814.jar;C:\Program Files\COMSOL\COMSOL64\Multiphysics\apiplugins\org.eclipse.jetty.jetty-util-9.4.58.v20250814.jar;C:\Program Files\COMSOL\COMSOL64\Multiphysics\apiplugins\org.eclipse.jetty.jetty-util-ajax-9.4.58.v20250814.jar;C:\Program Files\COMSOL\COMSOL64\Multiphysics\apiplugins\org.eclipse.jetty.websocket.javax-websocket-client-impl-9.4.58.v20250814.jar;C:\Program Files\COMSOL\COMSOL64\Multiphysics\apiplugins\org.eclipse.jetty.websocket.websocket-api-9.4.58.v20250814.jar;C:\Program Files\COMSOL\COMSOL64\Multiphysics\apiplugins\org.eclipse.jetty.websocket.websocket-client-9.4.58.v20250814.jar;C:\Program Files\COMSOL\COMSOL64\Multiphysics\apiplugins\org.eclipse.jetty.websocket.websocket-common-9.4.58.v20250814.jar;C:\Program Files\COMSOL\COMSOL64\Multiphysics\apiplugins\org.eclipse.osgi.services_3.8.0.v20190206-2147.jar;C:\Program Files\COMSOL\COMSOL64\Multiphysics\apiplugins\org.eclipse.osgi.util_3.5.300.v20190708-1141.jar;C:\Program Files\COMSOL\COMSOL64\Multiphysics\apiplugins\org.eclipse.osgi_3.15.200.v20200214-1600.jar;C:\Program Files\COMSOL\COMSOL64\Multiphysics\apiplugins\truezip-6.jar;C:\Users\pjoshi11\Anaconda3\envs\py311\Lib\site-packages\org.jpype.jar
Launcher Type: generic

[Global flags]
     intx CICompilerCount                          = 4                                         {product} {ergonomic}
     uint ConcGCThreads                            = 2                                         {product} {ergonomic}
     uint G1ConcRefinementThreads                  = 8                                         {product} {ergonomic}
   size_t G1HeapRegionSize                         = 2097152                                   {product} {ergonomic}
    uintx GCDrainStackTargetSize                   = 64                                        {product} {ergonomic}
   size_t InitialHeapSize                          = 264241152                                 {product} {ergonomic}
   size_t MarkStackSize                            = 4194304                                   {product} {ergonomic}
   size_t MaxHeapSize                              = 4223664128                                {product} {ergonomic}
   size_t MaxNewSize                               = 2533359616                                {product} {ergonomic}
   size_t MinHeapDeltaBytes                        = 2097152                                   {product} {ergonomic}
   size_t MinHeapSize                              = 8388608                                   {product} {ergonomic}
    uintx NonNMethodCodeHeapSize                   = 5839372                                {pd product} {ergonomic}
    uintx NonProfiledCodeHeapSize                  = 122909434                              {pd product} {ergonomic}
    uintx ProfiledCodeHeapSize                     = 122909434                              {pd product} {ergonomic}
    uintx ReservedCodeCacheSize                    = 251658240                              {pd product} {ergonomic}
     bool SegmentedCodeCache                       = true                                      {product} {ergonomic}
   size_t SoftMaxHeapSize                          = 4223664128                             {manageable} {ergonomic}
     bool UseCompressedOops                        = true                           {product lp64_product} {ergonomic}
     bool UseG1GC                                  = true                                      {product} {ergonomic}
     bool UseLargePagesIndividualAllocation        = false                                  {pd product} {ergonomic}

Logging:
Log output configuration:
 #0: stdout all=warning uptime,level,tags foldmultilines=false
 #1: stderr all=off uptime,level,tags foldmultilines=false

Environment Variables:
PATH=C:\Program Files\COMSOL\COMSOL64\Multiphysics\java\win64\jre\bin;C:\Users\pjoshi11\Anaconda3\envs\py311;C:\Users\pjoshi11\Anaconda3\envs\py311\Library\mingw-w64\bin;C:\Users\pjoshi11\Anaconda3\envs\py311\Library\usr\bin;C:\Users\pjoshi11\Anaconda3\envs\py311\Library\bin;C:\Users\pjoshi11\Anaconda3\envs\py311\Scripts;C:\Users\pjoshi11\Anaconda3\envs\py311\bin;C:\Users\pjoshi11\Anaconda3\condabin;C:\Users\pjoshi11\Anaconda3\envs\py311;C:\Users\pjoshi11\Anaconda3\envs\py311\Library\mingw-w64\bin;C:\Users\pjoshi11\Anaconda3\envs\py311\Library\usr\bin;C:\Users\pjoshi11\Anaconda3\envs\py311\Library\bin;C:\Users\pjoshi11\Anaconda3\envs\py311\Scripts;C:\WINDOWS\system32;C:\WINDOWS;C:\WINDOWS\System32\Wbem;C:\WINDOWS\System32\WindowsPowerShell\v1.0;C:\WINDOWS\System32\OpenSSH;C:\Program Files\FLIR Systems\Spinnaker\bin64\vs2015;C:\Program Files\FLIR Systems\Spinnaker\bin\vs2015;C:\Program Files (x86)\IVI Foundation\VISA\WinNT\Bin;C:\Program Files (x86)\IVI Foundation\VISA\WinNT\Bin;C:\Program Files\IVI Foundation\VISA\Win64\Bin;C:\Program Files\dotnet;C:\Windows\System32;C:\Users\pjoshi11\AppData\Local\Microsoft\WindowsApps;C:\Users\pjoshi11\AppData\Local\GitHubDesktop\bin
USERNAME=pjoshi11
LANG=en
TERM=xterm-color
OS=Windows_NT
PROCESSOR_IDENTIFIER=Intel64 Family 6 Model 140 Stepping 1, GenuineIntel
TMP=C:\Users\pjoshi11\AppData\Local\Temp
TEMP=C:\Users\pjoshi11\AppData\Local\Temp




Periodic native trim disabled

---------------  S Y S T E M  ---------------

OS:
 Windows 10 , 64 bit Build 19041 (10.0.19041.6807)
OS uptime: 5 days 19:37 hours

CPU: total 8 (initial active 8) (4 cores per cpu, 2 threads per core) family 6 model 140 stepping 1 microcode 0x9c, cx8, cmov, fxsr, ht, mmx, 3dnowpref, sse, sse2, sse3, ssse3, sse4.1, sse4.2, popcnt, lzcnt, tsc, tscinvbit, avx, avx2, aes, erms, clmul, bmi1, bmi2, adx, avx512f, avx512dq, avx512cd, avx512bw, avx512vl, sha, fma, vzeroupper, avx512_vpopcntdq, avx512_vpclmulqdq, avx512_vaes, avx512_vnni, clflush, clflushopt, clwb, avx512_vbmi2, avx512_vbmi, rdtscp, rdpid, fsrm, gfni, avx512_bitalg, f16c, pku, cet_ibt, cet_ss, avx512_ifma
Processor Information for the first 8 processors :
  Max Mhz: 1690, Current Mhz: 1690, Mhz Limit: 1690

Memory: 4k page, system-wide physical 16110M (3938M free)
TotalPageFile size 35779M (AvailPageFile size 13434M)
current process WorkingSet (physical memory assigned to process): 300M, peak: 352M
current process commit charge ("private bytes"): 646M, peak: 788M

vm_info: OpenJDK 64-Bit Server VM (21.0.7+6-LTS) for windows-amd64 JRE (21.0.7+6-LTS), built on 2025-04-15T00:00:00Z by "admin" with MS VC++ 17.7 (VS2022)

END.
